[0.066s] DEBUG:colcon:Command line arguments: ['/usr/bin/colcon', 'build', '--symlink-install']
[0.066s] DEBUG:colcon:Parsed command line arguments: Namespace(log_base=None, log_level=None, verb_name='build', build_base='build', install_base='install', merge_install=False, symlink_install=True, test_result_base=None, continue_on_error=False, executor='parallel', parallel_workers=12, event_handlers=None, ignore_user_meta=False, metas=['./colcon.meta'], base_paths=['.'], packages_ignore=None, packages_ignore_regex=None, paths=None, packages_up_to=None, packages_up_to_regex=None, packages_above=None, packages_above_and_dependencies=None, packages_above_depth=None, packages_select_by_dep=None, packages_skip_by_dep=None, packages_skip_up_to=None, packages_select_build_failed=False, packages_skip_build_finished=False, packages_select_test_failures=False, packages_skip_test_passed=False, packages_select=None, packages_skip=None, packages_select_regex=None, packages_skip_regex=None, packages_start=None, packages_end=None, allow_overriding=[], cmake_args=None, cmake_target=None, cmake_target_skip_unavailable=False, cmake_clean_cache=False, cmake_clean_first=False, cmake_force_configure=False, ament_cmake_args=None, catkin_cmake_args=None, catkin_skip_building_tests=False, mixin_files=None, mixin=None, verb_parser=<colcon_mixin.mixin.mixin_argument.MixinArgumentDecorator object at 0x79d8b07a1b10>, verb_extension=<colcon_core.verb.build.BuildVerb object at 0x79d8b07a15a0>, main=<bound method BuildVerb.main of <colcon_core.verb.build.BuildVerb object at 0x79d8b07a15a0>>, mixin_verb=('build',))
[0.189s] Level 1:colcon.colcon_core.package_discovery:discover_packages(colcon_meta) check parameters
[0.189s] Level 1:colcon.colcon_core.package_discovery:discover_packages(recursive) check parameters
[0.189s] Level 1:colcon.colcon_core.package_discovery:discover_packages(ignore) check parameters
[0.190s] Level 1:colcon.colcon_core.package_discovery:discover_packages(path) check parameters
[0.190s] Level 1:colcon.colcon_core.package_discovery:discover_packages(colcon_meta) discover
[0.190s] Level 1:colcon.colcon_core.package_discovery:discover_packages(recursive) discover
[0.190s] INFO:colcon.colcon_core.package_discovery:Crawling recursively for packages in '/home/shihab/MARS PROJECT/mars_ws'
[0.190s] Level 1:colcon.colcon_core.package_identification:_identify(.) by extensions ['ignore', 'ignore_ament_install']
[0.190s] Level 1:colcon.colcon_core.package_identification:_identify(.) by extension 'ignore'
[0.190s] Level 1:colcon.colcon_core.package_identification:_identify(.) by extension 'ignore_ament_install'
[0.190s] Level 1:colcon.colcon_core.package_identification:_identify(.) by extensions ['colcon_pkg']
[0.190s] Level 1:colcon.colcon_core.package_identification:_identify(.) by extension 'colcon_pkg'
[0.190s] Level 1:colcon.colcon_core.package_identification:_identify(.) by extensions ['colcon_meta']
[0.190s] Level 1:colcon.colcon_core.package_identification:_identify(.) by extension 'colcon_meta'
[0.190s] Level 1:colcon.colcon_core.package_identification:_identify(.) by extensions ['ros']
[0.190s] Level 1:colcon.colcon_core.package_identification:_identify(.) by extension 'ros'
[0.214s] Level 1:colcon.colcon_core.package_identification:_identify(.) by extensions ['cmake', 'python']
[0.214s] Level 1:colcon.colcon_core.package_identification:_identify(.) by extension 'cmake'
[0.214s] Level 1:colcon.colcon_core.package_identification:_identify(.) by extension 'python'
[0.214s] Level 1:colcon.colcon_core.package_identification:_identify(.) by extensions ['python_setup_py']
[0.214s] Level 1:colcon.colcon_core.package_identification:_identify(.) by extension 'python_setup_py'
[0.214s] Level 1:colcon.colcon_core.package_identification:_identify(build) by extensions ['ignore', 'ignore_ament_install']
[0.214s] Level 1:colcon.colcon_core.package_identification:_identify(build) by extension 'ignore'
[0.214s] Level 1:colcon.colcon_core.package_identification:_identify(build) ignored
[0.214s] Level 1:colcon.colcon_core.package_identification:_identify(install) by extensions ['ignore', 'ignore_ament_install']
[0.214s] Level 1:colcon.colcon_core.package_identification:_identify(install) by extension 'ignore'
[0.214s] Level 1:colcon.colcon_core.package_identification:_identify(install) ignored
[0.214s] Level 1:colcon.colcon_core.package_identification:_identify(log) by extensions ['ignore', 'ignore_ament_install']
[0.214s] Level 1:colcon.colcon_core.package_identification:_identify(log) by extension 'ignore'
[0.214s] Level 1:colcon.colcon_core.package_identification:_identify(log) ignored
[0.214s] Level 1:colcon.colcon_core.package_identification:_identify(src) by extensions ['ignore', 'ignore_ament_install']
[0.214s] Level 1:colcon.colcon_core.package_identification:_identify(src) by extension 'ignore'
[0.214s] Level 1:colcon.colcon_core.package_identification:_identify(src) by extension 'ignore_ament_install'
[0.215s] Level 1:colcon.colcon_core.package_identification:_identify(src) by extensions ['colcon_pkg']
[0.215s] Level 1:colcon.colcon_core.package_identification:_identify(src) by extension 'colcon_pkg'
[0.215s] Level 1:colcon.colcon_core.package_identification:_identify(src) by extensions ['colcon_meta']
[0.215s] Level 1:colcon.colcon_core.package_identification:_identify(src) by extension 'colcon_meta'
[0.215s] Level 1:colcon.colcon_core.package_identification:_identify(src) by extensions ['ros']
[0.215s] Level 1:colcon.colcon_core.package_identification:_identify(src) by extension 'ros'
[0.215s] Level 1:colcon.colcon_core.package_identification:_identify(src) by extensions ['cmake', 'python']
[0.215s] Level 1:colcon.colcon_core.package_identification:_identify(src) by extension 'cmake'
[0.215s] Level 1:colcon.colcon_core.package_identification:_identify(src) by extension 'python'
[0.215s] Level 1:colcon.colcon_core.package_identification:_identify(src) by extensions ['python_setup_py']
[0.215s] Level 1:colcon.colcon_core.package_identification:_identify(src) by extension 'python_setup_py'
[0.215s] Level 1:colcon.colcon_core.package_identification:_identify(src/mars_bringup) by extensions ['ignore', 'ignore_ament_install']
[0.215s] Level 1:colcon.colcon_core.package_identification:_identify(src/mars_bringup) by extension 'ignore'
[0.215s] Level 1:colcon.colcon_core.package_identification:_identify(src/mars_bringup) by extension 'ignore_ament_install'
[0.215s] Level 1:colcon.colcon_core.package_identification:_identify(src/mars_bringup) by extensions ['colcon_pkg']
[0.215s] Level 1:colcon.colcon_core.package_identification:_identify(src/mars_bringup) by extension 'colcon_pkg'
[0.215s] Level 1:colcon.colcon_core.package_identification:_identify(src/mars_bringup) by extensions ['colcon_meta']
[0.215s] Level 1:colcon.colcon_core.package_identification:_identify(src/mars_bringup) by extension 'colcon_meta'
[0.215s] Level 1:colcon.colcon_core.package_identification:_identify(src/mars_bringup) by extensions ['ros']
[0.215s] Level 1:colcon.colcon_core.package_identification:_identify(src/mars_bringup) by extension 'ros'
[0.216s] DEBUG:colcon.colcon_core.package_identification:Package 'src/mars_bringup' with type 'ros.ament_cmake' and name 'mars_bringup'
[0.217s] Level 1:colcon.colcon_core.package_identification:_identify(src/mars_drone_description) by extensions ['ignore', 'ignore_ament_install']
[0.217s] Level 1:colcon.colcon_core.package_identification:_identify(src/mars_drone_description) by extension 'ignore'
[0.217s] Level 1:colcon.colcon_core.package_identification:_identify(src/mars_drone_description) by extension 'ignore_ament_install'
[0.217s] Level 1:colcon.colcon_core.package_identification:_identify(src/mars_drone_description) by extensions ['colcon_pkg']
[0.217s] Level 1:colcon.colcon_core.package_identification:_identify(src/mars_drone_description) by extension 'colcon_pkg'
[0.217s] Level 1:colcon.colcon_core.package_identification:_identify(src/mars_drone_description) by extensions ['colcon_meta']
[0.217s] Level 1:colcon.colcon_core.package_identification:_identify(src/mars_drone_description) by extension 'colcon_meta'
[0.217s] Level 1:colcon.colcon_core.package_identification:_identify(src/mars_drone_description) by extensions ['ros']
[0.217s] Level 1:colcon.colcon_core.package_identification:_identify(src/mars_drone_description) by extension 'ros'
[0.217s] DEBUG:colcon.colcon_core.package_identification:Package 'src/mars_drone_description' with type 'ros.ament_cmake' and name 'mars_drone_description'
[0.217s] Level 1:colcon.colcon_core.package_identification:_identify(src/mars_gui) by extensions ['ignore', 'ignore_ament_install']
[0.217s] Level 1:colcon.colcon_core.package_identification:_identify(src/mars_gui) by extension 'ignore'
[0.217s] Level 1:colcon.colcon_core.package_identification:_identify(src/mars_gui) by extension 'ignore_ament_install'
[0.217s] Level 1:colcon.colcon_core.package_identification:_identify(src/mars_gui) by extensions ['colcon_pkg']
[0.217s] Level 1:colcon.colcon_core.package_identification:_identify(src/mars_gui) by extension 'colcon_pkg'
[0.217s] Level 1:colcon.colcon_core.package_identification:_identify(src/mars_gui) by extensions ['colcon_meta']
[0.217s] Level 1:colcon.colcon_core.package_identification:_identify(src/mars_gui) by extension 'colcon_meta'
[0.217s] Level 1:colcon.colcon_core.package_identification:_identify(src/mars_gui) by extensions ['ros']
[0.217s] Level 1:colcon.colcon_core.package_identification:_identify(src/mars_gui) by extension 'ros'
[0.218s] DEBUG:colcon.colcon_core.package_identification:Package 'src/mars_gui' with type 'ros.ament_python' and name 'mars_gui'
[0.218s] Level 1:colcon.colcon_core.package_identification:_identify(src/mars_mission_manager) by extensions ['ignore', 'ignore_ament_install']
[0.218s] Level 1:colcon.colcon_core.package_identification:_identify(src/mars_mission_manager) by extension 'ignore'
[0.218s] Level 1:colcon.colcon_core.package_identification:_identify(src/mars_mission_manager) by extension 'ignore_ament_install'
[0.218s] Level 1:colcon.colcon_core.package_identification:_identify(src/mars_mission_manager) by extensions ['colcon_pkg']
[0.218s] Level 1:colcon.colcon_core.package_identification:_identify(src/mars_mission_manager) by extension 'colcon_pkg'
[0.218s] Level 1:colcon.colcon_core.package_identification:_identify(src/mars_mission_manager) by extensions ['colcon_meta']
[0.218s] Level 1:colcon.colcon_core.package_identification:_identify(src/mars_mission_manager) by extension 'colcon_meta'
[0.218s] Level 1:colcon.colcon_core.package_identification:_identify(src/mars_mission_manager) by extensions ['ros']
[0.218s] Level 1:colcon.colcon_core.package_identification:_identify(src/mars_mission_manager) by extension 'ros'
[0.219s] DEBUG:colcon.colcon_core.package_identification:Package 'src/mars_mission_manager' with type 'ros.ament_python' and name 'mars_mission_manager'
[0.219s] Level 1:colcon.colcon_core.package_identification:_identify(src/mars_world) by extensions ['ignore', 'ignore_ament_install']
[0.219s] Level 1:colcon.colcon_core.package_identification:_identify(src/mars_world) by extension 'ignore'
[0.219s] Level 1:colcon.colcon_core.package_identification:_identify(src/mars_world) by extension 'ignore_ament_install'
[0.219s] Level 1:colcon.colcon_core.package_identification:_identify(src/mars_world) by extensions ['colcon_pkg']
[0.219s] Level 1:colcon.colcon_core.package_identification:_identify(src/mars_world) by extension 'colcon_pkg'
[0.219s] Level 1:colcon.colcon_core.package_identification:_identify(src/mars_world) by extensions ['colcon_meta']
[0.219s] Level 1:colcon.colcon_core.package_identification:_identify(src/mars_world) by extension 'colcon_meta'
[0.219s] Level 1:colcon.colcon_core.package_identification:_identify(src/mars_world) by extensions ['ros']
[0.219s] Level 1:colcon.colcon_core.package_identification:_identify(src/mars_world) by extension 'ros'
[0.219s] DEBUG:colcon.colcon_core.package_identification:Package 'src/mars_world' with type 'ros.ament_cmake' and name 'mars_world'
[0.219s] Level 1:colcon.colcon_core.package_discovery:discover_packages(recursive) using defaults
[0.219s] Level 1:colcon.colcon_core.package_discovery:discover_packages(ignore) discover
[0.219s] Level 1:colcon.colcon_core.package_discovery:discover_packages(ignore) using defaults
[0.219s] Level 1:colcon.colcon_core.package_discovery:discover_packages(path) discover
[0.219s] Level 1:colcon.colcon_core.package_discovery:discover_packages(path) using defaults
[0.233s] Level 1:colcon.colcon_core.package_discovery:discover_packages(prefix_path) check parameters
[0.233s] Level 1:colcon.colcon_core.package_discovery:discover_packages(prefix_path) discover
[0.234s] DEBUG:colcon.colcon_installed_package_information.package_discovery:Found 16 installed packages in /home/shihab/turtlebot3_ws/install
[0.235s] DEBUG:colcon.colcon_installed_package_information.package_discovery:Found 477 installed packages in /opt/ros/humble
[0.237s] Level 1:colcon.colcon_core.package_discovery:discover_packages(prefix_path) using defaults
[0.268s] Level 5:colcon.colcon_core.verb:set package 'mars_drone_description' build argument 'cmake_args' from command line to 'None'
[0.268s] Level 5:colcon.colcon_core.verb:set package 'mars_drone_description' build argument 'cmake_target' from command line to 'None'
[0.268s] Level 5:colcon.colcon_core.verb:set package 'mars_drone_description' build argument 'cmake_target_skip_unavailable' from command line to 'False'
[0.268s] Level 5:colcon.colcon_core.verb:set package 'mars_drone_description' build argument 'cmake_clean_cache' from command line to 'False'
[0.269s] Level 5:colcon.colcon_core.verb:set package 'mars_drone_description' build argument 'cmake_clean_first' from command line to 'False'
[0.269s] Level 5:colcon.colcon_core.verb:set package 'mars_drone_description' build argument 'cmake_force_configure' from command line to 'False'
[0.269s] Level 5:colcon.colcon_core.verb:set package 'mars_drone_description' build argument 'ament_cmake_args' from command line to 'None'
[0.269s] Level 5:colcon.colcon_core.verb:set package 'mars_drone_description' build argument 'catkin_cmake_args' from command line to 'None'
[0.269s] Level 5:colcon.colcon_core.verb:set package 'mars_drone_description' build argument 'catkin_skip_building_tests' from command line to 'False'
[0.269s] DEBUG:colcon.colcon_core.verb:Building package 'mars_drone_description' with the following arguments: {'ament_cmake_args': None, 'build_base': '/home/shihab/MARS PROJECT/mars_ws/build/mars_drone_description', 'catkin_cmake_args': None, 'catkin_skip_building_tests': False, 'cmake_args': None, 'cmake_clean_cache': False, 'cmake_clean_first': False, 'cmake_force_configure': False, 'cmake_target': None, 'cmake_target_skip_unavailable': False, 'install_base': '/home/shihab/MARS PROJECT/mars_ws/install/mars_drone_description', 'merge_install': False, 'path': '/home/shihab/MARS PROJECT/mars_ws/src/mars_drone_description', 'symlink_install': True, 'test_result_base': None}
[0.269s] Level 5:colcon.colcon_core.verb:set package 'mars_gui' build argument 'cmake_args' from command line to 'None'
[0.269s] Level 5:colcon.colcon_core.verb:set package 'mars_gui' build argument 'cmake_target' from command line to 'None'
[0.269s] Level 5:colcon.colcon_core.verb:set package 'mars_gui' build argument 'cmake_target_skip_unavailable' from command line to 'False'
[0.269s] Level 5:colcon.colcon_core.verb:set package 'mars_gui' build argument 'cmake_clean_cache' from command line to 'False'
[0.269s] Level 5:colcon.colcon_core.verb:set package 'mars_gui' build argument 'cmake_clean_first' from command line to 'False'
[0.269s] Level 5:colcon.colcon_core.verb:set package 'mars_gui' build argument 'cmake_force_configure' from command line to 'False'
[0.269s] Level 5:colcon.colcon_core.verb:set package 'mars_gui' build argument 'ament_cmake_args' from command line to 'None'
[0.269s] Level 5:colcon.colcon_core.verb:set package 'mars_gui' build argument 'catkin_cmake_args' from command line to 'None'
[0.269s] Level 5:colcon.colcon_core.verb:set package 'mars_gui' build argument 'catkin_skip_building_tests' from command line to 'False'
[0.269s] DEBUG:colcon.colcon_core.verb:Building package 'mars_gui' with the following arguments: {'ament_cmake_args': None, 'build_base': '/home/shihab/MARS PROJECT/mars_ws/build/mars_gui', 'catkin_cmake_args': None, 'catkin_skip_building_tests': False, 'cmake_args': None, 'cmake_clean_cache': False, 'cmake_clean_first': False, 'cmake_force_configure': False, 'cmake_target': None, 'cmake_target_skip_unavailable': False, 'install_base': '/home/shihab/MARS PROJECT/mars_ws/install/mars_gui', 'merge_install': False, 'path': '/home/shihab/MARS PROJECT/mars_ws/src/mars_gui', 'symlink_install': True, 'test_result_base': None}
[0.269s] Level 5:colcon.colcon_core.verb:set package 'mars_mission_manager' build argument 'cmake_args' from command line to 'None'
[0.269s] Level 5:colcon.colcon_core.verb:set package 'mars_mission_manager' build argument 'cmake_target' from command line to 'None'
[0.269s] Level 5:colcon.colcon_core.verb:set package 'mars_mission_manager' build argument 'cmake_target_skip_unavailable' from command line to 'False'
[0.269s] Level 5:colcon.colcon_core.verb:set package 'mars_mission_manager' build argument 'cmake_clean_cache' from command line to 'False'
[0.269s] Level 5:colcon.colcon_core.verb:set package 'mars_mission_manager' build argument 'cmake_clean_first' from command line to 'False'
[0.269s] Level 5:colcon.colcon_core.verb:set package 'mars_mission_manager' build argument 'cmake_force_configure' from command line to 'False'
[0.269s] Level 5:colcon.colcon_core.verb:set package 'mars_mission_manager' build argument 'ament_cmake_args' from command line to 'None'
[0.269s] Level 5:colcon.colcon_core.verb:set package 'mars_mission_manager' build argument 'catkin_cmake_args' from command line to 'None'
[0.269s] Level 5:colcon.colcon_core.verb:set package 'mars_mission_manager' build argument 'catkin_skip_building_tests' from command line to 'False'
[0.269s] DEBUG:colcon.colcon_core.verb:Building package 'mars_mission_manager' with the following arguments: {'ament_cmake_args': None, 'build_base': '/home/shihab/MARS PROJECT/mars_ws/build/mars_mission_manager', 'catkin_cmake_args': None, 'catkin_skip_building_tests': False, 'cmake_args': None, 'cmake_clean_cache': False, 'cmake_clean_first': False, 'cmake_force_configure': False, 'cmake_target': None, 'cmake_target_skip_unavailable': False, 'install_base': '/home/shihab/MARS PROJECT/mars_ws/install/mars_mission_manager', 'merge_install': False, 'path': '/home/shihab/MARS PROJECT/mars_ws/src/mars_mission_manager', 'symlink_install': True, 'test_result_base': None}
[0.269s] Level 5:colcon.colcon_core.verb:set package 'mars_world' build argument 'cmake_args' from command line to 'None'
[0.269s] Level 5:colcon.colcon_core.verb:set package 'mars_world' build argument 'cmake_target' from command line to 'None'
[0.269s] Level 5:colcon.colcon_core.verb:set package 'mars_world' build argument 'cmake_target_skip_unavailable' from command line to 'False'
[0.269s] Level 5:colcon.colcon_core.verb:set package 'mars_world' build argument 'cmake_clean_cache' from command line to 'False'
[0.269s] Level 5:colcon.colcon_core.verb:set package 'mars_world' build argument 'cmake_clean_first' from command line to 'False'
[0.269s] Level 5:colcon.colcon_core.verb:set package 'mars_world' build argument 'cmake_force_configure' from command line to 'False'
[0.269s] Level 5:colcon.colcon_core.verb:set package 'mars_world' build argument 'ament_cmake_args' from command line to 'None'
[0.269s] Level 5:colcon.colcon_core.verb:set package 'mars_world' build argument 'catkin_cmake_args' from command line to 'None'
[0.269s] Level 5:colcon.colcon_core.verb:set package 'mars_world' build argument 'catkin_skip_building_tests' from command line to 'False'
[0.269s] DEBUG:colcon.colcon_core.verb:Building package 'mars_world' with the following arguments: {'ament_cmake_args': None, 'build_base': '/home/shihab/MARS PROJECT/mars_ws/build/mars_world', 'catkin_cmake_args': None, 'catkin_skip_building_tests': False, 'cmake_args': None, 'cmake_clean_cache': False, 'cmake_clean_first': False, 'cmake_force_configure': False, 'cmake_target': None, 'cmake_target_skip_unavailable': False, 'install_base': '/home/shihab/MARS PROJECT/mars_ws/install/mars_world', 'merge_install': False, 'path': '/home/shihab/MARS PROJECT/mars_ws/src/mars_world', 'symlink_install': True, 'test_result_base': None}
[0.270s] Level 5:colcon.colcon_core.verb:set package 'mars_bringup' build argument 'cmake_args' from command line to 'None'
[0.270s] Level 5:colcon.colcon_core.verb:set package 'mars_bringup' build argument 'cmake_target' from command line to 'None'
[0.270s] Level 5:colcon.colcon_core.verb:set package 'mars_bringup' build argument 'cmake_target_skip_unavailable' from command line to 'False'
[0.270s] Level 5:colcon.colcon_core.verb:set package 'mars_bringup' build argument 'cmake_clean_cache' from command line to 'False'
[0.270s] Level 5:colcon.colcon_core.verb:set package 'mars_bringup' build argument 'cmake_clean_first' from command line to 'False'
[0.270s] Level 5:colcon.colcon_core.verb:set package 'mars_bringup' build argument 'cmake_force_configure' from command line to 'False'
[0.270s] Level 5:colcon.colcon_core.verb:set package 'mars_bringup' build argument 'ament_cmake_args' from command line to 'None'
[0.270s] Level 5:colcon.colcon_core.verb:set package 'mars_bringup' build argument 'catkin_cmake_args' from command line to 'None'
[0.270s] Level 5:colcon.colcon_core.verb:set package 'mars_bringup' build argument 'catkin_skip_building_tests' from command line to 'False'
[0.270s] DEBUG:colcon.colcon_core.verb:Building package 'mars_bringup' with the following arguments: {'ament_cmake_args': None, 'build_base': '/home/shihab/MARS PROJECT/mars_ws/build/mars_bringup', 'catkin_cmake_args': None, 'catkin_skip_building_tests': False, 'cmake_args': None, 'cmake_clean_cache': False, 'cmake_clean_first': False, 'cmake_force_configure': False, 'cmake_target': None, 'cmake_target_skip_unavailable': False, 'install_base': '/home/shihab/MARS PROJECT/mars_ws/install/mars_bringup', 'merge_install': False, 'path': '/home/shihab/MARS PROJECT/mars_ws/src/mars_bringup', 'symlink_install': True, 'test_result_base': None}
[0.270s] INFO:colcon.colcon_core.executor:Executing jobs using 'parallel' executor
[0.270s] DEBUG:colcon.colcon_parallel_executor.executor.parallel:run_until_complete
[0.271s] INFO:colcon.colcon_ros.task.ament_cmake.build:Building ROS package in '/home/shihab/MARS PROJECT/mars_ws/src/mars_drone_description' with build type 'ament_cmake'
[0.271s] INFO:colcon.colcon_cmake.task.cmake.build:Building CMake package in '/home/shihab/MARS PROJECT/mars_ws/src/mars_drone_description'
[0.272s] INFO:colcon.colcon_core.plugin_system:Skipping extension 'colcon_core.shell.bat': Not used on non-Windows systems
[0.272s] INFO:colcon.colcon_core.shell:Skip shell extension 'powershell' for command environment: Not usable outside of PowerShell
[0.272s] DEBUG:colcon.colcon_core.shell:Skip shell extension 'dsv' for command environment
[0.275s] INFO:colcon.colcon_ros.task.ament_python.build:Building ROS package in '/home/shihab/MARS PROJECT/mars_ws/src/mars_mission_manager' with build type 'ament_python'
[0.275s] Level 1:colcon.colcon_core.shell:create_environment_hook('mars_mission_manager', 'ament_prefix_path')
[0.275s] INFO:colcon.colcon_core.shell:Creating environment hook '/home/shihab/MARS PROJECT/mars_ws/install/mars_mission_manager/share/mars_mission_manager/hook/ament_prefix_path.ps1'
[0.276s] INFO:colcon.colcon_core.shell:Creating environment descriptor '/home/shihab/MARS PROJECT/mars_ws/install/mars_mission_manager/share/mars_mission_manager/hook/ament_prefix_path.dsv'
[0.276s] INFO:colcon.colcon_core.shell:Creating environment hook '/home/shihab/MARS PROJECT/mars_ws/install/mars_mission_manager/share/mars_mission_manager/hook/ament_prefix_path.sh'
[0.276s] INFO:colcon.colcon_core.shell:Skip shell extension 'powershell' for command environment: Not usable outside of PowerShell
[0.277s] DEBUG:colcon.colcon_core.shell:Skip shell extension 'dsv' for command environment
[0.279s] INFO:colcon.colcon_ros.task.ament_cmake.build:Building ROS package in '/home/shihab/MARS PROJECT/mars_ws/src/mars_world' with build type 'ament_cmake'
[0.280s] INFO:colcon.colcon_cmake.task.cmake.build:Building CMake package in '/home/shihab/MARS PROJECT/mars_ws/src/mars_world'
[0.280s] INFO:colcon.colcon_core.shell:Skip shell extension 'powershell' for command environment: Not usable outside of PowerShell
[0.280s] DEBUG:colcon.colcon_core.shell:Skip shell extension 'dsv' for command environment
[0.283s] INFO:colcon.colcon_ros.task.ament_python.build:Building ROS package in '/home/shihab/MARS PROJECT/mars_ws/src/mars_gui' with build type 'ament_python'
[0.283s] Level 1:colcon.colcon_core.shell:create_environment_hook('mars_gui', 'ament_prefix_path')
[0.283s] INFO:colcon.colcon_core.shell:Creating environment hook '/home/shihab/MARS PROJECT/mars_ws/install/mars_gui/share/mars_gui/hook/ament_prefix_path.ps1'
[0.283s] INFO:colcon.colcon_core.shell:Creating environment descriptor '/home/shihab/MARS PROJECT/mars_ws/install/mars_gui/share/mars_gui/hook/ament_prefix_path.dsv'
[0.283s] INFO:colcon.colcon_core.shell:Creating environment hook '/home/shihab/MARS PROJECT/mars_ws/install/mars_gui/share/mars_gui/hook/ament_prefix_path.sh'
[0.284s] INFO:colcon.colcon_core.shell:Skip shell extension 'powershell' for command environment: Not usable outside of PowerShell
[0.284s] DEBUG:colcon.colcon_core.shell:Skip shell extension 'dsv' for command environment
[0.291s] DEBUG:colcon.colcon_core.event_handler.log_command:Invoking command in '/home/shihab/MARS PROJECT/mars_ws/build/mars_drone_description': CMAKE_PREFIX_PATH=${CMAKE_PREFIX_PATH}:/home/shihab/turtlebot3_ws/install/turtlebot3_teleop:/home/shihab/turtlebot3_ws/install/turtlebot3_example:/opt/ros/humble /usr/bin/cmake --build /home/shihab/MARS PROJECT/mars_ws/build/mars_drone_description -- -j12 -l12
[0.496s] INFO:colcon.colcon_core.task.python.build:Building Python package in '/home/shihab/MARS PROJECT/mars_ws/src/mars_mission_manager'
[0.496s] INFO:colcon.colcon_core.shell:Skip shell extension 'powershell' for command environment: Not usable outside of PowerShell
[0.496s] DEBUG:colcon.colcon_core.shell:Skip shell extension 'dsv' for command environment
[0.503s] DEBUG:colcon.colcon_core.event_handler.log_command:Invoking command in '/home/shihab/MARS PROJECT/mars_ws/build/mars_world': CMAKE_PREFIX_PATH=${CMAKE_PREFIX_PATH}:/home/shihab/turtlebot3_ws/install/turtlebot3_teleop:/home/shihab/turtlebot3_ws/install/turtlebot3_example:/opt/ros/humble /usr/bin/cmake --build /home/shihab/MARS PROJECT/mars_ws/build/mars_world -- -j12 -l12
[0.681s] INFO:colcon.colcon_core.task.python.build:Building Python package in '/home/shihab/MARS PROJECT/mars_ws/src/mars_gui'
[0.682s] INFO:colcon.colcon_core.shell:Skip shell extension 'powershell' for command environment: Not usable outside of PowerShell
[0.682s] DEBUG:colcon.colcon_core.shell:Skip shell extension 'dsv' for command environment
[0.690s] DEBUG:colcon.colcon_core.event_handler.log_command:Invoked command in '/home/shihab/MARS PROJECT/mars_ws/build/mars_drone_description' returned '0': CMAKE_PREFIX_PATH=${CMAKE_PREFIX_PATH}:/home/shihab/turtlebot3_ws/install/turtlebot3_teleop:/home/shihab/turtlebot3_ws/install/turtlebot3_example:/opt/ros/humble /usr/bin/cmake --build /home/shihab/MARS PROJECT/mars_ws/build/mars_drone_description -- -j12 -l12
[0.698s] DEBUG:colcon.colcon_core.event_handler.log_command:Invoking command in '/home/shihab/MARS PROJECT/mars_ws/build/mars_drone_description': CMAKE_PREFIX_PATH=${CMAKE_PREFIX_PATH}:/home/shihab/turtlebot3_ws/install/turtlebot3_teleop:/home/shihab/turtlebot3_ws/install/turtlebot3_example:/opt/ros/humble /usr/bin/cmake --install /home/shihab/MARS PROJECT/mars_ws/build/mars_drone_description
[0.699s] DEBUG:colcon.colcon_core.event_handler.log_command:Invoked command in '/home/shihab/MARS PROJECT/mars_ws/build/mars_world' returned '0': CMAKE_PREFIX_PATH=${CMAKE_PREFIX_PATH}:/home/shihab/turtlebot3_ws/install/turtlebot3_teleop:/home/shihab/turtlebot3_ws/install/turtlebot3_example:/opt/ros/humble /usr/bin/cmake --build /home/shihab/MARS PROJECT/mars_ws/build/mars_world -- -j12 -l12
[0.700s] DEBUG:colcon.colcon_core.event_handler.log_command:Invoking command in '/home/shihab/MARS PROJECT/mars_ws/build/mars_world': CMAKE_PREFIX_PATH=${CMAKE_PREFIX_PATH}:/home/shihab/turtlebot3_ws/install/turtlebot3_teleop:/home/shihab/turtlebot3_ws/install/turtlebot3_example:/opt/ros/humble /usr/bin/cmake --install /home/shihab/MARS PROJECT/mars_ws/build/mars_world
[0.713s] Level 1:colcon.colcon_core.environment:create_environment_scripts_only(mars_drone_description)
[0.714s] DEBUG:colcon.colcon_core.event_handler.log_command:Invoked command in '/home/shihab/MARS PROJECT/mars_ws/build/mars_drone_description' returned '0': CMAKE_PREFIX_PATH=${CMAKE_PREFIX_PATH}:/home/shihab/turtlebot3_ws/install/turtlebot3_teleop:/home/shihab/turtlebot3_ws/install/turtlebot3_example:/opt/ros/humble /usr/bin/cmake --install /home/shihab/MARS PROJECT/mars_ws/build/mars_drone_description
[0.716s] Level 1:colcon.colcon_core.environment:checking '/home/shihab/MARS PROJECT/mars_ws/install/mars_drone_description' for CMake module files
[0.717s] Level 1:colcon.colcon_core.environment:checking '/home/shihab/MARS PROJECT/mars_ws/install/mars_drone_description' for CMake config files
[0.717s] Level 1:colcon.colcon_core.shell:create_environment_hook('mars_drone_description', 'cmake_prefix_path')
[0.717s] INFO:colcon.colcon_core.shell:Creating environment hook '/home/shihab/MARS PROJECT/mars_ws/install/mars_drone_description/share/mars_drone_description/hook/cmake_prefix_path.ps1'
[0.718s] INFO:colcon.colcon_core.shell:Creating environment descriptor '/home/shihab/MARS PROJECT/mars_ws/install/mars_drone_description/share/mars_drone_description/hook/cmake_prefix_path.dsv'
[0.719s] INFO:colcon.colcon_core.shell:Creating environment hook '/home/shihab/MARS PROJECT/mars_ws/install/mars_drone_description/share/mars_drone_description/hook/cmake_prefix_path.sh'
[0.719s] Level 1:colcon.colcon_core.environment:checking '/home/shihab/MARS PROJECT/mars_ws/install/mars_drone_description/bin'
[0.719s] Level 1:colcon.colcon_core.environment:checking '/home/shihab/MARS PROJECT/mars_ws/install/mars_drone_description/lib/pkgconfig/mars_drone_description.pc'
[0.720s] Level 1:colcon.colcon_core.environment:checking '/home/shihab/MARS PROJECT/mars_ws/install/mars_drone_description/lib/python3.10/site-packages'
[0.720s] Level 1:colcon.colcon_core.environment:checking '/home/shihab/MARS PROJECT/mars_ws/install/mars_drone_description/bin'
[0.720s] INFO:colcon.colcon_core.shell:Creating package script '/home/shihab/MARS PROJECT/mars_ws/install/mars_drone_description/share/mars_drone_description/package.ps1'
[0.721s] INFO:colcon.colcon_core.shell:Creating package descriptor '/home/shihab/MARS PROJECT/mars_ws/install/mars_drone_description/share/mars_drone_description/package.dsv'
[0.722s] INFO:colcon.colcon_core.shell:Creating package script '/home/shihab/MARS PROJECT/mars_ws/install/mars_drone_description/share/mars_drone_description/package.sh'
[0.723s] INFO:colcon.colcon_core.shell:Creating package script '/home/shihab/MARS PROJECT/mars_ws/install/mars_drone_description/share/mars_drone_description/package.bash'
[0.723s] INFO:colcon.colcon_core.shell:Creating package script '/home/shihab/MARS PROJECT/mars_ws/install/mars_drone_description/share/mars_drone_description/package.zsh'
[0.724s] Level 1:colcon.colcon_core.environment:create_file_with_runtime_dependencies(/home/shihab/MARS PROJECT/mars_ws/install/mars_drone_description/share/colcon-core/packages/mars_drone_description)
[0.724s] Level 1:colcon.colcon_core.environment:create_environment_scripts_only(mars_drone_description)
[0.725s] Level 1:colcon.colcon_core.environment:checking '/home/shihab/MARS PROJECT/mars_ws/install/mars_drone_description' for CMake module files
[0.725s] Level 1:colcon.colcon_core.environment:checking '/home/shihab/MARS PROJECT/mars_ws/install/mars_drone_description' for CMake config files
[0.725s] Level 1:colcon.colcon_core.shell:create_environment_hook('mars_drone_description', 'cmake_prefix_path')
[0.725s] INFO:colcon.colcon_core.shell:Creating environment hook '/home/shihab/MARS PROJECT/mars_ws/install/mars_drone_description/share/mars_drone_description/hook/cmake_prefix_path.ps1'
[0.726s] INFO:colcon.colcon_core.shell:Creating environment descriptor '/home/shihab/MARS PROJECT/mars_ws/install/mars_drone_description/share/mars_drone_description/hook/cmake_prefix_path.dsv'
[0.726s] INFO:colcon.colcon_core.shell:Creating environment hook '/home/shihab/MARS PROJECT/mars_ws/install/mars_drone_description/share/mars_drone_description/hook/cmake_prefix_path.sh'
[0.726s] Level 1:colcon.colcon_core.environment:checking '/home/shihab/MARS PROJECT/mars_ws/install/mars_drone_description/bin'
[0.726s] Level 1:colcon.colcon_core.environment:checking '/home/shihab/MARS PROJECT/mars_ws/install/mars_drone_description/lib/pkgconfig/mars_drone_description.pc'
[0.726s] Level 1:colcon.colcon_core.environment:checking '/home/shihab/MARS PROJECT/mars_ws/install/mars_drone_description/lib/python3.10/site-packages'
[0.726s] Level 1:colcon.colcon_core.environment:checking '/home/shihab/MARS PROJECT/mars_ws/install/mars_drone_description/bin'
[0.727s] INFO:colcon.colcon_core.shell:Creating package script '/home/shihab/MARS PROJECT/mars_ws/install/mars_drone_description/share/mars_drone_description/package.ps1'
[0.727s] INFO:colcon.colcon_core.shell:Creating package descriptor '/home/shihab/MARS PROJECT/mars_ws/install/mars_drone_description/share/mars_drone_description/package.dsv'
[0.727s] INFO:colcon.colcon_core.shell:Creating package script '/home/shihab/MARS PROJECT/mars_ws/install/mars_drone_description/share/mars_drone_description/package.sh'
[0.727s] INFO:colcon.colcon_core.shell:Creating package script '/home/shihab/MARS PROJECT/mars_ws/install/mars_drone_description/share/mars_drone_description/package.bash'
[0.728s] INFO:colcon.colcon_core.shell:Creating package script '/home/shihab/MARS PROJECT/mars_ws/install/mars_drone_description/share/mars_drone_description/package.zsh'
[0.728s] Level 1:colcon.colcon_core.environment:create_file_with_runtime_dependencies(/home/shihab/MARS PROJECT/mars_ws/install/mars_drone_description/share/colcon-core/packages/mars_drone_description)
[0.729s] Level 1:colcon.colcon_core.environment:create_environment_scripts_only(mars_world)
[0.729s] Level 1:colcon.colcon_core.environment:checking '/home/shihab/MARS PROJECT/mars_ws/install/mars_world' for CMake module files
[0.729s] DEBUG:colcon.colcon_core.event_handler.log_command:Invoked command in '/home/shihab/MARS PROJECT/mars_ws/build/mars_world' returned '0': CMAKE_PREFIX_PATH=${CMAKE_PREFIX_PATH}:/home/shihab/turtlebot3_ws/install/turtlebot3_teleop:/home/shihab/turtlebot3_ws/install/turtlebot3_example:/opt/ros/humble /usr/bin/cmake --install /home/shihab/MARS PROJECT/mars_ws/build/mars_world
[0.729s] Level 1:colcon.colcon_core.environment:checking '/home/shihab/MARS PROJECT/mars_ws/install/mars_world' for CMake config files
[0.730s] Level 1:colcon.colcon_core.shell:create_environment_hook('mars_world', 'cmake_prefix_path')
[0.730s] INFO:colcon.colcon_core.shell:Creating environment hook '/home/shihab/MARS PROJECT/mars_ws/install/mars_world/share/mars_world/hook/cmake_prefix_path.ps1'
[0.730s] INFO:colcon.colcon_core.shell:Creating environment descriptor '/home/shihab/MARS PROJECT/mars_ws/install/mars_world/share/mars_world/hook/cmake_prefix_path.dsv'
[0.730s] INFO:colcon.colcon_core.shell:Creating environment hook '/home/shihab/MARS PROJECT/mars_ws/install/mars_world/share/mars_world/hook/cmake_prefix_path.sh'
[0.731s] Level 1:colcon.colcon_core.environment:checking '/home/shihab/MARS PROJECT/mars_ws/install/mars_world/bin'
[0.731s] Level 1:colcon.colcon_core.environment:checking '/home/shihab/MARS PROJECT/mars_ws/install/mars_world/lib/pkgconfig/mars_world.pc'
[0.731s] Level 1:colcon.colcon_core.environment:checking '/home/shihab/MARS PROJECT/mars_ws/install/mars_world/lib/python3.10/site-packages'
[0.731s] Level 1:colcon.colcon_core.environment:checking '/home/shihab/MARS PROJECT/mars_ws/install/mars_world/bin'
[0.731s] INFO:colcon.colcon_core.shell:Creating package script '/home/shihab/MARS PROJECT/mars_ws/install/mars_world/share/mars_world/package.ps1'
[0.732s] INFO:colcon.colcon_core.shell:Creating package descriptor '/home/shihab/MARS PROJECT/mars_ws/install/mars_world/share/mars_world/package.dsv'
[0.732s] INFO:colcon.colcon_core.shell:Creating package script '/home/shihab/MARS PROJECT/mars_ws/install/mars_world/share/mars_world/package.sh'
[0.732s] INFO:colcon.colcon_core.shell:Creating package script '/home/shihab/MARS PROJECT/mars_ws/install/mars_world/share/mars_world/package.bash'
[0.732s] INFO:colcon.colcon_core.shell:Creating package script '/home/shihab/MARS PROJECT/mars_ws/install/mars_world/share/mars_world/package.zsh'
[0.732s] Level 1:colcon.colcon_core.environment:create_file_with_runtime_dependencies(/home/shihab/MARS PROJECT/mars_ws/install/mars_world/share/colcon-core/packages/mars_world)
[0.733s] Level 1:colcon.colcon_core.environment:create_environment_scripts_only(mars_world)
[0.733s] Level 1:colcon.colcon_core.environment:checking '/home/shihab/MARS PROJECT/mars_ws/install/mars_world' for CMake module files
[0.733s] Level 1:colcon.colcon_core.environment:checking '/home/shihab/MARS PROJECT/mars_ws/install/mars_world' for CMake config files
[0.733s] Level 1:colcon.colcon_core.shell:create_environment_hook('mars_world', 'cmake_prefix_path')
[0.733s] INFO:colcon.colcon_core.shell:Creating environment hook '/home/shihab/MARS PROJECT/mars_ws/install/mars_world/share/mars_world/hook/cmake_prefix_path.ps1'
[0.734s] INFO:colcon.colcon_core.shell:Creating environment descriptor '/home/shihab/MARS PROJECT/mars_ws/install/mars_world/share/mars_world/hook/cmake_prefix_path.dsv'
[0.734s] INFO:colcon.colcon_core.shell:Creating environment hook '/home/shihab/MARS PROJECT/mars_ws/install/mars_world/share/mars_world/hook/cmake_prefix_path.sh'
[0.734s] Level 1:colcon.colcon_core.environment:checking '/home/shihab/MARS PROJECT/mars_ws/install/mars_world/bin'
[0.734s] Level 1:colcon.colcon_core.environment:checking '/home/shihab/MARS PROJECT/mars_ws/install/mars_world/lib/pkgconfig/mars_world.pc'
[0.734s] Level 1:colcon.colcon_core.environment:checking '/home/shihab/MARS PROJECT/mars_ws/install/mars_world/lib/python3.10/site-packages'
[0.735s] Level 1:colcon.colcon_core.environment:checking '/home/shihab/MARS PROJECT/mars_ws/install/mars_world/bin'
[0.735s] INFO:colcon.colcon_core.shell:Creating package script '/home/shihab/MARS PROJECT/mars_ws/install/mars_world/share/mars_world/package.ps1'
[0.735s] INFO:colcon.colcon_core.shell:Creating package descriptor '/home/shihab/MARS PROJECT/mars_ws/install/mars_world/share/mars_world/package.dsv'
[0.735s] INFO:colcon.colcon_core.shell:Creating package script '/home/shihab/MARS PROJECT/mars_ws/install/mars_world/share/mars_world/package.sh'
[0.736s] INFO:colcon.colcon_core.shell:Creating package script '/home/shihab/MARS PROJECT/mars_ws/install/mars_world/share/mars_world/package.bash'
[0.736s] INFO:colcon.colcon_core.shell:Creating package script '/home/shihab/MARS PROJECT/mars_ws/install/mars_world/share/mars_world/package.zsh'
[0.736s] Level 1:colcon.colcon_core.environment:create_file_with_runtime_dependencies(/home/shihab/MARS PROJECT/mars_ws/install/mars_world/share/colcon-core/packages/mars_world)
[0.977s] DEBUG:colcon.colcon_core.event_handler.log_command:Invoking command in '/home/shihab/MARS PROJECT/mars_ws/build/mars_mission_manager': PYTHONPATH=/home/shihab/MARS PROJECT/mars_ws/build/mars_mission_manager/prefix_override:/usr/lib/python3/dist-packages/colcon_core/task/python/colcon_distutils_commands:/home/shihab/MARS PROJECT/mars_ws/install/mars_mission_manager/lib/python3.10/site-packages:${PYTHONPATH} /usr/bin/python3 -W ignore:setup.py install is deprecated -W ignore:easy_install command is deprecated setup.py develop --editable --build-directory /home/shihab/MARS PROJECT/mars_ws/build/mars_mission_manager/build --no-deps symlink_data
[0.996s] DEBUG:colcon.colcon_core.event_handler.log_command:Invoking command in '/home/shihab/MARS PROJECT/mars_ws/build/mars_gui': PYTHONPATH=/home/shihab/MARS PROJECT/mars_ws/build/mars_gui/prefix_override:/usr/lib/python3/dist-packages/colcon_core/task/python/colcon_distutils_commands:/home/shihab/MARS PROJECT/mars_ws/install/mars_gui/lib/python3.10/site-packages:${PYTHONPATH} /usr/bin/python3 -W ignore:setup.py install is deprecated -W ignore:easy_install command is deprecated setup.py develop --editable --build-directory /home/shihab/MARS PROJECT/mars_ws/build/mars_gui/build --no-deps symlink_data
[1.355s] Level 1:colcon.colcon_core.shell:create_environment_hook('mars_mission_manager', 'pythonpath_develop')
[1.355s] INFO:colcon.colcon_core.shell:Creating environment hook '/home/shihab/MARS PROJECT/mars_ws/build/mars_mission_manager/share/mars_mission_manager/hook/pythonpath_develop.ps1'
[1.355s] DEBUG:colcon.colcon_core.event_handler.log_command:Invoked command in '/home/shihab/MARS PROJECT/mars_ws/build/mars_mission_manager' returned '0': PYTHONPATH=/home/shihab/MARS PROJECT/mars_ws/build/mars_mission_manager/prefix_override:/usr/lib/python3/dist-packages/colcon_core/task/python/colcon_distutils_commands:/home/shihab/MARS PROJECT/mars_ws/install/mars_mission_manager/lib/python3.10/site-packages:${PYTHONPATH} /usr/bin/python3 -W ignore:setup.py install is deprecated -W ignore:easy_install command is deprecated setup.py develop --editable --build-directory /home/shihab/MARS PROJECT/mars_ws/build/mars_mission_manager/build --no-deps symlink_data
[1.356s] INFO:colcon.colcon_core.shell:Creating environment descriptor '/home/shihab/MARS PROJECT/mars_ws/build/mars_mission_manager/share/mars_mission_manager/hook/pythonpath_develop.dsv'
[1.356s] INFO:colcon.colcon_core.shell:Creating environment hook '/home/shihab/MARS PROJECT/mars_ws/build/mars_mission_manager/share/mars_mission_manager/hook/pythonpath_develop.sh'
[1.356s] Level 1:colcon.colcon_core.environment:checking '/home/shihab/MARS PROJECT/mars_ws/install/mars_mission_manager' for CMake module files
[1.357s] Level 1:colcon.colcon_core.environment:checking '/home/shihab/MARS PROJECT/mars_ws/install/mars_mission_manager' for CMake config files
[1.357s] Level 1:colcon.colcon_core.environment:checking '/home/shihab/MARS PROJECT/mars_ws/install/mars_mission_manager/lib'
[1.357s] Level 1:colcon.colcon_core.environment:checking '/home/shihab/MARS PROJECT/mars_ws/install/mars_mission_manager/bin'
[1.357s] Level 1:colcon.colcon_core.environment:checking '/home/shihab/MARS PROJECT/mars_ws/install/mars_mission_manager/lib/pkgconfig/mars_mission_manager.pc'
[1.358s] Level 1:colcon.colcon_core.environment:checking '/home/shihab/MARS PROJECT/mars_ws/install/mars_mission_manager/lib/python3.10/site-packages'
[1.358s] Level 1:colcon.colcon_core.shell:create_environment_hook('mars_mission_manager', 'pythonpath')
[1.358s] INFO:colcon.colcon_core.shell:Creating environment hook '/home/shihab/MARS PROJECT/mars_ws/install/mars_mission_manager/share/mars_mission_manager/hook/pythonpath.ps1'
[1.358s] INFO:colcon.colcon_core.shell:Creating environment descriptor '/home/shihab/MARS PROJECT/mars_ws/install/mars_mission_manager/share/mars_mission_manager/hook/pythonpath.dsv'
[1.359s] INFO:colcon.colcon_core.shell:Creating environment hook '/home/shihab/MARS PROJECT/mars_ws/install/mars_mission_manager/share/mars_mission_manager/hook/pythonpath.sh'
[1.359s] Level 1:colcon.colcon_core.environment:checking '/home/shihab/MARS PROJECT/mars_ws/install/mars_mission_manager/bin'
[1.359s] Level 1:colcon.colcon_core.environment:create_environment_scripts_only(mars_mission_manager)
[1.359s] INFO:colcon.colcon_core.shell:Creating package script '/home/shihab/MARS PROJECT/mars_ws/install/mars_mission_manager/share/mars_mission_manager/package.ps1'
[1.360s] INFO:colcon.colcon_core.shell:Creating package descriptor '/home/shihab/MARS PROJECT/mars_ws/install/mars_mission_manager/share/mars_mission_manager/package.dsv'
[1.360s] INFO:colcon.colcon_core.shell:Creating package script '/home/shihab/MARS PROJECT/mars_ws/install/mars_mission_manager/share/mars_mission_manager/package.sh'
[1.360s] INFO:colcon.colcon_core.shell:Creating package script '/home/shihab/MARS PROJECT/mars_ws/install/mars_mission_manager/share/mars_mission_manager/package.bash'
[1.361s] INFO:colcon.colcon_core.shell:Creating package script '/home/shihab/MARS PROJECT/mars_ws/install/mars_mission_manager/share/mars_mission_manager/package.zsh'
[1.361s] Level 1:colcon.colcon_core.environment:create_file_with_runtime_dependencies(/home/shihab/MARS PROJECT/mars_ws/install/mars_mission_manager/share/colcon-core/packages/mars_mission_manager)
[1.361s] INFO:colcon.colcon_ros.task.ament_cmake.build:Building ROS package in '/home/shihab/MARS PROJECT/mars_ws/src/mars_bringup' with build type 'ament_cmake'
[1.361s] INFO:colcon.colcon_cmake.task.cmake.build:Building CMake package in '/home/shihab/MARS PROJECT/mars_ws/src/mars_bringup'
[1.361s] INFO:colcon.colcon_core.shell:Skip shell extension 'powershell' for command environment: Not usable outside of PowerShell
[1.361s] DEBUG:colcon.colcon_core.shell:Skip shell extension 'dsv' for command environment
[1.372s] DEBUG:colcon.colcon_core.event_handler.log_command:Invoking command in '/home/shihab/MARS PROJECT/mars_ws/build/mars_bringup': AMENT_PREFIX_PATH=/home/shihab/MARS PROJECT/mars_ws/install/mars_world:/home/shihab/MARS PROJECT/mars_ws/install/mars_mission_manager:/home/shihab/MARS PROJECT/mars_ws/install/mars_drone_description:${AMENT_PREFIX_PATH} CMAKE_PREFIX_PATH=/home/shihab/MARS PROJECT/mars_ws/install/mars_world:/home/shihab/MARS PROJECT/mars_ws/install/mars_drone_description:/home/shihab/turtlebot3_ws/install/turtlebot3:/home/shihab/turtlebot3_ws/install/turtlebot3_simulations:/home/shihab/turtlebot3_ws/install/turtlebot3_bringup:/home/shihab/turtlebot3_ws/install/turtlebot3_node:/home/shihab/turtlebot3_ws/install/turtlebot3_navigation2:/home/shihab/turtlebot3_ws/install/turtlebot3_fake_node:/home/shihab/turtlebot3_ws/install/turtlebot3_msgs:/home/shihab/turtlebot3_ws/install/turtlebot3_manipulation_gazebo:/home/shihab/turtlebot3_ws/install/turtlebot3_gazebo:/home/shihab/turtlebot3_ws/install/turtlebot3_description:/home/shihab/turtlebot3_ws/install/turtlebot3_cartographer:/home/shihab/turtlebot3_ws/install/dynamixel_sdk_examples:/home/shihab/turtlebot3_ws/install/dynamixel_sdk_custom_interfaces:/home/shihab/turtlebot3_ws/install/dynamixel_sdk:/home/shihab/turtlebot3_ws/install/turtlebot3_teleop:/home/shihab/turtlebot3_ws/install/turtlebot3_example:/opt/ros/humble PYTHONPATH=/home/shihab/MARS PROJECT/mars_ws/build/mars_mission_manager:/home/shihab/MARS PROJECT/mars_ws/install/mars_mission_manager/lib/python3.10/site-packages:${PYTHONPATH} /usr/bin/cmake --build /home/shihab/MARS PROJECT/mars_ws/build/mars_bringup -- -j12 -l12
[1.383s] Level 1:colcon.colcon_core.shell:create_environment_hook('mars_gui', 'pythonpath_develop')
[1.383s] INFO:colcon.colcon_core.shell:Creating environment hook '/home/shihab/MARS PROJECT/mars_ws/build/mars_gui/share/mars_gui/hook/pythonpath_develop.ps1'
[1.383s] DEBUG:colcon.colcon_core.event_handler.log_command:Invoked command in '/home/shihab/MARS PROJECT/mars_ws/build/mars_gui' returned '0': PYTHONPATH=/home/shihab/MARS PROJECT/mars_ws/build/mars_gui/prefix_override:/usr/lib/python3/dist-packages/colcon_core/task/python/colcon_distutils_commands:/home/shihab/MARS PROJECT/mars_ws/install/mars_gui/lib/python3.10/site-packages:${PYTHONPATH} /usr/bin/python3 -W ignore:setup.py install is deprecated -W ignore:easy_install command is deprecated setup.py develop --editable --build-directory /home/shihab/MARS PROJECT/mars_ws/build/mars_gui/build --no-deps symlink_data
[1.384s] INFO:colcon.colcon_core.shell:Creating environment descriptor '/home/shihab/MARS PROJECT/mars_ws/build/mars_gui/share/mars_gui/hook/pythonpath_develop.dsv'
[1.384s] INFO:colcon.colcon_core.shell:Creating environment hook '/home/shihab/MARS PROJECT/mars_ws/build/mars_gui/share/mars_gui/hook/pythonpath_develop.sh'
[1.384s] Level 1:colcon.colcon_core.environment:checking '/home/shihab/MARS PROJECT/mars_ws/install/mars_gui' for CMake module files
[1.385s] Level 1:colcon.colcon_core.environment:checking '/home/shihab/MARS PROJECT/mars_ws/install/mars_gui' for CMake config files
[1.385s] Level 1:colcon.colcon_core.environment:checking '/home/shihab/MARS PROJECT/mars_ws/install/mars_gui/lib'
[1.385s] Level 1:colcon.colcon_core.environment:checking '/home/shihab/MARS PROJECT/mars_ws/install/mars_gui/bin'
[1.385s] Level 1:colcon.colcon_core.environment:checking '/home/shihab/MARS PROJECT/mars_ws/install/mars_gui/lib/pkgconfig/mars_gui.pc'
[1.385s] Level 1:colcon.colcon_core.environment:checking '/home/shihab/MARS PROJECT/mars_ws/install/mars_gui/lib/python3.10/site-packages'
[1.385s] Level 1:colcon.colcon_core.shell:create_environment_hook('mars_gui', 'pythonpath')
[1.385s] INFO:colcon.colcon_core.shell:Creating environment hook '/home/shihab/MARS PROJECT/mars_ws/install/mars_gui/share/mars_gui/hook/pythonpath.ps1'
[1.386s] INFO:colcon.colcon_core.shell:Creating environment descriptor '/home/shihab/MARS PROJECT/mars_ws/install/mars_gui/share/mars_gui/hook/pythonpath.dsv'
[1.386s] INFO:colcon.colcon_core.shell:Creating environment hook '/home/shihab/MARS PROJECT/mars_ws/install/mars_gui/share/mars_gui/hook/pythonpath.sh'
[1.386s] Level 1:colcon.colcon_core.environment:checking '/home/shihab/MARS PROJECT/mars_ws/install/mars_gui/bin'
[1.386s] Level 1:colcon.colcon_core.environment:create_environment_scripts_only(mars_gui)
[1.387s] INFO:colcon.colcon_core.shell:Creating package script '/home/shihab/MARS PROJECT/mars_ws/install/mars_gui/share/mars_gui/package.ps1'
[1.387s] INFO:colcon.colcon_core.shell:Creating package descriptor '/home/shihab/MARS PROJECT/mars_ws/install/mars_gui/share/mars_gui/package.dsv'
[1.387s] INFO:colcon.colcon_core.shell:Creating package script '/home/shihab/MARS PROJECT/mars_ws/install/mars_gui/share/mars_gui/package.sh'
[1.388s] INFO:colcon.colcon_core.shell:Creating package script '/home/shihab/MARS PROJECT/mars_ws/install/mars_gui/share/mars_gui/package.bash'
[1.388s] INFO:colcon.colcon_core.shell:Creating package script '/home/shihab/MARS PROJECT/mars_ws/install/mars_gui/share/mars_gui/package.zsh'
[1.388s] Level 1:colcon.colcon_core.environment:create_file_with_runtime_dependencies(/home/shihab/MARS PROJECT/mars_ws/install/mars_gui/share/colcon-core/packages/mars_gui)
[1.405s] DEBUG:colcon.colcon_core.event_handler.log_command:Invoked command in '/home/shihab/MARS PROJECT/mars_ws/build/mars_bringup' returned '0': AMENT_PREFIX_PATH=/home/shihab/MARS PROJECT/mars_ws/install/mars_world:/home/shihab/MARS PROJECT/mars_ws/install/mars_mission_manager:/home/shihab/MARS PROJECT/mars_ws/install/mars_drone_description:${AMENT_PREFIX_PATH} CMAKE_PREFIX_PATH=/home/shihab/MARS PROJECT/mars_ws/install/mars_world:/home/shihab/MARS PROJECT/mars_ws/install/mars_drone_description:/home/shihab/turtlebot3_ws/install/turtlebot3:/home/shihab/turtlebot3_ws/install/turtlebot3_simulations:/home/shihab/turtlebot3_ws/install/turtlebot3_bringup:/home/shihab/turtlebot3_ws/install/turtlebot3_node:/home/shihab/turtlebot3_ws/install/turtlebot3_navigation2:/home/shihab/turtlebot3_ws/install/turtlebot3_fake_node:/home/shihab/turtlebot3_ws/install/turtlebot3_msgs:/home/shihab/turtlebot3_ws/install/turtlebot3_manipulation_gazebo:/home/shihab/turtlebot3_ws/install/turtlebot3_gazebo:/home/shihab/turtlebot3_ws/install/turtlebot3_description:/home/shihab/turtlebot3_ws/install/turtlebot3_cartographer:/home/shihab/turtlebot3_ws/install/dynamixel_sdk_examples:/home/shihab/turtlebot3_ws/install/dynamixel_sdk_custom_interfaces:/home/shihab/turtlebot3_ws/install/dynamixel_sdk:/home/shihab/turtlebot3_ws/install/turtlebot3_teleop:/home/shihab/turtlebot3_ws/install/turtlebot3_example:/opt/ros/humble PYTHONPATH=/home/shihab/MARS PROJECT/mars_ws/build/mars_mission_manager:/home/shihab/MARS PROJECT/mars_ws/install/mars_mission_manager/lib/python3.10/site-packages:${PYTHONPATH} /usr/bin/cmake --build /home/shihab/MARS PROJECT/mars_ws/build/mars_bringup -- -j12 -l12
[1.406s] DEBUG:colcon.colcon_core.event_handler.log_command:Invoking command in '/home/shihab/MARS PROJECT/mars_ws/build/mars_bringup': AMENT_PREFIX_PATH=/home/shihab/MARS PROJECT/mars_ws/install/mars_world:/home/shihab/MARS PROJECT/mars_ws/install/mars_mission_manager:/home/shihab/MARS PROJECT/mars_ws/install/mars_drone_description:${AMENT_PREFIX_PATH} CMAKE_PREFIX_PATH=/home/shihab/MARS PROJECT/mars_ws/install/mars_world:/home/shihab/MARS PROJECT/mars_ws/install/mars_drone_description:/home/shihab/turtlebot3_ws/install/turtlebot3:/home/shihab/turtlebot3_ws/install/turtlebot3_simulations:/home/shihab/turtlebot3_ws/install/turtlebot3_bringup:/home/shihab/turtlebot3_ws/install/turtlebot3_node:/home/shihab/turtlebot3_ws/install/turtlebot3_navigation2:/home/shihab/turtlebot3_ws/install/turtlebot3_fake_node:/home/shihab/turtlebot3_ws/install/turtlebot3_msgs:/home/shihab/turtlebot3_ws/install/turtlebot3_manipulation_gazebo:/home/shihab/turtlebot3_ws/install/turtlebot3_gazebo:/home/shihab/turtlebot3_ws/install/turtlebot3_description:/home/shihab/turtlebot3_ws/install/turtlebot3_cartographer:/home/shihab/turtlebot3_ws/install/dynamixel_sdk_examples:/home/shihab/turtlebot3_ws/install/dynamixel_sdk_custom_interfaces:/home/shihab/turtlebot3_ws/install/dynamixel_sdk:/home/shihab/turtlebot3_ws/install/turtlebot3_teleop:/home/shihab/turtlebot3_ws/install/turtlebot3_example:/opt/ros/humble PYTHONPATH=/home/shihab/MARS PROJECT/mars_ws/build/mars_mission_manager:/home/shihab/MARS PROJECT/mars_ws/install/mars_mission_manager/lib/python3.10/site-packages:${PYTHONPATH} /usr/bin/cmake --install /home/shihab/MARS PROJECT/mars_ws/build/mars_bringup
[1.433s] Level 1:colcon.colcon_core.environment:create_environment_scripts_only(mars_bringup)
[1.433s] Level 1:colcon.colcon_core.environment:checking '/home/shihab/MARS PROJECT/mars_ws/install/mars_bringup' for CMake module files
[1.433s] DEBUG:colcon.colcon_core.event_handler.log_command:Invoked command in '/home/shihab/MARS PROJECT/mars_ws/build/mars_bringup' returned '0': AMENT_PREFIX_PATH=/home/shihab/MARS PROJECT/mars_ws/install/mars_world:/home/shihab/MARS PROJECT/mars_ws/install/mars_mission_manager:/home/shihab/MARS PROJECT/mars_ws/install/mars_drone_description:${AMENT_PREFIX_PATH} CMAKE_PREFIX_PATH=/home/shihab/MARS PROJECT/mars_ws/install/mars_world:/home/shihab/MARS PROJECT/mars_ws/install/mars_drone_description:/home/shihab/turtlebot3_ws/install/turtlebot3:/home/shihab/turtlebot3_ws/install/turtlebot3_simulations:/home/shihab/turtlebot3_ws/install/turtlebot3_bringup:/home/shihab/turtlebot3_ws/install/turtlebot3_node:/home/shihab/turtlebot3_ws/install/turtlebot3_navigation2:/home/shihab/turtlebot3_ws/install/turtlebot3_fake_node:/home/shihab/turtlebot3_ws/install/turtlebot3_msgs:/home/shihab/turtlebot3_ws/install/turtlebot3_manipulation_gazebo:/home/shihab/turtlebot3_ws/install/turtlebot3_gazebo:/home/shihab/turtlebot3_ws/install/turtlebot3_description:/home/shihab/turtlebot3_ws/install/turtlebot3_cartographer:/home/shihab/turtlebot3_ws/install/dynamixel_sdk_examples:/home/shihab/turtlebot3_ws/install/dynamixel_sdk_custom_interfaces:/home/shihab/turtlebot3_ws/install/dynamixel_sdk:/home/shihab/turtlebot3_ws/install/turtlebot3_teleop:/home/shihab/turtlebot3_ws/install/turtlebot3_example:/opt/ros/humble PYTHONPATH=/home/shihab/MARS PROJECT/mars_ws/build/mars_mission_manager:/home/shihab/MARS PROJECT/mars_ws/install/mars_mission_manager/lib/python3.10/site-packages:${PYTHONPATH} /usr/bin/cmake --install /home/shihab/MARS PROJECT/mars_ws/build/mars_bringup
[1.434s] Level 1:colcon.colcon_core.environment:checking '/home/shihab/MARS PROJECT/mars_ws/install/mars_bringup' for CMake config files
[1.434s] Level 1:colcon.colcon_core.shell:create_environment_hook('mars_bringup', 'cmake_prefix_path')
[1.434s] INFO:colcon.colcon_core.shell:Creating environment hook '/home/shihab/MARS PROJECT/mars_ws/install/mars_bringup/share/mars_bringup/hook/cmake_prefix_path.ps1'
[1.435s] INFO:colcon.colcon_core.shell:Creating environment descriptor '/home/shihab/MARS PROJECT/mars_ws/install/mars_bringup/share/mars_bringup/hook/cmake_prefix_path.dsv'
[1.435s] INFO:colcon.colcon_core.shell:Creating environment hook '/home/shihab/MARS PROJECT/mars_ws/install/mars_bringup/share/mars_bringup/hook/cmake_prefix_path.sh'
[1.436s] Level 1:colcon.colcon_core.environment:checking '/home/shihab/MARS PROJECT/mars_ws/install/mars_bringup/bin'
[1.436s] Level 1:colcon.colcon_core.environment:checking '/home/shihab/MARS PROJECT/mars_ws/install/mars_bringup/lib/pkgconfig/mars_bringup.pc'
[1.436s] Level 1:colcon.colcon_core.environment:checking '/home/shihab/MARS PROJECT/mars_ws/install/mars_bringup/lib/python3.10/site-packages'
[1.436s] Level 1:colcon.colcon_core.environment:checking '/home/shihab/MARS PROJECT/mars_ws/install/mars_bringup/bin'
[1.436s] INFO:colcon.colcon_core.shell:Creating package script '/home/shihab/MARS PROJECT/mars_ws/install/mars_bringup/share/mars_bringup/package.ps1'
[1.437s] INFO:colcon.colcon_core.shell:Creating package descriptor '/home/shihab/MARS PROJECT/mars_ws/install/mars_bringup/share/mars_bringup/package.dsv'
[1.437s] INFO:colcon.colcon_core.shell:Creating package script '/home/shihab/MARS PROJECT/mars_ws/install/mars_bringup/share/mars_bringup/package.sh'
[1.437s] INFO:colcon.colcon_core.shell:Creating package script '/home/shihab/MARS PROJECT/mars_ws/install/mars_bringup/share/mars_bringup/package.bash'
[1.437s] INFO:colcon.colcon_core.shell:Creating package script '/home/shihab/MARS PROJECT/mars_ws/install/mars_bringup/share/mars_bringup/package.zsh'
[1.438s] Level 1:colcon.colcon_core.environment:create_file_with_runtime_dependencies(/home/shihab/MARS PROJECT/mars_ws/install/mars_bringup/share/colcon-core/packages/mars_bringup)
[1.438s] Level 1:colcon.colcon_core.environment:create_environment_scripts_only(mars_bringup)
[1.438s] Level 1:colcon.colcon_core.environment:checking '/home/shihab/MARS PROJECT/mars_ws/install/mars_bringup' for CMake module files
[1.438s] Level 1:colcon.colcon_core.environment:checking '/home/shihab/MARS PROJECT/mars_ws/install/mars_bringup' for CMake config files
[1.438s] Level 1:colcon.colcon_core.shell:create_environment_hook('mars_bringup', 'cmake_prefix_path')
[1.439s] INFO:colcon.colcon_core.shell:Creating environment hook '/home/shihab/MARS PROJECT/mars_ws/install/mars_bringup/share/mars_bringup/hook/cmake_prefix_path.ps1'
[1.439s] INFO:colcon.colcon_core.shell:Creating environment descriptor '/home/shihab/MARS PROJECT/mars_ws/install/mars_bringup/share/mars_bringup/hook/cmake_prefix_path.dsv'
[1.439s] INFO:colcon.colcon_core.shell:Creating environment hook '/home/shihab/MARS PROJECT/mars_ws/install/mars_bringup/share/mars_bringup/hook/cmake_prefix_path.sh'
[1.439s] Level 1:colcon.colcon_core.environment:checking '/home/shihab/MARS PROJECT/mars_ws/install/mars_bringup/bin'
[1.439s] Level 1:colcon.colcon_core.environment:checking '/home/shihab/MARS PROJECT/mars_ws/install/mars_bringup/lib/pkgconfig/mars_bringup.pc'
[1.439s] Level 1:colcon.colcon_core.environment:checking '/home/shihab/MARS PROJECT/mars_ws/install/mars_bringup/lib/python3.10/site-packages'
[1.440s] Level 1:colcon.colcon_core.environment:checking '/home/shihab/MARS PROJECT/mars_ws/install/mars_bringup/bin'
[1.440s] INFO:colcon.colcon_core.shell:Creating package script '/home/shihab/MARS PROJECT/mars_ws/install/mars_bringup/share/mars_bringup/package.ps1'
[1.440s] INFO:colcon.colcon_core.shell:Creating package descriptor '/home/shihab/MARS PROJECT/mars_ws/install/mars_bringup/share/mars_bringup/package.dsv'
[1.440s] INFO:colcon.colcon_core.shell:Creating package script '/home/shihab/MARS PROJECT/mars_ws/install/mars_bringup/share/mars_bringup/package.sh'
[1.441s] INFO:colcon.colcon_core.shell:Creating package script '/home/shihab/MARS PROJECT/mars_ws/install/mars_bringup/share/mars_bringup/package.bash'
[1.441s] INFO:colcon.colcon_core.shell:Creating package script '/home/shihab/MARS PROJECT/mars_ws/install/mars_bringup/share/mars_bringup/package.zsh'
[1.441s] Level 1:colcon.colcon_core.environment:create_file_with_runtime_dependencies(/home/shihab/MARS PROJECT/mars_ws/install/mars_bringup/share/colcon-core/packages/mars_bringup)
[1.441s] DEBUG:colcon.colcon_parallel_executor.executor.parallel:closing loop
[1.441s] DEBUG:colcon.colcon_parallel_executor.executor.parallel:loop closed
[1.441s] DEBUG:colcon.colcon_parallel_executor.executor.parallel:run_until_complete finished with '0'
[1.441s] DEBUG:colcon.colcon_core.event_reactor:joining thread
[1.446s] INFO:colcon.colcon_core.plugin_system:Skipping extension 'colcon_notification.desktop_notification.terminal_notifier': Not used on non-Darwin systems
[1.446s] INFO:colcon.colcon_core.plugin_system:Skipping extension 'colcon_notification.desktop_notification.win32': Not used on non-Windows systems
[1.446s] INFO:colcon.colcon_notification.desktop_notification:Sending desktop notification using 'notify2'
[1.453s] DEBUG:colcon.colcon_core.event_reactor:joined thread
[1.454s] INFO:colcon.colcon_core.shell:Creating prefix script '/home/shihab/MARS PROJECT/mars_ws/install/local_setup.ps1'
[1.454s] INFO:colcon.colcon_core.shell:Creating prefix util module '/home/shihab/MARS PROJECT/mars_ws/install/_local_setup_util_ps1.py'
[1.455s] INFO:colcon.colcon_core.shell:Creating prefix chain script '/home/shihab/MARS PROJECT/mars_ws/install/setup.ps1'
[1.456s] INFO:colcon.colcon_core.shell:Creating prefix script '/home/shihab/MARS PROJECT/mars_ws/install/local_setup.sh'
[1.456s] INFO:colcon.colcon_core.shell:Creating prefix util module '/home/shihab/MARS PROJECT/mars_ws/install/_local_setup_util_sh.py'
[1.457s] INFO:colcon.colcon_core.shell:Creating prefix chain script '/home/shihab/MARS PROJECT/mars_ws/install/setup.sh'
[1.458s] INFO:colcon.colcon_core.shell:Creating prefix script '/home/shihab/MARS PROJECT/mars_ws/install/local_setup.bash'
[1.458s] INFO:colcon.colcon_core.shell:Creating prefix chain script '/home/shihab/MARS PROJECT/mars_ws/install/setup.bash'
[1.459s] INFO:colcon.colcon_core.shell:Creating prefix script '/home/shihab/MARS PROJECT/mars_ws/install/local_setup.zsh'
[1.459s] INFO:colcon.colcon_core.shell:Creating prefix chain script '/home/shihab/MARS PROJECT/mars_ws/install/setup.zsh'
