[0.191s] Invoking command in '/home/shihab/MARS PROJECT/mars_ws/build/mars_world': CMAKE_PREFIX_PATH=${CMAKE_PREFIX_PATH}:/home/shihab/turtlebot3_ws/install/turtlebot3_teleop:/home/shihab/turtlebot3_ws/install/turtlebot3_example:/opt/ros/humble /usr/bin/cmake /home/shihab/MARS PROJECT/mars_ws/src/mars_world -DAMENT_CMAKE_SYMLINK_INSTALL=1 -DCMAKE_INSTALL_PREFIX=/home/shihab/MARS PROJECT/mars_ws/install/mars_world
[0.227s] -- The C compiler identification is GNU 11.4.0
[0.264s] -- The CXX compiler identification is GNU 11.4.0
[0.270s] -- Detecting C compiler ABI info
[0.325s] -- Detecting C compiler ABI info - done
[0.329s] -- Check for working C compiler: /usr/bin/cc - skipped
[0.329s] -- Detecting C compile features
[0.330s] -- Detecting C compile features - done
[0.332s] -- Detecting CXX compiler ABI info
[0.393s] -- Detecting CXX compiler ABI info - done
[0.398s] -- Check for working CXX compiler: /usr/bin/c++ - skipped
[0.398s] -- Detecting CXX compile features
[0.398s] -- Detecting CXX compile features - done
[0.401s] -- Found ament_cmake: 1.3.12 (/opt/ros/humble/share/ament_cmake/cmake)
[0.534s] -- Found Python3: /usr/bin/python3 (found version "3.10.12") found components: Interpreter 
[0.597s] -- Override CMake install command with custom implementation using symlinks instead of copying resources
[0.713s] -- Configuring done
[0.715s] -- Generating done
[0.716s] -- Build files have been written to: /home/shihab/MARS PROJECT/mars_ws/build/mars_world
[0.719s] Invoked command in '/home/shihab/MARS PROJECT/mars_ws/build/mars_world' returned '0': CMAKE_PREFIX_PATH=${CMAKE_PREFIX_PATH}:/home/shihab/turtlebot3_ws/install/turtlebot3_teleop:/home/shihab/turtlebot3_ws/install/turtlebot3_example:/opt/ros/humble /usr/bin/cmake /home/shihab/MARS PROJECT/mars_ws/src/mars_world -DAMENT_CMAKE_SYMLINK_INSTALL=1 -DCMAKE_INSTALL_PREFIX=/home/shihab/MARS PROJECT/mars_ws/install/mars_world
[0.720s] Invoking command in '/home/shihab/MARS PROJECT/mars_ws/build/mars_world': CMAKE_PREFIX_PATH=${CMAKE_PREFIX_PATH}:/home/shihab/turtlebot3_ws/install/turtlebot3_teleop:/home/shihab/turtlebot3_ws/install/turtlebot3_example:/opt/ros/humble /usr/bin/cmake --build /home/shihab/MARS PROJECT/mars_ws/build/mars_world -- -j12 -l12
[0.754s] Invoked command in '/home/shihab/MARS PROJECT/mars_ws/build/mars_world' returned '0': CMAKE_PREFIX_PATH=${CMAKE_PREFIX_PATH}:/home/shihab/turtlebot3_ws/install/turtlebot3_teleop:/home/shihab/turtlebot3_ws/install/turtlebot3_example:/opt/ros/humble /usr/bin/cmake --build /home/shihab/MARS PROJECT/mars_ws/build/mars_world -- -j12 -l12
[0.755s] Invoking command in '/home/shihab/MARS PROJECT/mars_ws/build/mars_world': CMAKE_PREFIX_PATH=${CMAKE_PREFIX_PATH}:/home/shihab/turtlebot3_ws/install/turtlebot3_teleop:/home/shihab/turtlebot3_ws/install/turtlebot3_example:/opt/ros/humble /usr/bin/cmake --install /home/shihab/MARS PROJECT/mars_ws/build/mars_world
[0.760s] -- Install configuration: ""
[0.760s] -- Execute custom install script
[0.760s] -- Symlinking: /home/shihab/MARS PROJECT/mars_ws/install/mars_world/share/mars_world/worlds/mars_delivery.world
[0.766s] -- Symlinking: /home/shihab/MARS PROJECT/mars_ws/install/mars_world/share/mars_world/models/house1/model.config
[0.772s] -- Symlinking: /home/shihab/MARS PROJECT/mars_ws/install/mars_world/share/mars_world/models/house1/model.sdf
[0.777s] -- Symlinking: /home/shihab/MARS PROJECT/mars_ws/install/mars_world/share/mars_world/models/house2/model.config
[0.785s] -- Symlinking: /home/shihab/MARS PROJECT/mars_ws/install/mars_world/share/mars_world/models/house2/model.sdf
[0.793s] -- Symlinking: /home/shihab/MARS PROJECT/mars_ws/install/mars_world/share/mars_world/models/house3/model.config
[0.801s] -- Symlinking: /home/shihab/MARS PROJECT/mars_ws/install/mars_world/share/mars_world/models/house3/model.sdf
[0.810s] -- Symlinking: /home/shihab/MARS PROJECT/mars_ws/install/mars_world/share/mars_world/models/house4/model.config
[0.818s] -- Symlinking: /home/shihab/MARS PROJECT/mars_ws/install/mars_world/share/mars_world/models/house4/model.sdf
[0.826s] -- Symlinking: /home/shihab/MARS PROJECT/mars_ws/install/mars_world/share/mars_world/models/house5/model.config
[0.834s] -- Symlinking: /home/shihab/MARS PROJECT/mars_ws/install/mars_world/share/mars_world/models/house5/model.sdf
[0.840s] -- Symlinking: /home/shihab/MARS PROJECT/mars_ws/install/mars_world/share/mars_world/models/house6/model.config
[0.848s] -- Symlinking: /home/shihab/MARS PROJECT/mars_ws/install/mars_world/share/mars_world/models/house6/model.sdf
[0.854s] -- Symlinking: /home/shihab/MARS PROJECT/mars_ws/install/mars_world/share/mars_world/models/warehouse/model.config
[0.861s] -- Symlinking: /home/shihab/MARS PROJECT/mars_ws/install/mars_world/share/mars_world/models/warehouse/model.sdf
[0.870s] -- Symlinking: /home/shihab/MARS PROJECT/mars_ws/install/mars_world/share/ament_index/resource_index/package_run_dependencies/mars_world
[0.876s] -- Symlinking: /home/shihab/MARS PROJECT/mars_ws/install/mars_world/share/ament_index/resource_index/parent_prefix_path/mars_world
[0.884s] -- Symlinking: /home/shihab/MARS PROJECT/mars_ws/install/mars_world/share/mars_world/environment/ament_prefix_path.sh
[0.893s] -- Symlinking: /home/shihab/MARS PROJECT/mars_ws/install/mars_world/share/mars_world/environment/ament_prefix_path.dsv
[0.900s] -- Symlinking: /home/shihab/MARS PROJECT/mars_ws/install/mars_world/share/mars_world/environment/path.sh
[0.907s] -- Symlinking: /home/shihab/MARS PROJECT/mars_ws/install/mars_world/share/mars_world/environment/path.dsv
[0.913s] -- Symlinking: /home/shihab/MARS PROJECT/mars_ws/install/mars_world/share/mars_world/local_setup.bash
[0.921s] -- Symlinking: /home/shihab/MARS PROJECT/mars_ws/install/mars_world/share/mars_world/local_setup.sh
[0.927s] -- Symlinking: /home/shihab/MARS PROJECT/mars_ws/install/mars_world/share/mars_world/local_setup.zsh
[0.935s] -- Symlinking: /home/shihab/MARS PROJECT/mars_ws/install/mars_world/share/mars_world/local_setup.dsv
[0.942s] -- Symlinking: /home/shihab/MARS PROJECT/mars_ws/install/mars_world/share/mars_world/package.dsv
[0.952s] -- Symlinking: /home/shihab/MARS PROJECT/mars_ws/install/mars_world/share/ament_index/resource_index/packages/mars_world
[0.960s] -- Symlinking: /home/shihab/MARS PROJECT/mars_ws/install/mars_world/share/mars_world/cmake/mars_worldConfig.cmake
[0.966s] -- Symlinking: /home/shihab/MARS PROJECT/mars_ws/install/mars_world/share/mars_world/cmake/mars_worldConfig-version.cmake
[0.973s] -- Symlinking: /home/shihab/MARS PROJECT/mars_ws/install/mars_world/share/mars_world/package.xml
[0.988s] Invoked command in '/home/shihab/MARS PROJECT/mars_ws/build/mars_world' returned '0': CMAKE_PREFIX_PATH=${CMAKE_PREFIX_PATH}:/home/shihab/turtlebot3_ws/install/turtlebot3_teleop:/home/shihab/turtlebot3_ws/install/turtlebot3_example:/opt/ros/humble /usr/bin/cmake --install /home/shihab/MARS PROJECT/mars_ws/build/mars_world
