[0.113s] DEBUG:colcon:Command line arguments: ['/usr/bin/colcon', 'build', '--packages-select', 'mars_mission_manager', '--symlink-install']
[0.113s] DEBUG:colcon:Parsed command line arguments: Namespace(log_base=None, log_level=None, verb_name='build', build_base='build', install_base='install', merge_install=False, symlink_install=True, test_result_base=None, continue_on_error=False, executor='parallel', parallel_workers=12, event_handlers=None, ignore_user_meta=False, metas=['./colcon.meta'], base_paths=['.'], packages_ignore=None, packages_ignore_regex=None, paths=None, packages_up_to=None, packages_up_to_regex=None, packages_above=None, packages_above_and_dependencies=None, packages_above_depth=None, packages_select_by_dep=None, packages_skip_by_dep=None, packages_skip_up_to=None, packages_select_build_failed=False, packages_skip_build_finished=False, packages_select_test_failures=False, packages_skip_test_passed=False, packages_select=['mars_mission_manager'], packages_skip=None, packages_select_regex=None, packages_skip_regex=None, packages_start=None, packages_end=None, allow_overriding=[], cmake_args=None, cmake_target=None, cmake_target_skip_unavailable=False, cmake_clean_cache=False, cmake_clean_first=False, cmake_force_configure=False, ament_cmake_args=None, catkin_cmake_args=None, catkin_skip_building_tests=False, mixin_files=None, mixin=None, verb_parser=<colcon_mixin.mixin.mixin_argument.MixinArgumentDecorator object at 0x7fe73c4a5c90>, verb_extension=<colcon_core.verb.build.BuildVerb object at 0x7fe73c4a5720>, main=<bound method BuildVerb.main of <colcon_core.verb.build.BuildVerb object at 0x7fe73c4a5720>>, mixin_verb=('build',))
[0.283s] Level 1:colcon.colcon_core.package_discovery:discover_packages(colcon_meta) check parameters
[0.283s] Level 1:colcon.colcon_core.package_discovery:discover_packages(recursive) check parameters
[0.283s] Level 1:colcon.colcon_core.package_discovery:discover_packages(ignore) check parameters
[0.284s] Level 1:colcon.colcon_core.package_discovery:discover_packages(path) check parameters
[0.284s] Level 1:colcon.colcon_core.package_discovery:discover_packages(colcon_meta) discover
[0.284s] Level 1:colcon.colcon_core.package_discovery:discover_packages(recursive) discover
[0.284s] INFO:colcon.colcon_core.package_discovery:Crawling recursively for packages in '/home/shihab/MARS PROJECT/mars_ws'
[0.284s] Level 1:colcon.colcon_core.package_identification:_identify(.) by extensions ['ignore', 'ignore_ament_install']
[0.284s] Level 1:colcon.colcon_core.package_identification:_identify(.) by extension 'ignore'
[0.284s] Level 1:colcon.colcon_core.package_identification:_identify(.) by extension 'ignore_ament_install'
[0.284s] Level 1:colcon.colcon_core.package_identification:_identify(.) by extensions ['colcon_pkg']
[0.284s] Level 1:colcon.colcon_core.package_identification:_identify(.) by extension 'colcon_pkg'
[0.284s] Level 1:colcon.colcon_core.package_identification:_identify(.) by extensions ['colcon_meta']
[0.284s] Level 1:colcon.colcon_core.package_identification:_identify(.) by extension 'colcon_meta'
[0.284s] Level 1:colcon.colcon_core.package_identification:_identify(.) by extensions ['ros']
[0.284s] Level 1:colcon.colcon_core.package_identification:_identify(.) by extension 'ros'
[0.322s] Level 1:colcon.colcon_core.package_identification:_identify(.) by extensions ['cmake', 'python']
[0.322s] Level 1:colcon.colcon_core.package_identification:_identify(.) by extension 'cmake'
[0.322s] Level 1:colcon.colcon_core.package_identification:_identify(.) by extension 'python'
[0.322s] Level 1:colcon.colcon_core.package_identification:_identify(.) by extensions ['python_setup_py']
[0.322s] Level 1:colcon.colcon_core.package_identification:_identify(.) by extension 'python_setup_py'
[0.322s] Level 1:colcon.colcon_core.package_identification:_identify(build) by extensions ['ignore', 'ignore_ament_install']
[0.323s] Level 1:colcon.colcon_core.package_identification:_identify(build) by extension 'ignore'
[0.323s] Level 1:colcon.colcon_core.package_identification:_identify(build) ignored
[0.323s] Level 1:colcon.colcon_core.package_identification:_identify(install) by extensions ['ignore', 'ignore_ament_install']
[0.323s] Level 1:colcon.colcon_core.package_identification:_identify(install) by extension 'ignore'
[0.323s] Level 1:colcon.colcon_core.package_identification:_identify(install) ignored
[0.323s] Level 1:colcon.colcon_core.package_identification:_identify(log) by extensions ['ignore', 'ignore_ament_install']
[0.323s] Level 1:colcon.colcon_core.package_identification:_identify(log) by extension 'ignore'
[0.323s] Level 1:colcon.colcon_core.package_identification:_identify(log) ignored
[0.323s] Level 1:colcon.colcon_core.package_identification:_identify(src) by extensions ['ignore', 'ignore_ament_install']
[0.323s] Level 1:colcon.colcon_core.package_identification:_identify(src) by extension 'ignore'
[0.323s] Level 1:colcon.colcon_core.package_identification:_identify(src) by extension 'ignore_ament_install'
[0.323s] Level 1:colcon.colcon_core.package_identification:_identify(src) by extensions ['colcon_pkg']
[0.323s] Level 1:colcon.colcon_core.package_identification:_identify(src) by extension 'colcon_pkg'
[0.323s] Level 1:colcon.colcon_core.package_identification:_identify(src) by extensions ['colcon_meta']
[0.323s] Level 1:colcon.colcon_core.package_identification:_identify(src) by extension 'colcon_meta'
[0.323s] Level 1:colcon.colcon_core.package_identification:_identify(src) by extensions ['ros']
[0.323s] Level 1:colcon.colcon_core.package_identification:_identify(src) by extension 'ros'
[0.323s] Level 1:colcon.colcon_core.package_identification:_identify(src) by extensions ['cmake', 'python']
[0.323s] Level 1:colcon.colcon_core.package_identification:_identify(src) by extension 'cmake'
[0.323s] Level 1:colcon.colcon_core.package_identification:_identify(src) by extension 'python'
[0.323s] Level 1:colcon.colcon_core.package_identification:_identify(src) by extensions ['python_setup_py']
[0.323s] Level 1:colcon.colcon_core.package_identification:_identify(src) by extension 'python_setup_py'
[0.323s] Level 1:colcon.colcon_core.package_identification:_identify(src/mars_bringup) by extensions ['ignore', 'ignore_ament_install']
[0.323s] Level 1:colcon.colcon_core.package_identification:_identify(src/mars_bringup) by extension 'ignore'
[0.324s] Level 1:colcon.colcon_core.package_identification:_identify(src/mars_bringup) by extension 'ignore_ament_install'
[0.324s] Level 1:colcon.colcon_core.package_identification:_identify(src/mars_bringup) by extensions ['colcon_pkg']
[0.324s] Level 1:colcon.colcon_core.package_identification:_identify(src/mars_bringup) by extension 'colcon_pkg'
[0.324s] Level 1:colcon.colcon_core.package_identification:_identify(src/mars_bringup) by extensions ['colcon_meta']
[0.324s] Level 1:colcon.colcon_core.package_identification:_identify(src/mars_bringup) by extension 'colcon_meta'
[0.324s] Level 1:colcon.colcon_core.package_identification:_identify(src/mars_bringup) by extensions ['ros']
[0.324s] Level 1:colcon.colcon_core.package_identification:_identify(src/mars_bringup) by extension 'ros'
[0.326s] DEBUG:colcon.colcon_core.package_identification:Package 'src/mars_bringup' with type 'ros.ament_cmake' and name 'mars_bringup'
[0.326s] Level 1:colcon.colcon_core.package_identification:_identify(src/mars_drone_description) by extensions ['ignore', 'ignore_ament_install']
[0.326s] Level 1:colcon.colcon_core.package_identification:_identify(src/mars_drone_description) by extension 'ignore'
[0.326s] Level 1:colcon.colcon_core.package_identification:_identify(src/mars_drone_description) by extension 'ignore_ament_install'
[0.326s] Level 1:colcon.colcon_core.package_identification:_identify(src/mars_drone_description) by extensions ['colcon_pkg']
[0.326s] Level 1:colcon.colcon_core.package_identification:_identify(src/mars_drone_description) by extension 'colcon_pkg'
[0.326s] Level 1:colcon.colcon_core.package_identification:_identify(src/mars_drone_description) by extensions ['colcon_meta']
[0.326s] Level 1:colcon.colcon_core.package_identification:_identify(src/mars_drone_description) by extension 'colcon_meta'
[0.326s] Level 1:colcon.colcon_core.package_identification:_identify(src/mars_drone_description) by extensions ['ros']
[0.327s] Level 1:colcon.colcon_core.package_identification:_identify(src/mars_drone_description) by extension 'ros'
[0.327s] DEBUG:colcon.colcon_core.package_identification:Package 'src/mars_drone_description' with type 'ros.ament_cmake' and name 'mars_drone_description'
[0.327s] Level 1:colcon.colcon_core.package_identification:_identify(src/mars_graph_planner) by extensions ['ignore', 'ignore_ament_install']
[0.327s] Level 1:colcon.colcon_core.package_identification:_identify(src/mars_graph_planner) by extension 'ignore'
[0.327s] Level 1:colcon.colcon_core.package_identification:_identify(src/mars_graph_planner) by extension 'ignore_ament_install'
[0.327s] Level 1:colcon.colcon_core.package_identification:_identify(src/mars_graph_planner) by extensions ['colcon_pkg']
[0.327s] Level 1:colcon.colcon_core.package_identification:_identify(src/mars_graph_planner) by extension 'colcon_pkg'
[0.327s] Level 1:colcon.colcon_core.package_identification:_identify(src/mars_graph_planner) by extensions ['colcon_meta']
[0.327s] Level 1:colcon.colcon_core.package_identification:_identify(src/mars_graph_planner) by extension 'colcon_meta'
[0.327s] Level 1:colcon.colcon_core.package_identification:_identify(src/mars_graph_planner) by extensions ['ros']
[0.327s] Level 1:colcon.colcon_core.package_identification:_identify(src/mars_graph_planner) by extension 'ros'
[0.328s] DEBUG:colcon.colcon_core.package_identification:Package 'src/mars_graph_planner' with type 'ros.ament_python' and name 'mars_graph_planner'
[0.328s] Level 1:colcon.colcon_core.package_identification:_identify(src/mars_gui) by extensions ['ignore', 'ignore_ament_install']
[0.328s] Level 1:colcon.colcon_core.package_identification:_identify(src/mars_gui) by extension 'ignore'
[0.328s] Level 1:colcon.colcon_core.package_identification:_identify(src/mars_gui) by extension 'ignore_ament_install'
[0.328s] Level 1:colcon.colcon_core.package_identification:_identify(src/mars_gui) by extensions ['colcon_pkg']
[0.328s] Level 1:colcon.colcon_core.package_identification:_identify(src/mars_gui) by extension 'colcon_pkg'
[0.328s] Level 1:colcon.colcon_core.package_identification:_identify(src/mars_gui) by extensions ['colcon_meta']
[0.328s] Level 1:colcon.colcon_core.package_identification:_identify(src/mars_gui) by extension 'colcon_meta'
[0.328s] Level 1:colcon.colcon_core.package_identification:_identify(src/mars_gui) by extensions ['ros']
[0.328s] Level 1:colcon.colcon_core.package_identification:_identify(src/mars_gui) by extension 'ros'
[0.329s] DEBUG:colcon.colcon_core.package_identification:Package 'src/mars_gui' with type 'ros.ament_python' and name 'mars_gui'
[0.329s] Level 1:colcon.colcon_core.package_identification:_identify(src/mars_mission_manager) by extensions ['ignore', 'ignore_ament_install']
[0.329s] Level 1:colcon.colcon_core.package_identification:_identify(src/mars_mission_manager) by extension 'ignore'
[0.329s] Level 1:colcon.colcon_core.package_identification:_identify(src/mars_mission_manager) by extension 'ignore_ament_install'
[0.329s] Level 1:colcon.colcon_core.package_identification:_identify(src/mars_mission_manager) by extensions ['colcon_pkg']
[0.329s] Level 1:colcon.colcon_core.package_identification:_identify(src/mars_mission_manager) by extension 'colcon_pkg'
[0.329s] Level 1:colcon.colcon_core.package_identification:_identify(src/mars_mission_manager) by extensions ['colcon_meta']
[0.329s] Level 1:colcon.colcon_core.package_identification:_identify(src/mars_mission_manager) by extension 'colcon_meta'
[0.329s] Level 1:colcon.colcon_core.package_identification:_identify(src/mars_mission_manager) by extensions ['ros']
[0.329s] Level 1:colcon.colcon_core.package_identification:_identify(src/mars_mission_manager) by extension 'ros'
[0.330s] DEBUG:colcon.colcon_core.package_identification:Package 'src/mars_mission_manager' with type 'ros.ament_python' and name 'mars_mission_manager'
[0.330s] Level 1:colcon.colcon_core.package_identification:_identify(src/mars_world) by extensions ['ignore', 'ignore_ament_install']
[0.330s] Level 1:colcon.colcon_core.package_identification:_identify(src/mars_world) by extension 'ignore'
[0.330s] Level 1:colcon.colcon_core.package_identification:_identify(src/mars_world) by extension 'ignore_ament_install'
[0.331s] Level 1:colcon.colcon_core.package_identification:_identify(src/mars_world) by extensions ['colcon_pkg']
[0.331s] Level 1:colcon.colcon_core.package_identification:_identify(src/mars_world) by extension 'colcon_pkg'
[0.331s] Level 1:colcon.colcon_core.package_identification:_identify(src/mars_world) by extensions ['colcon_meta']
[0.331s] Level 1:colcon.colcon_core.package_identification:_identify(src/mars_world) by extension 'colcon_meta'
[0.331s] Level 1:colcon.colcon_core.package_identification:_identify(src/mars_world) by extensions ['ros']
[0.331s] Level 1:colcon.colcon_core.package_identification:_identify(src/mars_world) by extension 'ros'
[0.331s] DEBUG:colcon.colcon_core.package_identification:Package 'src/mars_world' with type 'ros.ament_cmake' and name 'mars_world'
[0.331s] Level 1:colcon.colcon_core.package_discovery:discover_packages(recursive) using defaults
[0.331s] Level 1:colcon.colcon_core.package_discovery:discover_packages(ignore) discover
[0.331s] Level 1:colcon.colcon_core.package_discovery:discover_packages(ignore) using defaults
[0.331s] Level 1:colcon.colcon_core.package_discovery:discover_packages(path) discover
[0.331s] Level 1:colcon.colcon_core.package_discovery:discover_packages(path) using defaults
[0.350s] INFO:colcon.colcon_core.package_selection:Skipping not selected package 'mars_drone_description' in 'src/mars_drone_description'
[0.350s] INFO:colcon.colcon_core.package_selection:Skipping not selected package 'mars_graph_planner' in 'src/mars_graph_planner'
[0.350s] INFO:colcon.colcon_core.package_selection:Skipping not selected package 'mars_gui' in 'src/mars_gui'
[0.350s] INFO:colcon.colcon_core.package_selection:Skipping not selected package 'mars_world' in 'src/mars_world'
[0.350s] INFO:colcon.colcon_core.package_selection:Skipping not selected package 'mars_bringup' in 'src/mars_bringup'
[0.351s] Level 1:colcon.colcon_core.package_discovery:discover_packages(prefix_path) check parameters
[0.351s] Level 1:colcon.colcon_core.package_discovery:discover_packages(prefix_path) discover
[0.353s] DEBUG:colcon.colcon_installed_package_information.package_discovery:Found 16 installed packages in /home/shihab/turtlebot3_ws/install
[0.355s] DEBUG:colcon.colcon_installed_package_information.package_discovery:Found 477 installed packages in /opt/ros/humble
[0.357s] Level 1:colcon.colcon_core.package_discovery:discover_packages(prefix_path) using defaults
[0.400s] Level 5:colcon.colcon_core.verb:set package 'mars_mission_manager' build argument 'cmake_args' from command line to 'None'
[0.400s] Level 5:colcon.colcon_core.verb:set package 'mars_mission_manager' build argument 'cmake_target' from command line to 'None'
[0.400s] Level 5:colcon.colcon_core.verb:set package 'mars_mission_manager' build argument 'cmake_target_skip_unavailable' from command line to 'False'
[0.400s] Level 5:colcon.colcon_core.verb:set package 'mars_mission_manager' build argument 'cmake_clean_cache' from command line to 'False'
[0.400s] Level 5:colcon.colcon_core.verb:set package 'mars_mission_manager' build argument 'cmake_clean_first' from command line to 'False'
[0.400s] Level 5:colcon.colcon_core.verb:set package 'mars_mission_manager' build argument 'cmake_force_configure' from command line to 'False'
[0.400s] Level 5:colcon.colcon_core.verb:set package 'mars_mission_manager' build argument 'ament_cmake_args' from command line to 'None'
[0.400s] Level 5:colcon.colcon_core.verb:set package 'mars_mission_manager' build argument 'catkin_cmake_args' from command line to 'None'
[0.400s] Level 5:colcon.colcon_core.verb:set package 'mars_mission_manager' build argument 'catkin_skip_building_tests' from command line to 'False'
[0.400s] DEBUG:colcon.colcon_core.verb:Building package 'mars_mission_manager' with the following arguments: {'ament_cmake_args': None, 'build_base': '/home/shihab/MARS PROJECT/mars_ws/build/mars_mission_manager', 'catkin_cmake_args': None, 'catkin_skip_building_tests': False, 'cmake_args': None, 'cmake_clean_cache': False, 'cmake_clean_first': False, 'cmake_force_configure': False, 'cmake_target': None, 'cmake_target_skip_unavailable': False, 'install_base': '/home/shihab/MARS PROJECT/mars_ws/install/mars_mission_manager', 'merge_install': False, 'path': '/home/shihab/MARS PROJECT/mars_ws/src/mars_mission_manager', 'symlink_install': True, 'test_result_base': None}
[0.400s] INFO:colcon.colcon_core.executor:Executing jobs using 'parallel' executor
[0.401s] DEBUG:colcon.colcon_parallel_executor.executor.parallel:run_until_complete
[0.402s] INFO:colcon.colcon_ros.task.ament_python.build:Building ROS package in '/home/shihab/MARS PROJECT/mars_ws/src/mars_mission_manager' with build type 'ament_python'
[0.402s] Level 1:colcon.colcon_core.shell:create_environment_hook('mars_mission_manager', 'ament_prefix_path')
[0.404s] INFO:colcon.colcon_core.plugin_system:Skipping extension 'colcon_core.shell.bat': Not used on non-Windows systems
[0.404s] INFO:colcon.colcon_core.shell:Creating environment hook '/home/shihab/MARS PROJECT/mars_ws/install/mars_mission_manager/share/mars_mission_manager/hook/ament_prefix_path.ps1'
[0.405s] INFO:colcon.colcon_core.shell:Creating environment descriptor '/home/shihab/MARS PROJECT/mars_ws/install/mars_mission_manager/share/mars_mission_manager/hook/ament_prefix_path.dsv'
[0.405s] INFO:colcon.colcon_core.shell:Creating environment hook '/home/shihab/MARS PROJECT/mars_ws/install/mars_mission_manager/share/mars_mission_manager/hook/ament_prefix_path.sh'
[0.406s] INFO:colcon.colcon_core.shell:Skip shell extension 'powershell' for command environment: Not usable outside of PowerShell
[0.406s] DEBUG:colcon.colcon_core.shell:Skip shell extension 'dsv' for command environment
[0.687s] INFO:colcon.colcon_core.task.python.build:Building Python package in '/home/shihab/MARS PROJECT/mars_ws/src/mars_mission_manager'
[0.687s] INFO:colcon.colcon_core.shell:Skip shell extension 'powershell' for command environment: Not usable outside of PowerShell
[0.687s] DEBUG:colcon.colcon_core.shell:Skip shell extension 'dsv' for command environment
[1.104s] DEBUG:colcon.colcon_core.task.python.build:While undoing a previous installation files outside the Python library path are being ignored: /home/shihab/MARS PROJECT/mars_ws/install/mars_mission_manager/share/ament_index/resource_index/packages/mars_mission_manager
[1.104s] DEBUG:colcon.colcon_core.task.python.build:While undoing a previous installation files outside the Python library path are being ignored: /home/shihab/MARS PROJECT/mars_ws/install/mars_mission_manager/share/mars_mission_manager/package.xml
[1.104s] DEBUG:colcon.colcon_core.task.python.build:While undoing a previous installation files outside the Python library path are being ignored: /home/shihab/MARS PROJECT/mars_ws/install/mars_mission_manager/lib/mars_mission_manager/mission_manager_node
[1.108s] DEBUG:colcon.colcon_core.event_handler.log_command:Invoking command in '/home/shihab/MARS PROJECT/mars_ws/build/mars_mission_manager': PYTHONPATH=/home/shihab/MARS PROJECT/mars_ws/build/mars_mission_manager/prefix_override:/usr/lib/python3/dist-packages/colcon_core/task/python/colcon_distutils_commands:/home/shihab/MARS PROJECT/mars_ws/install/mars_mission_manager/lib/python3.10/site-packages:${PYTHONPATH} /usr/bin/python3 -W ignore:setup.py install is deprecated -W ignore:easy_install command is deprecated setup.py develop --editable --build-directory /home/shihab/MARS PROJECT/mars_ws/build/mars_mission_manager/build --no-deps symlink_data --force
[1.608s] Level 1:colcon.colcon_core.shell:create_environment_hook('mars_mission_manager', 'pythonpath_develop')
[1.608s] INFO:colcon.colcon_core.shell:Creating environment hook '/home/shihab/MARS PROJECT/mars_ws/build/mars_mission_manager/share/mars_mission_manager/hook/pythonpath_develop.ps1'
[1.609s] DEBUG:colcon.colcon_core.event_handler.log_command:Invoked command in '/home/shihab/MARS PROJECT/mars_ws/build/mars_mission_manager' returned '0': PYTHONPATH=/home/shihab/MARS PROJECT/mars_ws/build/mars_mission_manager/prefix_override:/usr/lib/python3/dist-packages/colcon_core/task/python/colcon_distutils_commands:/home/shihab/MARS PROJECT/mars_ws/install/mars_mission_manager/lib/python3.10/site-packages:${PYTHONPATH} /usr/bin/python3 -W ignore:setup.py install is deprecated -W ignore:easy_install command is deprecated setup.py develop --editable --build-directory /home/shihab/MARS PROJECT/mars_ws/build/mars_mission_manager/build --no-deps symlink_data --force
[1.609s] INFO:colcon.colcon_core.shell:Creating environment descriptor '/home/shihab/MARS PROJECT/mars_ws/build/mars_mission_manager/share/mars_mission_manager/hook/pythonpath_develop.dsv'
[1.610s] INFO:colcon.colcon_core.shell:Creating environment hook '/home/shihab/MARS PROJECT/mars_ws/build/mars_mission_manager/share/mars_mission_manager/hook/pythonpath_develop.sh'
[1.614s] Level 1:colcon.colcon_core.environment:checking '/home/shihab/MARS PROJECT/mars_ws/install/mars_mission_manager' for CMake module files
[1.614s] Level 1:colcon.colcon_core.environment:checking '/home/shihab/MARS PROJECT/mars_ws/install/mars_mission_manager' for CMake config files
[1.615s] Level 1:colcon.colcon_core.environment:checking '/home/shihab/MARS PROJECT/mars_ws/install/mars_mission_manager/lib'
[1.615s] Level 1:colcon.colcon_core.environment:checking '/home/shihab/MARS PROJECT/mars_ws/install/mars_mission_manager/bin'
[1.615s] Level 1:colcon.colcon_core.environment:checking '/home/shihab/MARS PROJECT/mars_ws/install/mars_mission_manager/lib/pkgconfig/mars_mission_manager.pc'
[1.616s] Level 1:colcon.colcon_core.environment:checking '/home/shihab/MARS PROJECT/mars_ws/install/mars_mission_manager/lib/python3.10/site-packages'
[1.616s] Level 1:colcon.colcon_core.shell:create_environment_hook('mars_mission_manager', 'pythonpath')
[1.616s] INFO:colcon.colcon_core.shell:Creating environment hook '/home/shihab/MARS PROJECT/mars_ws/install/mars_mission_manager/share/mars_mission_manager/hook/pythonpath.ps1'
[1.617s] INFO:colcon.colcon_core.shell:Creating environment descriptor '/home/shihab/MARS PROJECT/mars_ws/install/mars_mission_manager/share/mars_mission_manager/hook/pythonpath.dsv'
[1.617s] INFO:colcon.colcon_core.shell:Creating environment hook '/home/shihab/MARS PROJECT/mars_ws/install/mars_mission_manager/share/mars_mission_manager/hook/pythonpath.sh'
[1.618s] Level 1:colcon.colcon_core.environment:checking '/home/shihab/MARS PROJECT/mars_ws/install/mars_mission_manager/bin'
[1.618s] Level 1:colcon.colcon_core.environment:create_environment_scripts_only(mars_mission_manager)
[1.619s] INFO:colcon.colcon_core.shell:Creating package script '/home/shihab/MARS PROJECT/mars_ws/install/mars_mission_manager/share/mars_mission_manager/package.ps1'
[1.620s] INFO:colcon.colcon_core.shell:Creating package descriptor '/home/shihab/MARS PROJECT/mars_ws/install/mars_mission_manager/share/mars_mission_manager/package.dsv'
[1.620s] INFO:colcon.colcon_core.shell:Creating package script '/home/shihab/MARS PROJECT/mars_ws/install/mars_mission_manager/share/mars_mission_manager/package.sh'
[1.621s] INFO:colcon.colcon_core.shell:Creating package script '/home/shihab/MARS PROJECT/mars_ws/install/mars_mission_manager/share/mars_mission_manager/package.bash'
[1.622s] INFO:colcon.colcon_core.shell:Creating package script '/home/shihab/MARS PROJECT/mars_ws/install/mars_mission_manager/share/mars_mission_manager/package.zsh'
[1.623s] Level 1:colcon.colcon_core.environment:create_file_with_runtime_dependencies(/home/shihab/MARS PROJECT/mars_ws/install/mars_mission_manager/share/colcon-core/packages/mars_mission_manager)
[1.623s] DEBUG:colcon.colcon_parallel_executor.executor.parallel:closing loop
[1.623s] DEBUG:colcon.colcon_parallel_executor.executor.parallel:loop closed
[1.623s] DEBUG:colcon.colcon_parallel_executor.executor.parallel:run_until_complete finished with '0'
[1.623s] DEBUG:colcon.colcon_core.event_reactor:joining thread
[1.630s] INFO:colcon.colcon_core.plugin_system:Skipping extension 'colcon_notification.desktop_notification.terminal_notifier': Not used on non-Darwin systems
[1.630s] INFO:colcon.colcon_core.plugin_system:Skipping extension 'colcon_notification.desktop_notification.win32': Not used on non-Windows systems
[1.630s] INFO:colcon.colcon_notification.desktop_notification:Sending desktop notification using 'notify2'
[1.645s] DEBUG:colcon.colcon_core.event_reactor:joined thread
[1.645s] INFO:colcon.colcon_core.shell:Creating prefix script '/home/shihab/MARS PROJECT/mars_ws/install/local_setup.ps1'
[1.646s] INFO:colcon.colcon_core.shell:Creating prefix util module '/home/shihab/MARS PROJECT/mars_ws/install/_local_setup_util_ps1.py'
[1.647s] INFO:colcon.colcon_core.shell:Creating prefix chain script '/home/shihab/MARS PROJECT/mars_ws/install/setup.ps1'
[1.648s] INFO:colcon.colcon_core.shell:Creating prefix script '/home/shihab/MARS PROJECT/mars_ws/install/local_setup.sh'
[1.649s] INFO:colcon.colcon_core.shell:Creating prefix util module '/home/shihab/MARS PROJECT/mars_ws/install/_local_setup_util_sh.py'
[1.649s] INFO:colcon.colcon_core.shell:Creating prefix chain script '/home/shihab/MARS PROJECT/mars_ws/install/setup.sh'
[1.651s] INFO:colcon.colcon_core.shell:Creating prefix script '/home/shihab/MARS PROJECT/mars_ws/install/local_setup.bash'
[1.652s] INFO:colcon.colcon_core.shell:Creating prefix chain script '/home/shihab/MARS PROJECT/mars_ws/install/setup.bash'
[1.653s] INFO:colcon.colcon_core.shell:Creating prefix script '/home/shihab/MARS PROJECT/mars_ws/install/local_setup.zsh'
[1.654s] INFO:colcon.colcon_core.shell:Creating prefix chain script '/home/shihab/MARS PROJECT/mars_ws/install/setup.zsh'
