[0.017s] Invoking command in '/home/shihab/MARS PROJECT/mars_ws/build/mars_drone_description': CMAKE_PREFIX_PATH=${CMAKE_PREFIX_PATH}:/home/shihab/turtlebot3_ws/install/turtlebot3_teleop:/home/shihab/turtlebot3_ws/install/turtlebot3_example:/opt/ros/humble /usr/bin/cmake /home/shihab/MARS PROJECT/mars_ws/src/mars_drone_description -DAMENT_CMAKE_SYMLINK_INSTALL=1 -DCMAKE_INSTALL_PREFIX=/home/shihab/MARS PROJECT/mars_ws/install/mars_drone_description
[0.201s] -- The C compiler identification is GNU 11.4.0
[0.201s] -- The CXX compiler identification is GNU 11.4.0
[0.202s] -- Detecting C compiler ABI info
[0.218s] -- Detecting C compiler ABI info - done
[0.223s] -- Check for working C compiler: /usr/bin/cc - skipped
[0.224s] -- Detecting C compile features
[0.224s] -- Detecting C compile features - done
[0.227s] -- Detecting CXX compiler ABI info
[0.287s] -- Detecting CXX compiler ABI info - done
[0.292s] -- Check for working CXX compiler: /usr/bin/c++ - skipped
[0.292s] -- Detecting CXX compile features
[0.292s] -- Detecting CXX compile features - done
[0.303s] -- Found ament_cmake: 1.3.12 (/opt/ros/humble/share/ament_cmake/cmake)
[0.436s] -- Found Python3: /usr/bin/python3 (found version "3.10.12") found components: Interpreter 
[0.486s] -- Override CMake install command with custom implementation using symlinks instead of copying resources
[0.600s] -- Configuring done
[0.603s] -- Generating done
[0.604s] -- Build files have been written to: /home/shihab/MARS PROJECT/mars_ws/build/mars_drone_description
[0.607s] Invoked command in '/home/shihab/MARS PROJECT/mars_ws/build/mars_drone_description' returned '0': CMAKE_PREFIX_PATH=${CMAKE_PREFIX_PATH}:/home/shihab/turtlebot3_ws/install/turtlebot3_teleop:/home/shihab/turtlebot3_ws/install/turtlebot3_example:/opt/ros/humble /usr/bin/cmake /home/shihab/MARS PROJECT/mars_ws/src/mars_drone_description -DAMENT_CMAKE_SYMLINK_INSTALL=1 -DCMAKE_INSTALL_PREFIX=/home/shihab/MARS PROJECT/mars_ws/install/mars_drone_description
[0.609s] Invoking command in '/home/shihab/MARS PROJECT/mars_ws/build/mars_drone_description': CMAKE_PREFIX_PATH=${CMAKE_PREFIX_PATH}:/home/shihab/turtlebot3_ws/install/turtlebot3_teleop:/home/shihab/turtlebot3_ws/install/turtlebot3_example:/opt/ros/humble /usr/bin/cmake --build /home/shihab/MARS PROJECT/mars_ws/build/mars_drone_description -- -j12 -l12
[0.645s] Invoked command in '/home/shihab/MARS PROJECT/mars_ws/build/mars_drone_description' returned '0': CMAKE_PREFIX_PATH=${CMAKE_PREFIX_PATH}:/home/shihab/turtlebot3_ws/install/turtlebot3_teleop:/home/shihab/turtlebot3_ws/install/turtlebot3_example:/opt/ros/humble /usr/bin/cmake --build /home/shihab/MARS PROJECT/mars_ws/build/mars_drone_description -- -j12 -l12
[0.652s] Invoking command in '/home/shihab/MARS PROJECT/mars_ws/build/mars_drone_description': CMAKE_PREFIX_PATH=${CMAKE_PREFIX_PATH}:/home/shihab/turtlebot3_ws/install/turtlebot3_teleop:/home/shihab/turtlebot3_ws/install/turtlebot3_example:/opt/ros/humble /usr/bin/cmake --install /home/shihab/MARS PROJECT/mars_ws/build/mars_drone_description
[0.658s] -- Install configuration: ""
[0.658s] -- Execute custom install script
[0.659s] -- Symlinking: /home/shihab/MARS PROJECT/mars_ws/install/mars_drone_description/share/mars_drone_description/urdf/drone.urdf.xacro
[0.668s] -- Symlinking: /home/shihab/MARS PROJECT/mars_ws/install/mars_drone_description/share/mars_drone_description/launch/display.launch.py
[0.677s] -- Symlinking: /home/shihab/MARS PROJECT/mars_ws/install/mars_drone_description/share/ament_index/resource_index/package_run_dependencies/mars_drone_description
[0.685s] -- Symlinking: /home/shihab/MARS PROJECT/mars_ws/install/mars_drone_description/share/ament_index/resource_index/parent_prefix_path/mars_drone_description
[0.692s] -- Symlinking: /home/shihab/MARS PROJECT/mars_ws/install/mars_drone_description/share/mars_drone_description/environment/ament_prefix_path.sh
[0.698s] -- Symlinking: /home/shihab/MARS PROJECT/mars_ws/install/mars_drone_description/share/mars_drone_description/environment/ament_prefix_path.dsv
[0.706s] -- Symlinking: /home/shihab/MARS PROJECT/mars_ws/install/mars_drone_description/share/mars_drone_description/environment/path.sh
[0.714s] -- Symlinking: /home/shihab/MARS PROJECT/mars_ws/install/mars_drone_description/share/mars_drone_description/environment/path.dsv
[0.721s] -- Symlinking: /home/shihab/MARS PROJECT/mars_ws/install/mars_drone_description/share/mars_drone_description/local_setup.bash
[0.729s] -- Symlinking: /home/shihab/MARS PROJECT/mars_ws/install/mars_drone_description/share/mars_drone_description/local_setup.sh
[0.736s] -- Symlinking: /home/shihab/MARS PROJECT/mars_ws/install/mars_drone_description/share/mars_drone_description/local_setup.zsh
[0.745s] -- Symlinking: /home/shihab/MARS PROJECT/mars_ws/install/mars_drone_description/share/mars_drone_description/local_setup.dsv
[0.753s] -- Symlinking: /home/shihab/MARS PROJECT/mars_ws/install/mars_drone_description/share/mars_drone_description/package.dsv
[0.762s] -- Symlinking: /home/shihab/MARS PROJECT/mars_ws/install/mars_drone_description/share/ament_index/resource_index/packages/mars_drone_description
[0.768s] -- Symlinking: /home/shihab/MARS PROJECT/mars_ws/install/mars_drone_description/share/mars_drone_description/cmake/mars_drone_descriptionConfig.cmake
[0.774s] -- Symlinking: /home/shihab/MARS PROJECT/mars_ws/install/mars_drone_description/share/mars_drone_description/cmake/mars_drone_descriptionConfig-version.cmake
[0.780s] -- Symlinking: /home/shihab/MARS PROJECT/mars_ws/install/mars_drone_description/share/mars_drone_description/package.xml
[0.788s] Invoked command in '/home/shihab/MARS PROJECT/mars_ws/build/mars_drone_description' returned '0': CMAKE_PREFIX_PATH=${CMAKE_PREFIX_PATH}:/home/shihab/turtlebot3_ws/install/turtlebot3_teleop:/home/shihab/turtlebot3_ws/install/turtlebot3_example:/opt/ros/humble /usr/bin/cmake --install /home/shihab/MARS PROJECT/mars_ws/build/mars_drone_description
