[0.083s] DEBUG:colcon:Command line arguments: ['/usr/bin/colcon', 'build', '--symlink-install']
[0.083s] DEBUG:colcon:Parsed command line arguments: Namespace(log_base=None, log_level=None, verb_name='build', build_base='build', install_base='install', merge_install=False, symlink_install=True, test_result_base=None, continue_on_error=False, executor='parallel', parallel_workers=12, event_handlers=None, ignore_user_meta=False, metas=['./colcon.meta'], base_paths=['.'], packages_ignore=None, packages_ignore_regex=None, paths=None, packages_up_to=None, packages_up_to_regex=None, packages_above=None, packages_above_and_dependencies=None, packages_above_depth=None, packages_select_by_dep=None, packages_skip_by_dep=None, packages_skip_up_to=None, packages_select_build_failed=False, packages_skip_build_finished=False, packages_select_test_failures=False, packages_skip_test_passed=False, packages_select=None, packages_skip=None, packages_select_regex=None, packages_skip_regex=None, packages_start=None, packages_end=None, allow_overriding=[], cmake_args=None, cmake_target=None, cmake_target_skip_unavailable=False, cmake_clean_cache=False, cmake_clean_first=False, cmake_force_configure=False, ament_cmake_args=None, catkin_cmake_args=None, catkin_skip_building_tests=False, mixin_files=None, mixin=None, verb_parser=<colcon_mixin.mixin.mixin_argument.MixinArgumentDecorator object at 0x7f4679c8e8f0>, verb_extension=<colcon_core.verb.build.BuildVerb object at 0x7f4679c8e470>, main=<bound method BuildVerb.main of <colcon_core.verb.build.BuildVerb object at 0x7f4679c8e470>>, mixin_verb=('build',))
[0.135s] Level 1:colcon.colcon_core.package_discovery:discover_packages(colcon_meta) check parameters
[0.135s] Level 1:colcon.colcon_core.package_discovery:discover_packages(recursive) check parameters
[0.135s] Level 1:colcon.colcon_core.package_discovery:discover_packages(ignore) check parameters
[0.135s] Level 1:colcon.colcon_core.package_discovery:discover_packages(path) check parameters
[0.135s] Level 1:colcon.colcon_core.package_discovery:discover_packages(colcon_meta) discover
[0.135s] Level 1:colcon.colcon_core.package_discovery:discover_packages(recursive) discover
[0.135s] INFO:colcon.colcon_core.package_discovery:Crawling recursively for packages in '/home/shihab/MARS PROJECT/mars_ws'
[0.135s] Level 1:colcon.colcon_core.package_identification:_identify(.) by extensions ['ignore', 'ignore_ament_install']
[0.135s] Level 1:colcon.colcon_core.package_identification:_identify(.) by extension 'ignore'
[0.135s] Level 1:colcon.colcon_core.package_identification:_identify(.) by extension 'ignore_ament_install'
[0.136s] Level 1:colcon.colcon_core.package_identification:_identify(.) by extensions ['colcon_pkg']
[0.136s] Level 1:colcon.colcon_core.package_identification:_identify(.) by extension 'colcon_pkg'
[0.136s] Level 1:colcon.colcon_core.package_identification:_identify(.) by extensions ['colcon_meta']
[0.136s] Level 1:colcon.colcon_core.package_identification:_identify(.) by extension 'colcon_meta'
[0.136s] Level 1:colcon.colcon_core.package_identification:_identify(.) by extensions ['ros']
[0.136s] Level 1:colcon.colcon_core.package_identification:_identify(.) by extension 'ros'
[0.166s] Level 1:colcon.colcon_core.package_identification:_identify(.) by extensions ['cmake', 'python']
[0.166s] Level 1:colcon.colcon_core.package_identification:_identify(.) by extension 'cmake'
[0.166s] Level 1:colcon.colcon_core.package_identification:_identify(.) by extension 'python'
[0.166s] Level 1:colcon.colcon_core.package_identification:_identify(.) by extensions ['python_setup_py']
[0.166s] Level 1:colcon.colcon_core.package_identification:_identify(.) by extension 'python_setup_py'
[0.166s] Level 1:colcon.colcon_core.package_identification:_identify(build) by extensions ['ignore', 'ignore_ament_install']
[0.166s] Level 1:colcon.colcon_core.package_identification:_identify(build) by extension 'ignore'
[0.166s] Level 1:colcon.colcon_core.package_identification:_identify(build) ignored
[0.166s] Level 1:colcon.colcon_core.package_identification:_identify(install) by extensions ['ignore', 'ignore_ament_install']
[0.166s] Level 1:colcon.colcon_core.package_identification:_identify(install) by extension 'ignore'
[0.166s] Level 1:colcon.colcon_core.package_identification:_identify(install) ignored
[0.166s] Level 1:colcon.colcon_core.package_identification:_identify(log) by extensions ['ignore', 'ignore_ament_install']
[0.166s] Level 1:colcon.colcon_core.package_identification:_identify(log) by extension 'ignore'
[0.166s] Level 1:colcon.colcon_core.package_identification:_identify(log) ignored
[0.166s] Level 1:colcon.colcon_core.package_identification:_identify(src) by extensions ['ignore', 'ignore_ament_install']
[0.167s] Level 1:colcon.colcon_core.package_identification:_identify(src) by extension 'ignore'
[0.167s] Level 1:colcon.colcon_core.package_identification:_identify(src) by extension 'ignore_ament_install'
[0.167s] Level 1:colcon.colcon_core.package_identification:_identify(src) by extensions ['colcon_pkg']
[0.167s] Level 1:colcon.colcon_core.package_identification:_identify(src) by extension 'colcon_pkg'
[0.167s] Level 1:colcon.colcon_core.package_identification:_identify(src) by extensions ['colcon_meta']
[0.167s] Level 1:colcon.colcon_core.package_identification:_identify(src) by extension 'colcon_meta'
[0.167s] Level 1:colcon.colcon_core.package_identification:_identify(src) by extensions ['ros']
[0.167s] Level 1:colcon.colcon_core.package_identification:_identify(src) by extension 'ros'
[0.167s] Level 1:colcon.colcon_core.package_identification:_identify(src) by extensions ['cmake', 'python']
[0.167s] Level 1:colcon.colcon_core.package_identification:_identify(src) by extension 'cmake'
[0.167s] Level 1:colcon.colcon_core.package_identification:_identify(src) by extension 'python'
[0.167s] Level 1:colcon.colcon_core.package_identification:_identify(src) by extensions ['python_setup_py']
[0.167s] Level 1:colcon.colcon_core.package_identification:_identify(src) by extension 'python_setup_py'
[0.167s] Level 1:colcon.colcon_core.package_identification:_identify(src/mars_bringup) by extensions ['ignore', 'ignore_ament_install']
[0.167s] Level 1:colcon.colcon_core.package_identification:_identify(src/mars_bringup) by extension 'ignore'
[0.167s] Level 1:colcon.colcon_core.package_identification:_identify(src/mars_bringup) by extension 'ignore_ament_install'
[0.167s] Level 1:colcon.colcon_core.package_identification:_identify(src/mars_bringup) by extensions ['colcon_pkg']
[0.167s] Level 1:colcon.colcon_core.package_identification:_identify(src/mars_bringup) by extension 'colcon_pkg'
[0.167s] Level 1:colcon.colcon_core.package_identification:_identify(src/mars_bringup) by extensions ['colcon_meta']
[0.167s] Level 1:colcon.colcon_core.package_identification:_identify(src/mars_bringup) by extension 'colcon_meta'
[0.167s] Level 1:colcon.colcon_core.package_identification:_identify(src/mars_bringup) by extensions ['ros']
[0.167s] Level 1:colcon.colcon_core.package_identification:_identify(src/mars_bringup) by extension 'ros'
[0.169s] DEBUG:colcon.colcon_core.package_identification:Package 'src/mars_bringup' with type 'ros.ament_cmake' and name 'mars_bringup'
[0.169s] Level 1:colcon.colcon_core.package_identification:_identify(src/mars_drone_description) by extensions ['ignore', 'ignore_ament_install']
[0.169s] Level 1:colcon.colcon_core.package_identification:_identify(src/mars_drone_description) by extension 'ignore'
[0.169s] Level 1:colcon.colcon_core.package_identification:_identify(src/mars_drone_description) by extension 'ignore_ament_install'
[0.169s] Level 1:colcon.colcon_core.package_identification:_identify(src/mars_drone_description) by extensions ['colcon_pkg']
[0.169s] Level 1:colcon.colcon_core.package_identification:_identify(src/mars_drone_description) by extension 'colcon_pkg'
[0.169s] Level 1:colcon.colcon_core.package_identification:_identify(src/mars_drone_description) by extensions ['colcon_meta']
[0.169s] Level 1:colcon.colcon_core.package_identification:_identify(src/mars_drone_description) by extension 'colcon_meta'
[0.169s] Level 1:colcon.colcon_core.package_identification:_identify(src/mars_drone_description) by extensions ['ros']
[0.169s] Level 1:colcon.colcon_core.package_identification:_identify(src/mars_drone_description) by extension 'ros'
[0.170s] DEBUG:colcon.colcon_core.package_identification:Package 'src/mars_drone_description' with type 'ros.ament_cmake' and name 'mars_drone_description'
[0.170s] Level 1:colcon.colcon_core.package_identification:_identify(src/mars_gui) by extensions ['ignore', 'ignore_ament_install']
[0.170s] Level 1:colcon.colcon_core.package_identification:_identify(src/mars_gui) by extension 'ignore'
[0.170s] Level 1:colcon.colcon_core.package_identification:_identify(src/mars_gui) by extension 'ignore_ament_install'
[0.170s] Level 1:colcon.colcon_core.package_identification:_identify(src/mars_gui) by extensions ['colcon_pkg']
[0.170s] Level 1:colcon.colcon_core.package_identification:_identify(src/mars_gui) by extension 'colcon_pkg'
[0.170s] Level 1:colcon.colcon_core.package_identification:_identify(src/mars_gui) by extensions ['colcon_meta']
[0.170s] Level 1:colcon.colcon_core.package_identification:_identify(src/mars_gui) by extension 'colcon_meta'
[0.170s] Level 1:colcon.colcon_core.package_identification:_identify(src/mars_gui) by extensions ['ros']
[0.170s] Level 1:colcon.colcon_core.package_identification:_identify(src/mars_gui) by extension 'ros'
[0.171s] DEBUG:colcon.colcon_core.package_identification:Package 'src/mars_gui' with type 'ros.ament_python' and name 'mars_gui'
[0.171s] Level 1:colcon.colcon_core.package_identification:_identify(src/mars_mission_manager) by extensions ['ignore', 'ignore_ament_install']
[0.171s] Level 1:colcon.colcon_core.package_identification:_identify(src/mars_mission_manager) by extension 'ignore'
[0.171s] Level 1:colcon.colcon_core.package_identification:_identify(src/mars_mission_manager) by extension 'ignore_ament_install'
[0.171s] Level 1:colcon.colcon_core.package_identification:_identify(src/mars_mission_manager) by extensions ['colcon_pkg']
[0.171s] Level 1:colcon.colcon_core.package_identification:_identify(src/mars_mission_manager) by extension 'colcon_pkg'
[0.171s] Level 1:colcon.colcon_core.package_identification:_identify(src/mars_mission_manager) by extensions ['colcon_meta']
[0.171s] Level 1:colcon.colcon_core.package_identification:_identify(src/mars_mission_manager) by extension 'colcon_meta'
[0.171s] Level 1:colcon.colcon_core.package_identification:_identify(src/mars_mission_manager) by extensions ['ros']
[0.171s] Level 1:colcon.colcon_core.package_identification:_identify(src/mars_mission_manager) by extension 'ros'
[0.171s] DEBUG:colcon.colcon_core.package_identification:Package 'src/mars_mission_manager' with type 'ros.ament_python' and name 'mars_mission_manager'
[0.172s] Level 1:colcon.colcon_core.package_identification:_identify(src/mars_world) by extensions ['ignore', 'ignore_ament_install']
[0.172s] Level 1:colcon.colcon_core.package_identification:_identify(src/mars_world) by extension 'ignore'
[0.172s] Level 1:colcon.colcon_core.package_identification:_identify(src/mars_world) by extension 'ignore_ament_install'
[0.172s] Level 1:colcon.colcon_core.package_identification:_identify(src/mars_world) by extensions ['colcon_pkg']
[0.172s] Level 1:colcon.colcon_core.package_identification:_identify(src/mars_world) by extension 'colcon_pkg'
[0.172s] Level 1:colcon.colcon_core.package_identification:_identify(src/mars_world) by extensions ['colcon_meta']
[0.172s] Level 1:colcon.colcon_core.package_identification:_identify(src/mars_world) by extension 'colcon_meta'
[0.172s] Level 1:colcon.colcon_core.package_identification:_identify(src/mars_world) by extensions ['ros']
[0.172s] Level 1:colcon.colcon_core.package_identification:_identify(src/mars_world) by extension 'ros'
[0.172s] DEBUG:colcon.colcon_core.package_identification:Package 'src/mars_world' with type 'ros.ament_cmake' and name 'mars_world'
[0.172s] Level 1:colcon.colcon_core.package_discovery:discover_packages(recursive) using defaults
[0.172s] Level 1:colcon.colcon_core.package_discovery:discover_packages(ignore) discover
[0.172s] Level 1:colcon.colcon_core.package_discovery:discover_packages(ignore) using defaults
[0.172s] Level 1:colcon.colcon_core.package_discovery:discover_packages(path) discover
[0.172s] Level 1:colcon.colcon_core.package_discovery:discover_packages(path) using defaults
[0.188s] Level 1:colcon.colcon_core.package_discovery:discover_packages(prefix_path) check parameters
[0.188s] Level 1:colcon.colcon_core.package_discovery:discover_packages(prefix_path) discover
[0.189s] DEBUG:colcon.colcon_installed_package_information.package_discovery:Found 5 installed packages in /home/shihab/MARS PROJECT/mars_ws/install
[0.190s] DEBUG:colcon.colcon_installed_package_information.package_discovery:Found 16 installed packages in /home/shihab/turtlebot3_ws/install
[0.191s] DEBUG:colcon.colcon_installed_package_information.package_discovery:Found 477 installed packages in /opt/ros/humble
[0.193s] Level 1:colcon.colcon_core.package_discovery:discover_packages(prefix_path) using defaults
[0.245s] Level 5:colcon.colcon_core.verb:set package 'mars_drone_description' build argument 'cmake_args' from command line to 'None'
[0.245s] Level 5:colcon.colcon_core.verb:set package 'mars_drone_description' build argument 'cmake_target' from command line to 'None'
[0.245s] Level 5:colcon.colcon_core.verb:set package 'mars_drone_description' build argument 'cmake_target_skip_unavailable' from command line to 'False'
[0.245s] Level 5:colcon.colcon_core.verb:set package 'mars_drone_description' build argument 'cmake_clean_cache' from command line to 'False'
[0.245s] Level 5:colcon.colcon_core.verb:set package 'mars_drone_description' build argument 'cmake_clean_first' from command line to 'False'
[0.245s] Level 5:colcon.colcon_core.verb:set package 'mars_drone_description' build argument 'cmake_force_configure' from command line to 'False'
[0.245s] Level 5:colcon.colcon_core.verb:set package 'mars_drone_description' build argument 'ament_cmake_args' from command line to 'None'
[0.245s] Level 5:colcon.colcon_core.verb:set package 'mars_drone_description' build argument 'catkin_cmake_args' from command line to 'None'
[0.245s] Level 5:colcon.colcon_core.verb:set package 'mars_drone_description' build argument 'catkin_skip_building_tests' from command line to 'False'
[0.245s] DEBUG:colcon.colcon_core.verb:Building package 'mars_drone_description' with the following arguments: {'ament_cmake_args': None, 'build_base': '/home/shihab/MARS PROJECT/mars_ws/build/mars_drone_description', 'catkin_cmake_args': None, 'catkin_skip_building_tests': False, 'cmake_args': None, 'cmake_clean_cache': False, 'cmake_clean_first': False, 'cmake_force_configure': False, 'cmake_target': None, 'cmake_target_skip_unavailable': False, 'install_base': '/home/shihab/MARS PROJECT/mars_ws/install/mars_drone_description', 'merge_install': False, 'path': '/home/shihab/MARS PROJECT/mars_ws/src/mars_drone_description', 'symlink_install': True, 'test_result_base': None}
[0.246s] Level 5:colcon.colcon_core.verb:set package 'mars_gui' build argument 'cmake_args' from command line to 'None'
[0.246s] Level 5:colcon.colcon_core.verb:set package 'mars_gui' build argument 'cmake_target' from command line to 'None'
[0.246s] Level 5:colcon.colcon_core.verb:set package 'mars_gui' build argument 'cmake_target_skip_unavailable' from command line to 'False'
[0.246s] Level 5:colcon.colcon_core.verb:set package 'mars_gui' build argument 'cmake_clean_cache' from command line to 'False'
[0.246s] Level 5:colcon.colcon_core.verb:set package 'mars_gui' build argument 'cmake_clean_first' from command line to 'False'
[0.246s] Level 5:colcon.colcon_core.verb:set package 'mars_gui' build argument 'cmake_force_configure' from command line to 'False'
[0.246s] Level 5:colcon.colcon_core.verb:set package 'mars_gui' build argument 'ament_cmake_args' from command line to 'None'
[0.246s] Level 5:colcon.colcon_core.verb:set package 'mars_gui' build argument 'catkin_cmake_args' from command line to 'None'
[0.246s] Level 5:colcon.colcon_core.verb:set package 'mars_gui' build argument 'catkin_skip_building_tests' from command line to 'False'
[0.246s] DEBUG:colcon.colcon_core.verb:Building package 'mars_gui' with the following arguments: {'ament_cmake_args': None, 'build_base': '/home/shihab/MARS PROJECT/mars_ws/build/mars_gui', 'catkin_cmake_args': None, 'catkin_skip_building_tests': False, 'cmake_args': None, 'cmake_clean_cache': False, 'cmake_clean_first': False, 'cmake_force_configure': False, 'cmake_target': None, 'cmake_target_skip_unavailable': False, 'install_base': '/home/shihab/MARS PROJECT/mars_ws/install/mars_gui', 'merge_install': False, 'path': '/home/shihab/MARS PROJECT/mars_ws/src/mars_gui', 'symlink_install': True, 'test_result_base': None}
[0.246s] Level 5:colcon.colcon_core.verb:set package 'mars_mission_manager' build argument 'cmake_args' from command line to 'None'
[0.246s] Level 5:colcon.colcon_core.verb:set package 'mars_mission_manager' build argument 'cmake_target' from command line to 'None'
[0.246s] Level 5:colcon.colcon_core.verb:set package 'mars_mission_manager' build argument 'cmake_target_skip_unavailable' from command line to 'False'
[0.246s] Level 5:colcon.colcon_core.verb:set package 'mars_mission_manager' build argument 'cmake_clean_cache' from command line to 'False'
[0.246s] Level 5:colcon.colcon_core.verb:set package 'mars_mission_manager' build argument 'cmake_clean_first' from command line to 'False'
[0.246s] Level 5:colcon.colcon_core.verb:set package 'mars_mission_manager' build argument 'cmake_force_configure' from command line to 'False'
[0.246s] Level 5:colcon.colcon_core.verb:set package 'mars_mission_manager' build argument 'ament_cmake_args' from command line to 'None'
[0.246s] Level 5:colcon.colcon_core.verb:set package 'mars_mission_manager' build argument 'catkin_cmake_args' from command line to 'None'
[0.246s] Level 5:colcon.colcon_core.verb:set package 'mars_mission_manager' build argument 'catkin_skip_building_tests' from command line to 'False'
[0.246s] DEBUG:colcon.colcon_core.verb:Building package 'mars_mission_manager' with the following arguments: {'ament_cmake_args': None, 'build_base': '/home/shihab/MARS PROJECT/mars_ws/build/mars_mission_manager', 'catkin_cmake_args': None, 'catkin_skip_building_tests': False, 'cmake_args': None, 'cmake_clean_cache': False, 'cmake_clean_first': False, 'cmake_force_configure': False, 'cmake_target': None, 'cmake_target_skip_unavailable': False, 'install_base': '/home/shihab/MARS PROJECT/mars_ws/install/mars_mission_manager', 'merge_install': False, 'path': '/home/shihab/MARS PROJECT/mars_ws/src/mars_mission_manager', 'symlink_install': True, 'test_result_base': None}
[0.246s] Level 5:colcon.colcon_core.verb:set package 'mars_world' build argument 'cmake_args' from command line to 'None'
[0.246s] Level 5:colcon.colcon_core.verb:set package 'mars_world' build argument 'cmake_target' from command line to 'None'
[0.246s] Level 5:colcon.colcon_core.verb:set package 'mars_world' build argument 'cmake_target_skip_unavailable' from command line to 'False'
[0.246s] Level 5:colcon.colcon_core.verb:set package 'mars_world' build argument 'cmake_clean_cache' from command line to 'False'
[0.246s] Level 5:colcon.colcon_core.verb:set package 'mars_world' build argument 'cmake_clean_first' from command line to 'False'
[0.246s] Level 5:colcon.colcon_core.verb:set package 'mars_world' build argument 'cmake_force_configure' from command line to 'False'
[0.246s] Level 5:colcon.colcon_core.verb:set package 'mars_world' build argument 'ament_cmake_args' from command line to 'None'
[0.246s] Level 5:colcon.colcon_core.verb:set package 'mars_world' build argument 'catkin_cmake_args' from command line to 'None'
[0.246s] Level 5:colcon.colcon_core.verb:set package 'mars_world' build argument 'catkin_skip_building_tests' from command line to 'False'
[0.246s] DEBUG:colcon.colcon_core.verb:Building package 'mars_world' with the following arguments: {'ament_cmake_args': None, 'build_base': '/home/shihab/MARS PROJECT/mars_ws/build/mars_world', 'catkin_cmake_args': None, 'catkin_skip_building_tests': False, 'cmake_args': None, 'cmake_clean_cache': False, 'cmake_clean_first': False, 'cmake_force_configure': False, 'cmake_target': None, 'cmake_target_skip_unavailable': False, 'install_base': '/home/shihab/MARS PROJECT/mars_ws/install/mars_world', 'merge_install': False, 'path': '/home/shihab/MARS PROJECT/mars_ws/src/mars_world', 'symlink_install': True, 'test_result_base': None}
[0.247s] Level 5:colcon.colcon_core.verb:set package 'mars_bringup' build argument 'cmake_args' from command line to 'None'
[0.247s] Level 5:colcon.colcon_core.verb:set package 'mars_bringup' build argument 'cmake_target' from command line to 'None'
[0.247s] Level 5:colcon.colcon_core.verb:set package 'mars_bringup' build argument 'cmake_target_skip_unavailable' from command line to 'False'
[0.247s] Level 5:colcon.colcon_core.verb:set package 'mars_bringup' build argument 'cmake_clean_cache' from command line to 'False'
[0.247s] Level 5:colcon.colcon_core.verb:set package 'mars_bringup' build argument 'cmake_clean_first' from command line to 'False'
[0.247s] Level 5:colcon.colcon_core.verb:set package 'mars_bringup' build argument 'cmake_force_configure' from command line to 'False'
[0.247s] Level 5:colcon.colcon_core.verb:set package 'mars_bringup' build argument 'ament_cmake_args' from command line to 'None'
[0.247s] Level 5:colcon.colcon_core.verb:set package 'mars_bringup' build argument 'catkin_cmake_args' from command line to 'None'
[0.247s] Level 5:colcon.colcon_core.verb:set package 'mars_bringup' build argument 'catkin_skip_building_tests' from command line to 'False'
[0.247s] DEBUG:colcon.colcon_core.verb:Building package 'mars_bringup' with the following arguments: {'ament_cmake_args': None, 'build_base': '/home/shihab/MARS PROJECT/mars_ws/build/mars_bringup', 'catkin_cmake_args': None, 'catkin_skip_building_tests': False, 'cmake_args': None, 'cmake_clean_cache': False, 'cmake_clean_first': False, 'cmake_force_configure': False, 'cmake_target': None, 'cmake_target_skip_unavailable': False, 'install_base': '/home/shihab/MARS PROJECT/mars_ws/install/mars_bringup', 'merge_install': False, 'path': '/home/shihab/MARS PROJECT/mars_ws/src/mars_bringup', 'symlink_install': True, 'test_result_base': None}
[0.247s] INFO:colcon.colcon_core.executor:Executing jobs using 'parallel' executor
[0.248s] DEBUG:colcon.colcon_parallel_executor.executor.parallel:run_until_complete
[0.248s] INFO:colcon.colcon_ros.task.ament_cmake.build:Building ROS package in '/home/shihab/MARS PROJECT/mars_ws/src/mars_drone_description' with build type 'ament_cmake'
[0.248s] INFO:colcon.colcon_cmake.task.cmake.build:Building CMake package in '/home/shihab/MARS PROJECT/mars_ws/src/mars_drone_description'
[0.250s] INFO:colcon.colcon_core.plugin_system:Skipping extension 'colcon_core.shell.bat': Not used on non-Windows systems
[0.250s] INFO:colcon.colcon_core.shell:Skip shell extension 'powershell' for command environment: Not usable outside of PowerShell
[0.250s] DEBUG:colcon.colcon_core.shell:Skip shell extension 'dsv' for command environment
[0.254s] INFO:colcon.colcon_ros.task.ament_python.build:Building ROS package in '/home/shihab/MARS PROJECT/mars_ws/src/mars_mission_manager' with build type 'ament_python'
[0.254s] Level 1:colcon.colcon_core.shell:create_environment_hook('mars_mission_manager', 'ament_prefix_path')
[0.254s] INFO:colcon.colcon_core.shell:Creating environment hook '/home/shihab/MARS PROJECT/mars_ws/install/mars_mission_manager/share/mars_mission_manager/hook/ament_prefix_path.ps1'
[0.255s] INFO:colcon.colcon_core.shell:Creating environment descriptor '/home/shihab/MARS PROJECT/mars_ws/install/mars_mission_manager/share/mars_mission_manager/hook/ament_prefix_path.dsv'
[0.255s] INFO:colcon.colcon_core.shell:Creating environment hook '/home/shihab/MARS PROJECT/mars_ws/install/mars_mission_manager/share/mars_mission_manager/hook/ament_prefix_path.sh'
[0.255s] INFO:colcon.colcon_core.shell:Skip shell extension 'powershell' for command environment: Not usable outside of PowerShell
[0.256s] DEBUG:colcon.colcon_core.shell:Skip shell extension 'dsv' for command environment
[0.259s] INFO:colcon.colcon_ros.task.ament_cmake.build:Building ROS package in '/home/shihab/MARS PROJECT/mars_ws/src/mars_world' with build type 'ament_cmake'
[0.259s] INFO:colcon.colcon_cmake.task.cmake.build:Building CMake package in '/home/shihab/MARS PROJECT/mars_ws/src/mars_world'
[0.260s] INFO:colcon.colcon_core.shell:Skip shell extension 'powershell' for command environment: Not usable outside of PowerShell
[0.260s] DEBUG:colcon.colcon_core.shell:Skip shell extension 'dsv' for command environment
[0.265s] INFO:colcon.colcon_ros.task.ament_python.build:Building ROS package in '/home/shihab/MARS PROJECT/mars_ws/src/mars_gui' with build type 'ament_python'
[0.265s] Level 1:colcon.colcon_core.shell:create_environment_hook('mars_gui', 'ament_prefix_path')
[0.266s] INFO:colcon.colcon_core.shell:Creating environment hook '/home/shihab/MARS PROJECT/mars_ws/install/mars_gui/share/mars_gui/hook/ament_prefix_path.ps1'
[0.266s] INFO:colcon.colcon_core.shell:Creating environment descriptor '/home/shihab/MARS PROJECT/mars_ws/install/mars_gui/share/mars_gui/hook/ament_prefix_path.dsv'
[0.267s] INFO:colcon.colcon_core.shell:Creating environment hook '/home/shihab/MARS PROJECT/mars_ws/install/mars_gui/share/mars_gui/hook/ament_prefix_path.sh'
[0.267s] INFO:colcon.colcon_core.shell:Skip shell extension 'powershell' for command environment: Not usable outside of PowerShell
[0.267s] DEBUG:colcon.colcon_core.shell:Skip shell extension 'dsv' for command environment
[0.282s] DEBUG:colcon.colcon_core.event_handler.log_command:Invoking command in '/home/shihab/MARS PROJECT/mars_ws/build/mars_drone_description': CMAKE_PREFIX_PATH=${CMAKE_PREFIX_PATH}:/home/shihab/MARS PROJECT/mars_ws/install/mars_mission_manager:/home/shihab/MARS PROJECT/mars_ws/install/mars_gui:/home/shihab/turtlebot3_ws/install/turtlebot3_teleop:/home/shihab/turtlebot3_ws/install/turtlebot3_example:/opt/ros/humble /usr/bin/cmake --build /home/shihab/MARS PROJECT/mars_ws/build/mars_drone_description -- -j12 -l12
[0.475s] INFO:colcon.colcon_core.task.python.build:Building Python package in '/home/shihab/MARS PROJECT/mars_ws/src/mars_mission_manager'
[0.475s] INFO:colcon.colcon_core.shell:Skip shell extension 'powershell' for command environment: Not usable outside of PowerShell
[0.475s] DEBUG:colcon.colcon_core.shell:Skip shell extension 'dsv' for command environment
[0.483s] DEBUG:colcon.colcon_core.event_handler.log_command:Invoking command in '/home/shihab/MARS PROJECT/mars_ws/build/mars_world': CMAKE_PREFIX_PATH=${CMAKE_PREFIX_PATH}:/home/shihab/MARS PROJECT/mars_ws/install/mars_mission_manager:/home/shihab/MARS PROJECT/mars_ws/install/mars_gui:/home/shihab/turtlebot3_ws/install/turtlebot3_teleop:/home/shihab/turtlebot3_ws/install/turtlebot3_example:/opt/ros/humble /usr/bin/cmake --build /home/shihab/MARS PROJECT/mars_ws/build/mars_world -- -j12 -l12
[0.665s] INFO:colcon.colcon_core.task.python.build:Building Python package in '/home/shihab/MARS PROJECT/mars_ws/src/mars_gui'
[0.666s] INFO:colcon.colcon_core.shell:Skip shell extension 'powershell' for command environment: Not usable outside of PowerShell
[0.666s] DEBUG:colcon.colcon_core.shell:Skip shell extension 'dsv' for command environment
[0.670s] DEBUG:colcon.colcon_core.event_handler.log_command:Invoked command in '/home/shihab/MARS PROJECT/mars_ws/build/mars_drone_description' returned '0': CMAKE_PREFIX_PATH=${CMAKE_PREFIX_PATH}:/home/shihab/MARS PROJECT/mars_ws/install/mars_mission_manager:/home/shihab/MARS PROJECT/mars_ws/install/mars_gui:/home/shihab/turtlebot3_ws/install/turtlebot3_teleop:/home/shihab/turtlebot3_ws/install/turtlebot3_example:/opt/ros/humble /usr/bin/cmake --build /home/shihab/MARS PROJECT/mars_ws/build/mars_drone_description -- -j12 -l12
[0.682s] DEBUG:colcon.colcon_core.event_handler.log_command:Invoking command in '/home/shihab/MARS PROJECT/mars_ws/build/mars_drone_description': CMAKE_PREFIX_PATH=${CMAKE_PREFIX_PATH}:/home/shihab/MARS PROJECT/mars_ws/install/mars_mission_manager:/home/shihab/MARS PROJECT/mars_ws/install/mars_gui:/home/shihab/turtlebot3_ws/install/turtlebot3_teleop:/home/shihab/turtlebot3_ws/install/turtlebot3_example:/opt/ros/humble /usr/bin/cmake --install /home/shihab/MARS PROJECT/mars_ws/build/mars_drone_description
[0.699s] DEBUG:colcon.colcon_core.event_handler.log_command:Invoked command in '/home/shihab/MARS PROJECT/mars_ws/build/mars_world' returned '0': CMAKE_PREFIX_PATH=${CMAKE_PREFIX_PATH}:/home/shihab/MARS PROJECT/mars_ws/install/mars_mission_manager:/home/shihab/MARS PROJECT/mars_ws/install/mars_gui:/home/shihab/turtlebot3_ws/install/turtlebot3_teleop:/home/shihab/turtlebot3_ws/install/turtlebot3_example:/opt/ros/humble /usr/bin/cmake --build /home/shihab/MARS PROJECT/mars_ws/build/mars_world -- -j12 -l12
[0.700s] DEBUG:colcon.colcon_core.event_handler.log_command:Invoking command in '/home/shihab/MARS PROJECT/mars_ws/build/mars_world': CMAKE_PREFIX_PATH=${CMAKE_PREFIX_PATH}:/home/shihab/MARS PROJECT/mars_ws/install/mars_mission_manager:/home/shihab/MARS PROJECT/mars_ws/install/mars_gui:/home/shihab/turtlebot3_ws/install/turtlebot3_teleop:/home/shihab/turtlebot3_ws/install/turtlebot3_example:/opt/ros/humble /usr/bin/cmake --install /home/shihab/MARS PROJECT/mars_ws/build/mars_world
[0.703s] Level 1:colcon.colcon_core.environment:create_environment_scripts_only(mars_drone_description)
[0.703s] DEBUG:colcon.colcon_core.event_handler.log_command:Invoked command in '/home/shihab/MARS PROJECT/mars_ws/build/mars_drone_description' returned '0': CMAKE_PREFIX_PATH=${CMAKE_PREFIX_PATH}:/home/shihab/MARS PROJECT/mars_ws/install/mars_mission_manager:/home/shihab/MARS PROJECT/mars_ws/install/mars_gui:/home/shihab/turtlebot3_ws/install/turtlebot3_teleop:/home/shihab/turtlebot3_ws/install/turtlebot3_example:/opt/ros/humble /usr/bin/cmake --install /home/shihab/MARS PROJECT/mars_ws/build/mars_drone_description
[0.705s] Level 1:colcon.colcon_core.environment:checking '/home/shihab/MARS PROJECT/mars_ws/install/mars_drone_description' for CMake module files
[0.706s] Level 1:colcon.colcon_core.environment:checking '/home/shihab/MARS PROJECT/mars_ws/install/mars_drone_description' for CMake config files
[0.706s] Level 1:colcon.colcon_core.shell:create_environment_hook('mars_drone_description', 'cmake_prefix_path')
[0.707s] INFO:colcon.colcon_core.shell:Creating environment hook '/home/shihab/MARS PROJECT/mars_ws/install/mars_drone_description/share/mars_drone_description/hook/cmake_prefix_path.ps1'
[0.708s] INFO:colcon.colcon_core.shell:Creating environment descriptor '/home/shihab/MARS PROJECT/mars_ws/install/mars_drone_description/share/mars_drone_description/hook/cmake_prefix_path.dsv'
[0.709s] INFO:colcon.colcon_core.shell:Creating environment hook '/home/shihab/MARS PROJECT/mars_ws/install/mars_drone_description/share/mars_drone_description/hook/cmake_prefix_path.sh'
[0.711s] Level 1:colcon.colcon_core.environment:checking '/home/shihab/MARS PROJECT/mars_ws/install/mars_drone_description/bin'
[0.711s] Level 1:colcon.colcon_core.environment:checking '/home/shihab/MARS PROJECT/mars_ws/install/mars_drone_description/lib/pkgconfig/mars_drone_description.pc'
[0.711s] Level 1:colcon.colcon_core.environment:checking '/home/shihab/MARS PROJECT/mars_ws/install/mars_drone_description/lib/python3.10/site-packages'
[0.712s] Level 1:colcon.colcon_core.environment:checking '/home/shihab/MARS PROJECT/mars_ws/install/mars_drone_description/bin'
[0.712s] INFO:colcon.colcon_core.shell:Creating package script '/home/shihab/MARS PROJECT/mars_ws/install/mars_drone_description/share/mars_drone_description/package.ps1'
[0.713s] INFO:colcon.colcon_core.shell:Creating package descriptor '/home/shihab/MARS PROJECT/mars_ws/install/mars_drone_description/share/mars_drone_description/package.dsv'
[0.714s] INFO:colcon.colcon_core.shell:Creating package script '/home/shihab/MARS PROJECT/mars_ws/install/mars_drone_description/share/mars_drone_description/package.sh'
[0.716s] INFO:colcon.colcon_core.shell:Creating package script '/home/shihab/MARS PROJECT/mars_ws/install/mars_drone_description/share/mars_drone_description/package.bash'
[0.716s] INFO:colcon.colcon_core.shell:Creating package script '/home/shihab/MARS PROJECT/mars_ws/install/mars_drone_description/share/mars_drone_description/package.zsh'
[0.717s] Level 1:colcon.colcon_core.environment:create_file_with_runtime_dependencies(/home/shihab/MARS PROJECT/mars_ws/install/mars_drone_description/share/colcon-core/packages/mars_drone_description)
[0.718s] Level 1:colcon.colcon_core.environment:create_environment_scripts_only(mars_drone_description)
[0.718s] Level 1:colcon.colcon_core.environment:checking '/home/shihab/MARS PROJECT/mars_ws/install/mars_drone_description' for CMake module files
[0.718s] Level 1:colcon.colcon_core.environment:checking '/home/shihab/MARS PROJECT/mars_ws/install/mars_drone_description' for CMake config files
[0.719s] Level 1:colcon.colcon_core.shell:create_environment_hook('mars_drone_description', 'cmake_prefix_path')
[0.719s] INFO:colcon.colcon_core.shell:Creating environment hook '/home/shihab/MARS PROJECT/mars_ws/install/mars_drone_description/share/mars_drone_description/hook/cmake_prefix_path.ps1'
[0.719s] INFO:colcon.colcon_core.shell:Creating environment descriptor '/home/shihab/MARS PROJECT/mars_ws/install/mars_drone_description/share/mars_drone_description/hook/cmake_prefix_path.dsv'
[0.720s] INFO:colcon.colcon_core.shell:Creating environment hook '/home/shihab/MARS PROJECT/mars_ws/install/mars_drone_description/share/mars_drone_description/hook/cmake_prefix_path.sh'
[0.720s] Level 1:colcon.colcon_core.environment:checking '/home/shihab/MARS PROJECT/mars_ws/install/mars_drone_description/bin'
[0.720s] Level 1:colcon.colcon_core.environment:checking '/home/shihab/MARS PROJECT/mars_ws/install/mars_drone_description/lib/pkgconfig/mars_drone_description.pc'
[0.720s] Level 1:colcon.colcon_core.environment:checking '/home/shihab/MARS PROJECT/mars_ws/install/mars_drone_description/lib/python3.10/site-packages'
[0.720s] Level 1:colcon.colcon_core.environment:checking '/home/shihab/MARS PROJECT/mars_ws/install/mars_drone_description/bin'
[0.721s] INFO:colcon.colcon_core.shell:Creating package script '/home/shihab/MARS PROJECT/mars_ws/install/mars_drone_description/share/mars_drone_description/package.ps1'
[0.721s] INFO:colcon.colcon_core.shell:Creating package descriptor '/home/shihab/MARS PROJECT/mars_ws/install/mars_drone_description/share/mars_drone_description/package.dsv'
[0.722s] INFO:colcon.colcon_core.shell:Creating package script '/home/shihab/MARS PROJECT/mars_ws/install/mars_drone_description/share/mars_drone_description/package.sh'
[0.723s] INFO:colcon.colcon_core.shell:Creating package script '/home/shihab/MARS PROJECT/mars_ws/install/mars_drone_description/share/mars_drone_description/package.bash'
[0.724s] INFO:colcon.colcon_core.shell:Creating package script '/home/shihab/MARS PROJECT/mars_ws/install/mars_drone_description/share/mars_drone_description/package.zsh'
[0.724s] Level 1:colcon.colcon_core.environment:create_file_with_runtime_dependencies(/home/shihab/MARS PROJECT/mars_ws/install/mars_drone_description/share/colcon-core/packages/mars_drone_description)
[0.725s] Level 1:colcon.colcon_core.environment:create_environment_scripts_only(mars_world)
[0.726s] Level 1:colcon.colcon_core.environment:checking '/home/shihab/MARS PROJECT/mars_ws/install/mars_world' for CMake module files
[0.727s] DEBUG:colcon.colcon_core.event_handler.log_command:Invoked command in '/home/shihab/MARS PROJECT/mars_ws/build/mars_world' returned '0': CMAKE_PREFIX_PATH=${CMAKE_PREFIX_PATH}:/home/shihab/MARS PROJECT/mars_ws/install/mars_mission_manager:/home/shihab/MARS PROJECT/mars_ws/install/mars_gui:/home/shihab/turtlebot3_ws/install/turtlebot3_teleop:/home/shihab/turtlebot3_ws/install/turtlebot3_example:/opt/ros/humble /usr/bin/cmake --install /home/shihab/MARS PROJECT/mars_ws/build/mars_world
[0.727s] Level 1:colcon.colcon_core.environment:checking '/home/shihab/MARS PROJECT/mars_ws/install/mars_world' for CMake config files
[0.727s] Level 1:colcon.colcon_core.shell:create_environment_hook('mars_world', 'cmake_prefix_path')
[0.727s] INFO:colcon.colcon_core.shell:Creating environment hook '/home/shihab/MARS PROJECT/mars_ws/install/mars_world/share/mars_world/hook/cmake_prefix_path.ps1'
[0.728s] INFO:colcon.colcon_core.shell:Creating environment descriptor '/home/shihab/MARS PROJECT/mars_ws/install/mars_world/share/mars_world/hook/cmake_prefix_path.dsv'
[0.728s] INFO:colcon.colcon_core.shell:Creating environment hook '/home/shihab/MARS PROJECT/mars_ws/install/mars_world/share/mars_world/hook/cmake_prefix_path.sh'
[0.728s] Level 1:colcon.colcon_core.environment:checking '/home/shihab/MARS PROJECT/mars_ws/install/mars_world/bin'
[0.728s] Level 1:colcon.colcon_core.environment:checking '/home/shihab/MARS PROJECT/mars_ws/install/mars_world/lib/pkgconfig/mars_world.pc'
[0.728s] Level 1:colcon.colcon_core.environment:checking '/home/shihab/MARS PROJECT/mars_ws/install/mars_world/lib/python3.10/site-packages'
[0.729s] Level 1:colcon.colcon_core.environment:checking '/home/shihab/MARS PROJECT/mars_ws/install/mars_world/bin'
[0.729s] INFO:colcon.colcon_core.shell:Creating package script '/home/shihab/MARS PROJECT/mars_ws/install/mars_world/share/mars_world/package.ps1'
[0.729s] INFO:colcon.colcon_core.shell:Creating package descriptor '/home/shihab/MARS PROJECT/mars_ws/install/mars_world/share/mars_world/package.dsv'
[0.729s] INFO:colcon.colcon_core.shell:Creating package script '/home/shihab/MARS PROJECT/mars_ws/install/mars_world/share/mars_world/package.sh'
[0.730s] INFO:colcon.colcon_core.shell:Creating package script '/home/shihab/MARS PROJECT/mars_ws/install/mars_world/share/mars_world/package.bash'
[0.730s] INFO:colcon.colcon_core.shell:Creating package script '/home/shihab/MARS PROJECT/mars_ws/install/mars_world/share/mars_world/package.zsh'
[0.730s] Level 1:colcon.colcon_core.environment:create_file_with_runtime_dependencies(/home/shihab/MARS PROJECT/mars_ws/install/mars_world/share/colcon-core/packages/mars_world)
[0.730s] Level 1:colcon.colcon_core.environment:create_environment_scripts_only(mars_world)
[0.731s] Level 1:colcon.colcon_core.environment:checking '/home/shihab/MARS PROJECT/mars_ws/install/mars_world' for CMake module files
[0.731s] Level 1:colcon.colcon_core.environment:checking '/home/shihab/MARS PROJECT/mars_ws/install/mars_world' for CMake config files
[0.731s] Level 1:colcon.colcon_core.shell:create_environment_hook('mars_world', 'cmake_prefix_path')
[0.731s] INFO:colcon.colcon_core.shell:Creating environment hook '/home/shihab/MARS PROJECT/mars_ws/install/mars_world/share/mars_world/hook/cmake_prefix_path.ps1'
[0.732s] INFO:colcon.colcon_core.shell:Creating environment descriptor '/home/shihab/MARS PROJECT/mars_ws/install/mars_world/share/mars_world/hook/cmake_prefix_path.dsv'
[0.732s] INFO:colcon.colcon_core.shell:Creating environment hook '/home/shihab/MARS PROJECT/mars_ws/install/mars_world/share/mars_world/hook/cmake_prefix_path.sh'
[0.732s] Level 1:colcon.colcon_core.environment:checking '/home/shihab/MARS PROJECT/mars_ws/install/mars_world/bin'
[0.732s] Level 1:colcon.colcon_core.environment:checking '/home/shihab/MARS PROJECT/mars_ws/install/mars_world/lib/pkgconfig/mars_world.pc'
[0.732s] Level 1:colcon.colcon_core.environment:checking '/home/shihab/MARS PROJECT/mars_ws/install/mars_world/lib/python3.10/site-packages'
[0.733s] Level 1:colcon.colcon_core.environment:checking '/home/shihab/MARS PROJECT/mars_ws/install/mars_world/bin'
[0.733s] INFO:colcon.colcon_core.shell:Creating package script '/home/shihab/MARS PROJECT/mars_ws/install/mars_world/share/mars_world/package.ps1'
[0.733s] INFO:colcon.colcon_core.shell:Creating package descriptor '/home/shihab/MARS PROJECT/mars_ws/install/mars_world/share/mars_world/package.dsv'
[0.733s] INFO:colcon.colcon_core.shell:Creating package script '/home/shihab/MARS PROJECT/mars_ws/install/mars_world/share/mars_world/package.sh'
[0.734s] INFO:colcon.colcon_core.shell:Creating package script '/home/shihab/MARS PROJECT/mars_ws/install/mars_world/share/mars_world/package.bash'
[0.734s] INFO:colcon.colcon_core.shell:Creating package script '/home/shihab/MARS PROJECT/mars_ws/install/mars_world/share/mars_world/package.zsh'
[0.734s] Level 1:colcon.colcon_core.environment:create_file_with_runtime_dependencies(/home/shihab/MARS PROJECT/mars_ws/install/mars_world/share/colcon-core/packages/mars_world)
[1.057s] DEBUG:colcon.colcon_core.event_handler.log_command:Invoking command in '/home/shihab/MARS PROJECT/mars_ws/build/mars_gui': PYTHONPATH=/home/shihab/MARS PROJECT/mars_ws/build/mars_gui/prefix_override:/usr/lib/python3/dist-packages/colcon_core/task/python/colcon_distutils_commands:/home/shihab/MARS PROJECT/mars_ws/install/mars_gui/lib/python3.10/site-packages:${PYTHONPATH} /usr/bin/python3 -W ignore:setup.py install is deprecated -W ignore:easy_install command is deprecated setup.py develop --editable --build-directory /home/shihab/MARS PROJECT/mars_ws/build/mars_gui/build --no-deps symlink_data
[1.060s] DEBUG:colcon.colcon_core.event_handler.log_command:Invoking command in '/home/shihab/MARS PROJECT/mars_ws/build/mars_mission_manager': PYTHONPATH=/home/shihab/MARS PROJECT/mars_ws/build/mars_mission_manager/prefix_override:/usr/lib/python3/dist-packages/colcon_core/task/python/colcon_distutils_commands:/home/shihab/MARS PROJECT/mars_ws/install/mars_mission_manager/lib/python3.10/site-packages:${PYTHONPATH} /usr/bin/python3 -W ignore:setup.py install is deprecated -W ignore:easy_install command is deprecated setup.py develop --editable --build-directory /home/shihab/MARS PROJECT/mars_ws/build/mars_mission_manager/build --no-deps symlink_data
[1.240s] DEBUG:colcon.colcon_core.event_handler.log_command:Invoked command in '/home/shihab/MARS PROJECT/mars_ws/build/mars_gui' returned '1': PYTHONPATH=/home/shihab/MARS PROJECT/mars_ws/build/mars_gui/prefix_override:/usr/lib/python3/dist-packages/colcon_core/task/python/colcon_distutils_commands:/home/shihab/MARS PROJECT/mars_ws/install/mars_gui/lib/python3.10/site-packages:${PYTHONPATH} /usr/bin/python3 -W ignore:setup.py install is deprecated -W ignore:easy_install command is deprecated setup.py develop --editable --build-directory /home/shihab/MARS PROJECT/mars_ws/build/mars_gui/build --no-deps symlink_data
[1.258s] DEBUG:colcon.colcon_parallel_executor.executor.parallel:closing loop
[1.258s] DEBUG:colcon.colcon_parallel_executor.executor.parallel:loop closed
[1.258s] DEBUG:colcon.colcon_parallel_executor.executor.parallel:run_until_complete finished with '1'
[1.258s] DEBUG:colcon.colcon_core.event_reactor:joining thread
[1.262s] INFO:colcon.colcon_core.plugin_system:Skipping extension 'colcon_notification.desktop_notification.terminal_notifier': Not used on non-Darwin systems
[1.262s] INFO:colcon.colcon_core.plugin_system:Skipping extension 'colcon_notification.desktop_notification.win32': Not used on non-Windows systems
[1.262s] INFO:colcon.colcon_notification.desktop_notification:Sending desktop notification using 'notify2'
[1.279s] DEBUG:colcon.colcon_core.event_reactor:joined thread
[1.279s] INFO:colcon.colcon_core.shell:Creating prefix script '/home/shihab/MARS PROJECT/mars_ws/install/local_setup.ps1'
[1.280s] INFO:colcon.colcon_core.shell:Creating prefix util module '/home/shihab/MARS PROJECT/mars_ws/install/_local_setup_util_ps1.py'
[1.281s] INFO:colcon.colcon_core.shell:Creating prefix chain script '/home/shihab/MARS PROJECT/mars_ws/install/setup.ps1'
[1.282s] INFO:colcon.colcon_core.shell:Creating prefix script '/home/shihab/MARS PROJECT/mars_ws/install/local_setup.sh'
[1.283s] INFO:colcon.colcon_core.shell:Creating prefix util module '/home/shihab/MARS PROJECT/mars_ws/install/_local_setup_util_sh.py'
[1.283s] INFO:colcon.colcon_core.shell:Creating prefix chain script '/home/shihab/MARS PROJECT/mars_ws/install/setup.sh'
[1.285s] INFO:colcon.colcon_core.shell:Creating prefix script '/home/shihab/MARS PROJECT/mars_ws/install/local_setup.bash'
[1.286s] INFO:colcon.colcon_core.shell:Creating prefix chain script '/home/shihab/MARS PROJECT/mars_ws/install/setup.bash'
[1.288s] INFO:colcon.colcon_core.shell:Creating prefix script '/home/shihab/MARS PROJECT/mars_ws/install/local_setup.zsh'
[1.289s] INFO:colcon.colcon_core.shell:Creating prefix chain script '/home/shihab/MARS PROJECT/mars_ws/install/setup.zsh'
