[0.643s] Invoking command in '/home/shihab/MARS PROJECT/mars_ws/build/mars_gui': PYTHONPATH=/home/shihab/MARS PROJECT/mars_ws/build/mars_gui/prefix_override:/usr/lib/python3/dist-packages/colcon_core/task/python/colcon_distutils_commands:/home/shihab/MARS PROJECT/mars_ws/install/mars_gui/lib/python3.10/site-packages:${PYTHONPATH} /usr/bin/python3 -W ignore:setup.py install is deprecated -W ignore:easy_install command is deprecated setup.py develop --editable --build-directory /home/shihab/MARS PROJECT/mars_ws/build/mars_gui/build --no-deps symlink_data
[0.827s] running develop
[0.953s] running egg_info
[0.953s] creating mars_gui.egg-info
[0.953s] writing mars_gui.egg-info/PKG-INFO
[0.953s] writing dependency_links to mars_gui.egg-info/dependency_links.txt
[0.953s] writing entry points to mars_gui.egg-info/entry_points.txt
[0.953s] writing requirements to mars_gui.egg-info/requires.txt
[0.953s] writing top-level names to mars_gui.egg-info/top_level.txt
[0.954s] writing manifest file 'mars_gui.egg-info/SOURCES.txt'
[0.955s] reading manifest file 'mars_gui.egg-info/SOURCES.txt'
[0.955s] writing manifest file 'mars_gui.egg-info/SOURCES.txt'
[0.956s] running build_ext
[0.956s] Creating /home/shihab/MARS PROJECT/mars_ws/install/mars_gui/lib/python3.10/site-packages/mars-gui.egg-link (link to .)
[0.956s] Installing delivery_gui script to /home/shihab/MARS PROJECT/mars_ws/install/mars_gui/lib/mars_gui
[0.957s] 
[0.957s] Installed /home/shihab/MARS PROJECT/mars_ws/build/mars_gui
[0.957s] running symlink_data
[0.957s] creating /home/shihab/MARS PROJECT/mars_ws/install/mars_gui/share/ament_index
[0.957s] creating /home/shihab/MARS PROJECT/mars_ws/install/mars_gui/share/ament_index/resource_index
[0.957s] creating /home/shihab/MARS PROJECT/mars_ws/install/mars_gui/share/ament_index/resource_index/packages
[0.957s] symbolically linking /home/shihab/MARS PROJECT/mars_ws/build/mars_gui/resource/mars_gui -> /home/shihab/MARS PROJECT/mars_ws/install/mars_gui/share/ament_index/resource_index/packages
[0.957s] symbolically linking /home/shihab/MARS PROJECT/mars_ws/build/mars_gui/package.xml -> /home/shihab/MARS PROJECT/mars_ws/install/mars_gui/share/mars_gui
[0.979s] Invoked command in '/home/shihab/MARS PROJECT/mars_ws/build/mars_gui' returned '0': PYTHONPATH=/home/shihab/MARS PROJECT/mars_ws/build/mars_gui/prefix_override:/usr/lib/python3/dist-packages/colcon_core/task/python/colcon_distutils_commands:/home/shihab/MARS PROJECT/mars_ws/install/mars_gui/lib/python3.10/site-packages:${PYTHONPATH} /usr/bin/python3 -W ignore:setup.py install is deprecated -W ignore:easy_install command is deprecated setup.py develop --editable --build-directory /home/shihab/MARS PROJECT/mars_ws/build/mars_gui/build --no-deps symlink_data
