[0.000000] (-) TimerEvent: {}
[0.000304] (mars_drone_description) JobQueued: {'identifier': 'mars_drone_description', 'dependencies': OrderedDict()}
[0.000340] (mars_gui) JobQueued: {'identifier': 'mars_gui', 'dependencies': OrderedDict()}
[0.000364] (mars_mission_manager) JobQueued: {'identifier': 'mars_mission_manager', 'dependencies': OrderedDict()}
[0.000414] (mars_world) JobQueued: {'identifier': 'mars_world', 'dependencies': OrderedDict()}
[0.000434] (mars_bringup) JobQueued: {'identifier': 'mars_bringup', 'dependencies': OrderedDict([('mars_drone_description', '/home/shihab/MARS PROJECT/mars_ws/install/mars_drone_description'), ('mars_mission_manager', '/home/shihab/MARS PROJECT/mars_ws/install/mars_mission_manager'), ('mars_world', '/home/shihab/MARS PROJECT/mars_ws/install/mars_world')])}
[0.000460] (mars_drone_description) JobStarted: {'identifier': 'mars_drone_description'}
[0.003386] (mars_mission_manager) JobStarted: {'identifier': 'mars_mission_manager'}
[0.006372] (mars_world) JobStarted: {'identifier': 'mars_world'}
[0.008274] (mars_gui) JobStarted: {'identifier': 'mars_gui'}
[0.011834] (mars_drone_description) JobProgress: {'identifier': 'mars_drone_description', 'progress': 'cmake'}
[0.012219] (mars_drone_description) JobProgress: {'identifier': 'mars_drone_description', 'progress': 'build'}
[0.012690] (mars_drone_description) Command: {'cmd': ['/usr/bin/cmake', '--build', '/home/shihab/MARS PROJECT/mars_ws/build/mars_drone_description', '--', '-j12', '-l12'], 'cwd': '/home/shihab/MARS PROJECT/mars_ws/build/mars_drone_description', 'env': OrderedDict([('USER', 'shihab'), ('SHLVL', '1'), ('LIBGL_ALWAYS_SOFTWARE', '1'), ('LD_LIBRARY_PATH', '/usr/lib/x86_64-linux-gnu/gazebo-11/plugins:/opt/ros/humble/opt/rviz_ogre_vendor/lib:/opt/ros/humble/lib/x86_64-linux-gnu:/opt/ros/humble/lib'), ('HOME', '/home/shihab'), ('OLDPWD', '/home/shihab/MARS PROJECT'), ('GAZEBO_MASTER_URI', 'http://127.0.0.1:11345'), ('ROS_PYTHON_VERSION', '3'), ('DBUS_SESSION_BUS_ADDRESS', 'unix:path=/run/user/1000/bus'), ('ROS_DISTRO', 'humble'), ('LOGNAME', 'shihab'), ('_', '/usr/bin/colcon'), ('ROS_VERSION', '2'), ('TERM', 'xterm-256color'), ('ROS_LOCALHOST_ONLY', '1'), ('PATH', '/home/shihab/.local/bin:/usr/local/sbin:/usr/local/bin:/usr/sbin:/usr/bin:/sbin:/bin:/opt/ros/humble/bin:/snap/bin'), ('XDG_RUNTIME_DIR', '/run/user/1000'), ('DISPLAY', ':0'), ('LANG', 'en_US.UTF-8'), ('GZ_IP', '127.0.0.1'), ('XAUTHORITY', '/run/user/1000/.mutter-Xwaylandauth.SXVVN3'), ('GSETTINGS_SCHEMA_DIR', '/usr/share/glib-2.0/schemas'), ('ROS_DOMAIN_ID', '42'), ('AMENT_PREFIX_PATH', '/opt/ros/humble'), ('SHELL', '/bin/bash'), ('GAZEBO_IP', '127.0.0.1'), ('PWD', '/home/shihab/MARS PROJECT/mars_ws/build/mars_drone_description'), ('QT_QPA_PLATFORM', 'xcb'), ('XDG_DATA_DIRS', '/usr/share/gnome:/usr/local/share:/usr/share:/var/lib/snapd/desktop'), ('PYTHONPATH', '/opt/ros/humble/lib/python3.10/site-packages:/opt/ros/humble/local/lib/python3.10/dist-packages'), ('COLCON', '1'), ('CMAKE_PREFIX_PATH', '/opt/ros/humble')]), 'shell': False}
[0.099424] (-) TimerEvent: {}
[0.178463] (mars_world) JobProgress: {'identifier': 'mars_world', 'progress': 'cmake'}
[0.178741] (mars_world) JobProgress: {'identifier': 'mars_world', 'progress': 'build'}
[0.178940] (mars_world) Command: {'cmd': ['/usr/bin/cmake', '--build', '/home/shihab/MARS PROJECT/mars_ws/build/mars_world', '--', '-j12', '-l12'], 'cwd': '/home/shihab/MARS PROJECT/mars_ws/build/mars_world', 'env': OrderedDict([('USER', 'shihab'), ('SHLVL', '1'), ('LIBGL_ALWAYS_SOFTWARE', '1'), ('LD_LIBRARY_PATH', '/usr/lib/x86_64-linux-gnu/gazebo-11/plugins:/opt/ros/humble/opt/rviz_ogre_vendor/lib:/opt/ros/humble/lib/x86_64-linux-gnu:/opt/ros/humble/lib'), ('HOME', '/home/shihab'), ('OLDPWD', '/home/shihab/MARS PROJECT'), ('GAZEBO_MASTER_URI', 'http://127.0.0.1:11345'), ('ROS_PYTHON_VERSION', '3'), ('DBUS_SESSION_BUS_ADDRESS', 'unix:path=/run/user/1000/bus'), ('ROS_DISTRO', 'humble'), ('LOGNAME', 'shihab'), ('_', '/usr/bin/colcon'), ('ROS_VERSION', '2'), ('TERM', 'xterm-256color'), ('ROS_LOCALHOST_ONLY', '1'), ('PATH', '/home/shihab/.local/bin:/usr/local/sbin:/usr/local/bin:/usr/sbin:/usr/bin:/sbin:/bin:/opt/ros/humble/bin:/snap/bin'), ('XDG_RUNTIME_DIR', '/run/user/1000'), ('DISPLAY', ':0'), ('LANG', 'en_US.UTF-8'), ('GZ_IP', '127.0.0.1'), ('XAUTHORITY', '/run/user/1000/.mutter-Xwaylandauth.SXVVN3'), ('GSETTINGS_SCHEMA_DIR', '/usr/share/glib-2.0/schemas'), ('ROS_DOMAIN_ID', '42'), ('AMENT_PREFIX_PATH', '/opt/ros/humble'), ('SHELL', '/bin/bash'), ('GAZEBO_IP', '127.0.0.1'), ('PWD', '/home/shihab/MARS PROJECT/mars_ws/build/mars_world'), ('QT_QPA_PLATFORM', 'xcb'), ('XDG_DATA_DIRS', '/usr/share/gnome:/usr/local/share:/usr/share:/var/lib/snapd/desktop'), ('PYTHONPATH', '/opt/ros/humble/lib/python3.10/site-packages:/opt/ros/humble/local/lib/python3.10/dist-packages'), ('COLCON', '1'), ('CMAKE_PREFIX_PATH', '/opt/ros/humble')]), 'shell': False}
[0.199548] (-) TimerEvent: {}
[0.299977] (-) TimerEvent: {}
[0.350968] (mars_drone_description) CommandEnded: {'returncode': 0}
[0.351494] (mars_drone_description) JobProgress: {'identifier': 'mars_drone_description', 'progress': 'install'}
[0.358985] (mars_drone_description) Command: {'cmd': ['/usr/bin/cmake', '--install', '/home/shihab/MARS PROJECT/mars_ws/build/mars_drone_description'], 'cwd': '/home/shihab/MARS PROJECT/mars_ws/build/mars_drone_description', 'env': OrderedDict([('USER', 'shihab'), ('SHLVL', '1'), ('LIBGL_ALWAYS_SOFTWARE', '1'), ('LD_LIBRARY_PATH', '/usr/lib/x86_64-linux-gnu/gazebo-11/plugins:/opt/ros/humble/opt/rviz_ogre_vendor/lib:/opt/ros/humble/lib/x86_64-linux-gnu:/opt/ros/humble/lib'), ('HOME', '/home/shihab'), ('OLDPWD', '/home/shihab/MARS PROJECT'), ('GAZEBO_MASTER_URI', 'http://127.0.0.1:11345'), ('ROS_PYTHON_VERSION', '3'), ('DBUS_SESSION_BUS_ADDRESS', 'unix:path=/run/user/1000/bus'), ('ROS_DISTRO', 'humble'), ('LOGNAME', 'shihab'), ('_', '/usr/bin/colcon'), ('ROS_VERSION', '2'), ('TERM', 'xterm-256color'), ('ROS_LOCALHOST_ONLY', '1'), ('PATH', '/home/shihab/.local/bin:/usr/local/sbin:/usr/local/bin:/usr/sbin:/usr/bin:/sbin:/bin:/opt/ros/humble/bin:/snap/bin'), ('XDG_RUNTIME_DIR', '/run/user/1000'), ('DISPLAY', ':0'), ('LANG', 'en_US.UTF-8'), ('GZ_IP', '127.0.0.1'), ('XAUTHORITY', '/run/user/1000/.mutter-Xwaylandauth.SXVVN3'), ('GSETTINGS_SCHEMA_DIR', '/usr/share/glib-2.0/schemas'), ('ROS_DOMAIN_ID', '42'), ('AMENT_PREFIX_PATH', '/opt/ros/humble'), ('SHELL', '/bin/bash'), ('GAZEBO_IP', '127.0.0.1'), ('PWD', '/home/shihab/MARS PROJECT/mars_ws/build/mars_drone_description'), ('QT_QPA_PLATFORM', 'xcb'), ('XDG_DATA_DIRS', '/usr/share/gnome:/usr/local/share:/usr/share:/var/lib/snapd/desktop'), ('PYTHONPATH', '/opt/ros/humble/lib/python3.10/site-packages:/opt/ros/humble/local/lib/python3.10/dist-packages'), ('COLCON', '1'), ('CMAKE_PREFIX_PATH', '/opt/ros/humble')]), 'shell': False}
[0.359876] (mars_world) CommandEnded: {'returncode': 0}
[0.360327] (mars_world) JobProgress: {'identifier': 'mars_world', 'progress': 'install'}
[0.360517] (mars_world) Command: {'cmd': ['/usr/bin/cmake', '--install', '/home/shihab/MARS PROJECT/mars_ws/build/mars_world'], 'cwd': '/home/shihab/MARS PROJECT/mars_ws/build/mars_world', 'env': OrderedDict([('USER', 'shihab'), ('SHLVL', '1'), ('LIBGL_ALWAYS_SOFTWARE', '1'), ('LD_LIBRARY_PATH', '/usr/lib/x86_64-linux-gnu/gazebo-11/plugins:/opt/ros/humble/opt/rviz_ogre_vendor/lib:/opt/ros/humble/lib/x86_64-linux-gnu:/opt/ros/humble/lib'), ('HOME', '/home/shihab'), ('OLDPWD', '/home/shihab/MARS PROJECT'), ('GAZEBO_MASTER_URI', 'http://127.0.0.1:11345'), ('ROS_PYTHON_VERSION', '3'), ('DBUS_SESSION_BUS_ADDRESS', 'unix:path=/run/user/1000/bus'), ('ROS_DISTRO', 'humble'), ('LOGNAME', 'shihab'), ('_', '/usr/bin/colcon'), ('ROS_VERSION', '2'), ('TERM', 'xterm-256color'), ('ROS_LOCALHOST_ONLY', '1'), ('PATH', '/home/shihab/.local/bin:/usr/local/sbin:/usr/local/bin:/usr/sbin:/usr/bin:/sbin:/bin:/opt/ros/humble/bin:/snap/bin'), ('XDG_RUNTIME_DIR', '/run/user/1000'), ('DISPLAY', ':0'), ('LANG', 'en_US.UTF-8'), ('GZ_IP', '127.0.0.1'), ('XAUTHORITY', '/run/user/1000/.mutter-Xwaylandauth.SXVVN3'), ('GSETTINGS_SCHEMA_DIR', '/usr/share/glib-2.0/schemas'), ('ROS_DOMAIN_ID', '42'), ('AMENT_PREFIX_PATH', '/opt/ros/humble'), ('SHELL', '/bin/bash'), ('GAZEBO_IP', '127.0.0.1'), ('PWD', '/home/shihab/MARS PROJECT/mars_ws/build/mars_world'), ('QT_QPA_PLATFORM', 'xcb'), ('XDG_DATA_DIRS', '/usr/share/gnome:/usr/local/share:/usr/share:/var/lib/snapd/desktop'), ('PYTHONPATH', '/opt/ros/humble/lib/python3.10/site-packages:/opt/ros/humble/local/lib/python3.10/dist-packages'), ('COLCON', '1'), ('CMAKE_PREFIX_PATH', '/opt/ros/humble')]), 'shell': False}
[0.365019] (mars_world) StdoutLine: {'line': b'-- Install configuration: ""\n'}
[0.365194] (mars_drone_description) StdoutLine: {'line': b'-- Install configuration: ""\n'}
[0.365302] (mars_world) StdoutLine: {'line': b'-- Execute custom install script\n'}
[0.365519] (mars_world) StdoutLine: {'line': b'-- Up-to-date symlink: /home/shihab/MARS PROJECT/mars_ws/install/mars_world/share/mars_world/worlds/mars_delivery.world\n'}
[0.365686] (mars_drone_description) StdoutLine: {'line': b'-- Execute custom install script\n'}
[0.365834] (mars_world) StdoutLine: {'line': b'-- Up-to-date symlink: /home/shihab/MARS PROJECT/mars_ws/install/mars_world/share/mars_world/models/house1/model.config\n'}
[0.365959] (mars_world) StdoutLine: {'line': b'-- Up-to-date symlink: /home/shihab/MARS PROJECT/mars_ws/install/mars_world/share/mars_world/models/house1/model.sdf\n'}
[0.366104] (mars_world) StdoutLine: {'line': b'-- Up-to-date symlink: /home/shihab/MARS PROJECT/mars_ws/install/mars_world/share/mars_world/models/house2/model.config\n'}
[0.366194] (mars_world) StdoutLine: {'line': b'-- Up-to-date symlink: /home/shihab/MARS PROJECT/mars_ws/install/mars_world/share/mars_world/models/house2/model.sdf\n'}
[0.366267] (mars_world) StdoutLine: {'line': b'-- Up-to-date symlink: /home/shihab/MARS PROJECT/mars_ws/install/mars_world/share/mars_world/models/house3/model.config\n'}
[0.366400] (mars_world) StdoutLine: {'line': b'-- Up-to-date symlink: /home/shihab/MARS PROJECT/mars_ws/install/mars_world/share/mars_world/models/house3/model.sdf\n'}
[0.366482] (mars_world) StdoutLine: {'line': b'-- Up-to-date symlink: /home/shihab/MARS PROJECT/mars_ws/install/mars_world/share/mars_world/models/house4/model.config\n'}
[0.366560] (mars_drone_description) StdoutLine: {'line': b'-- Up-to-date symlink: /home/shihab/MARS PROJECT/mars_ws/install/mars_drone_description/share/mars_drone_description/urdf/drone.urdf.xacro\n'}
[0.366655] (mars_world) StdoutLine: {'line': b'-- Up-to-date symlink: /home/shihab/MARS PROJECT/mars_ws/install/mars_world/share/mars_world/models/house4/model.sdf\n'}
[0.366761] (mars_world) StdoutLine: {'line': b'-- Up-to-date symlink: /home/shihab/MARS PROJECT/mars_ws/install/mars_world/share/mars_world/models/house5/model.config\n'}
[0.366856] (mars_world) StdoutLine: {'line': b'-- Up-to-date symlink: /home/shihab/MARS PROJECT/mars_ws/install/mars_world/share/mars_world/models/house5/model.sdf\n'}
[0.366934] (mars_drone_description) StdoutLine: {'line': b'-- Up-to-date symlink: /home/shihab/MARS PROJECT/mars_ws/install/mars_drone_description/share/mars_drone_description/launch/__pycache__/display.launch.cpython-310.pyc\n'}
[0.367038] (mars_world) StdoutLine: {'line': b'-- Up-to-date symlink: /home/shihab/MARS PROJECT/mars_ws/install/mars_world/share/mars_world/models/house6/model.config\n'}
[0.367124] (mars_world) StdoutLine: {'line': b'-- Up-to-date symlink: /home/shihab/MARS PROJECT/mars_ws/install/mars_world/share/mars_world/models/house6/model.sdf\n'}
[0.367204] (mars_world) StdoutLine: {'line': b'-- Up-to-date symlink: /home/shihab/MARS PROJECT/mars_ws/install/mars_world/share/mars_world/models/warehouse/model.config\n'}
[0.367271] (mars_world) StdoutLine: {'line': b'-- Up-to-date symlink: /home/shihab/MARS PROJECT/mars_ws/install/mars_world/share/mars_world/models/warehouse/model.sdf\n'}
[0.367350] (mars_drone_description) StdoutLine: {'line': b'-- Up-to-date symlink: /home/shihab/MARS PROJECT/mars_ws/install/mars_drone_description/share/mars_drone_description/launch/display.launch.py\n'}
[0.367429] (mars_world) StdoutLine: {'line': b'-- Up-to-date symlink: /home/shihab/MARS PROJECT/mars_ws/install/mars_world/share/ament_index/resource_index/package_run_dependencies/mars_world\n'}
[0.367506] (mars_world) StdoutLine: {'line': b'-- Up-to-date symlink: /home/shihab/MARS PROJECT/mars_ws/install/mars_world/share/ament_index/resource_index/parent_prefix_path/mars_world\n'}
[0.367587] (mars_drone_description) StdoutLine: {'line': b'-- Up-to-date symlink: /home/shihab/MARS PROJECT/mars_ws/install/mars_drone_description/share/ament_index/resource_index/package_run_dependencies/mars_drone_description\n'}
[0.367654] (mars_world) StdoutLine: {'line': b'-- Up-to-date symlink: /home/shihab/MARS PROJECT/mars_ws/install/mars_world/share/mars_world/environment/ament_prefix_path.sh\n'}
[0.367751] (mars_world) StdoutLine: {'line': b'-- Up-to-date symlink: /home/shihab/MARS PROJECT/mars_ws/install/mars_world/share/mars_world/environment/ament_prefix_path.dsv\n'}
[0.367839] (mars_drone_description) StdoutLine: {'line': b'-- Up-to-date symlink: /home/shihab/MARS PROJECT/mars_ws/install/mars_drone_description/share/ament_index/resource_index/parent_prefix_path/mars_drone_description\n'}
[0.367908] (mars_world) StdoutLine: {'line': b'-- Up-to-date symlink: /home/shihab/MARS PROJECT/mars_ws/install/mars_world/share/mars_world/environment/path.sh\n'}
[0.367972] (mars_world) StdoutLine: {'line': b'-- Up-to-date symlink: /home/shihab/MARS PROJECT/mars_ws/install/mars_world/share/mars_world/environment/path.dsv\n'}
[0.368037] (mars_drone_description) StdoutLine: {'line': b'-- Up-to-date symlink: /home/shihab/MARS PROJECT/mars_ws/install/mars_drone_description/share/mars_drone_description/environment/ament_prefix_path.sh\n'}
[0.368105] (mars_world) StdoutLine: {'line': b'-- Up-to-date symlink: /home/shihab/MARS PROJECT/mars_ws/install/mars_world/share/mars_world/local_setup.bash\n'}
[0.368172] (mars_world) StdoutLine: {'line': b'-- Up-to-date symlink: /home/shihab/MARS PROJECT/mars_ws/install/mars_world/share/mars_world/local_setup.sh\n'}
[0.368241] (mars_drone_description) StdoutLine: {'line': b'-- Up-to-date symlink: /home/shihab/MARS PROJECT/mars_ws/install/mars_drone_description/share/mars_drone_description/environment/ament_prefix_path.dsv\n'}
[0.368308] (mars_world) StdoutLine: {'line': b'-- Up-to-date symlink: /home/shihab/MARS PROJECT/mars_ws/install/mars_world/share/mars_world/local_setup.zsh\n'}
[0.368375] (mars_world) StdoutLine: {'line': b'-- Up-to-date symlink: /home/shihab/MARS PROJECT/mars_ws/install/mars_world/share/mars_world/local_setup.dsv\n'}
[0.368440] (mars_world) StdoutLine: {'line': b'-- Symlinking: /home/shihab/MARS PROJECT/mars_ws/install/mars_world/share/mars_world/package.dsv\n'}
[0.368536] (mars_drone_description) StdoutLine: {'line': b'-- Up-to-date symlink: /home/shihab/MARS PROJECT/mars_ws/install/mars_drone_description/share/mars_drone_description/environment/path.sh\n'}
[0.368581] (mars_drone_description) StdoutLine: {'line': b'-- Up-to-date symlink: /home/shihab/MARS PROJECT/mars_ws/install/mars_drone_description/share/mars_drone_description/environment/path.dsv\n'}
[0.368612] (mars_drone_description) StdoutLine: {'line': b'-- Up-to-date symlink: /home/shihab/MARS PROJECT/mars_ws/install/mars_drone_description/share/mars_drone_description/local_setup.bash\n'}
[0.368640] (mars_drone_description) StdoutLine: {'line': b'-- Up-to-date symlink: /home/shihab/MARS PROJECT/mars_ws/install/mars_drone_description/share/mars_drone_description/local_setup.sh\n'}
[0.368667] (mars_drone_description) StdoutLine: {'line': b'-- Up-to-date symlink: /home/shihab/MARS PROJECT/mars_ws/install/mars_drone_description/share/mars_drone_description/local_setup.zsh\n'}
[0.368695] (mars_drone_description) StdoutLine: {'line': b'-- Up-to-date symlink: /home/shihab/MARS PROJECT/mars_ws/install/mars_drone_description/share/mars_drone_description/local_setup.dsv\n'}
[0.368720] (mars_drone_description) StdoutLine: {'line': b'-- Symlinking: /home/shihab/MARS PROJECT/mars_ws/install/mars_drone_description/share/mars_drone_description/package.dsv\n'}
[0.372879] (mars_world) StdoutLine: {'line': b'-- Up-to-date symlink: /home/shihab/MARS PROJECT/mars_ws/install/mars_world/share/ament_index/resource_index/packages/mars_world\n'}
[0.373027] (mars_world) StdoutLine: {'line': b'-- Up-to-date symlink: /home/shihab/MARS PROJECT/mars_ws/install/mars_world/share/mars_world/cmake/mars_worldConfig.cmake\n'}
[0.373075] (mars_world) StdoutLine: {'line': b'-- Up-to-date symlink: /home/shihab/MARS PROJECT/mars_ws/install/mars_world/share/mars_world/cmake/mars_worldConfig-version.cmake\n'}
[0.373198] (mars_world) StdoutLine: {'line': b'-- Up-to-date symlink: /home/shihab/MARS PROJECT/mars_ws/install/mars_world/share/mars_world/package.xml\n'}
[0.374606] (mars_drone_description) StdoutLine: {'line': b'-- Up-to-date symlink: /home/shihab/MARS PROJECT/mars_ws/install/mars_drone_description/share/ament_index/resource_index/packages/mars_drone_description\n'}
[0.374854] (mars_world) CommandEnded: {'returncode': 0}
[0.375163] (mars_drone_description) StdoutLine: {'line': b'-- Up-to-date symlink: /home/shihab/MARS PROJECT/mars_ws/install/mars_drone_description/share/mars_drone_description/cmake/mars_drone_descriptionConfig.cmake\n'}
[0.375206] (mars_drone_description) StdoutLine: {'line': b'-- Up-to-date symlink: /home/shihab/MARS PROJECT/mars_ws/install/mars_drone_description/share/mars_drone_description/cmake/mars_drone_descriptionConfig-version.cmake\n'}
[0.375237] (mars_drone_description) StdoutLine: {'line': b'-- Up-to-date symlink: /home/shihab/MARS PROJECT/mars_ws/install/mars_drone_description/share/mars_drone_description/package.xml\n'}
[0.388131] (mars_world) JobEnded: {'identifier': 'mars_world', 'rc': 0}
[0.389000] (mars_drone_description) CommandEnded: {'returncode': 0}
[0.395317] (mars_drone_description) JobEnded: {'identifier': 'mars_drone_description', 'rc': 0}
[0.399965] (-) TimerEvent: {}
[0.500282] (-) TimerEvent: {}
[0.592862] (mars_mission_manager) Command: {'cmd': ['/usr/bin/python3', '-W', 'ignore:setup.py install is deprecated', '-W', 'ignore:easy_install command is deprecated', 'setup.py', 'develop', '--editable', '--build-directory', '/home/shihab/MARS PROJECT/mars_ws/build/mars_mission_manager/build', '--no-deps', 'symlink_data'], 'cwd': '/home/shihab/MARS PROJECT/mars_ws/build/mars_mission_manager', 'env': {'USER': 'shihab', 'SHLVL': '1', 'LIBGL_ALWAYS_SOFTWARE': '1', 'LD_LIBRARY_PATH': '/usr/lib/x86_64-linux-gnu/gazebo-11/plugins:/opt/ros/humble/opt/rviz_ogre_vendor/lib:/opt/ros/humble/lib/x86_64-linux-gnu:/opt/ros/humble/lib', 'HOME': '/home/shihab', 'OLDPWD': '/home/shihab/MARS PROJECT', 'GAZEBO_MASTER_URI': 'http://127.0.0.1:11345', 'ROS_PYTHON_VERSION': '3', 'DBUS_SESSION_BUS_ADDRESS': 'unix:path=/run/user/1000/bus', 'ROS_DISTRO': 'humble', 'LOGNAME': 'shihab', '_': '/usr/bin/colcon', 'ROS_VERSION': '2', 'TERM': 'xterm-256color', 'ROS_LOCALHOST_ONLY': '1', 'PATH': '/home/shihab/.local/bin:/usr/local/sbin:/usr/local/bin:/usr/sbin:/usr/bin:/sbin:/bin:/opt/ros/humble/bin:/snap/bin', 'XDG_RUNTIME_DIR': '/run/user/1000', 'DISPLAY': ':0', 'LANG': 'en_US.UTF-8', 'GZ_IP': '127.0.0.1', 'XAUTHORITY': '/run/user/1000/.mutter-Xwaylandauth.SXVVN3', 'GSETTINGS_SCHEMA_DIR': '/usr/share/glib-2.0/schemas', 'ROS_DOMAIN_ID': '42', 'AMENT_PREFIX_PATH': '/opt/ros/humble', 'SHELL': '/bin/bash', 'GAZEBO_IP': '127.0.0.1', 'PWD': '/home/shihab/MARS PROJECT/mars_ws/build/mars_mission_manager', 'QT_QPA_PLATFORM': 'xcb', 'XDG_DATA_DIRS': '/usr/share/gnome:/usr/local/share:/usr/share:/var/lib/snapd/desktop', 'PYTHONPATH': '/home/shihab/MARS PROJECT/mars_ws/build/mars_mission_manager/prefix_override:/usr/lib/python3/dist-packages/colcon_core/task/python/colcon_distutils_commands:/home/shihab/MARS PROJECT/mars_ws/install/mars_mission_manager/lib/python3.10/site-packages:/opt/ros/humble/lib/python3.10/site-packages:/opt/ros/humble/local/lib/python3.10/dist-packages', 'COLCON': '1'}, 'shell': False}
[0.600397] (-) TimerEvent: {}
[0.608185] (mars_gui) Command: {'cmd': ['/usr/bin/python3', '-W', 'ignore:setup.py install is deprecated', '-W', 'ignore:easy_install command is deprecated', 'setup.py', 'develop', '--editable', '--build-directory', '/home/shihab/MARS PROJECT/mars_ws/build/mars_gui/build', '--no-deps', 'symlink_data'], 'cwd': '/home/shihab/MARS PROJECT/mars_ws/build/mars_gui', 'env': {'USER': 'shihab', 'SHLVL': '1', 'LIBGL_ALWAYS_SOFTWARE': '1', 'LD_LIBRARY_PATH': '/usr/lib/x86_64-linux-gnu/gazebo-11/plugins:/opt/ros/humble/opt/rviz_ogre_vendor/lib:/opt/ros/humble/lib/x86_64-linux-gnu:/opt/ros/humble/lib', 'HOME': '/home/shihab', 'OLDPWD': '/home/shihab/MARS PROJECT', 'GAZEBO_MASTER_URI': 'http://127.0.0.1:11345', 'ROS_PYTHON_VERSION': '3', 'DBUS_SESSION_BUS_ADDRESS': 'unix:path=/run/user/1000/bus', 'ROS_DISTRO': 'humble', 'LOGNAME': 'shihab', '_': '/usr/bin/colcon', 'ROS_VERSION': '2', 'TERM': 'xterm-256color', 'ROS_LOCALHOST_ONLY': '1', 'PATH': '/home/shihab/.local/bin:/usr/local/sbin:/usr/local/bin:/usr/sbin:/usr/bin:/sbin:/bin:/opt/ros/humble/bin:/snap/bin', 'XDG_RUNTIME_DIR': '/run/user/1000', 'DISPLAY': ':0', 'LANG': 'en_US.UTF-8', 'GZ_IP': '127.0.0.1', 'XAUTHORITY': '/run/user/1000/.mutter-Xwaylandauth.SXVVN3', 'GSETTINGS_SCHEMA_DIR': '/usr/share/glib-2.0/schemas', 'ROS_DOMAIN_ID': '42', 'AMENT_PREFIX_PATH': '/opt/ros/humble', 'SHELL': '/bin/bash', 'GAZEBO_IP': '127.0.0.1', 'PWD': '/home/shihab/MARS PROJECT/mars_ws/build/mars_gui', 'QT_QPA_PLATFORM': 'xcb', 'XDG_DATA_DIRS': '/usr/share/gnome:/usr/local/share:/usr/share:/var/lib/snapd/desktop', 'PYTHONPATH': '/home/shihab/MARS PROJECT/mars_ws/build/mars_gui/prefix_override:/usr/lib/python3/dist-packages/colcon_core/task/python/colcon_distutils_commands:/home/shihab/MARS PROJECT/mars_ws/install/mars_gui/lib/python3.10/site-packages:/opt/ros/humble/lib/python3.10/site-packages:/opt/ros/humble/local/lib/python3.10/dist-packages', 'COLCON': '1'}, 'shell': False}
[0.700526] (-) TimerEvent: {}
[0.758781] (mars_mission_manager) StdoutLine: {'line': b'running develop\n'}
[0.772365] (mars_gui) StdoutLine: {'line': b'running develop\n'}
[0.800644] (-) TimerEvent: {}
[0.865598] (mars_mission_manager) StdoutLine: {'line': b'running egg_info\n'}
[0.865936] (mars_mission_manager) StdoutLine: {'line': b'writing mars_mission_manager.egg-info/PKG-INFO\n'}
[0.866027] (mars_mission_manager) StdoutLine: {'line': b'writing dependency_links to mars_mission_manager.egg-info/dependency_links.txt\n'}
[0.866095] (mars_mission_manager) StdoutLine: {'line': b'writing entry points to mars_mission_manager.egg-info/entry_points.txt\n'}
[0.866159] (mars_mission_manager) StdoutLine: {'line': b'writing requirements to mars_mission_manager.egg-info/requires.txt\n'}
[0.866221] (mars_mission_manager) StdoutLine: {'line': b'writing top-level names to mars_mission_manager.egg-info/top_level.txt\n'}
[0.867238] (mars_mission_manager) StdoutLine: {'line': b"reading manifest file 'mars_mission_manager.egg-info/SOURCES.txt'\n"}
[0.867536] (mars_mission_manager) StdoutLine: {'line': b"writing manifest file 'mars_mission_manager.egg-info/SOURCES.txt'\n"}
[0.868453] (mars_mission_manager) StdoutLine: {'line': b'running build_ext\n'}
[0.868551] (mars_mission_manager) StdoutLine: {'line': b'Creating /home/shihab/MARS PROJECT/mars_ws/install/mars_mission_manager/lib/python3.10/site-packages/mars-mission-manager.egg-link (link to .)\n'}
[0.868981] (mars_mission_manager) StdoutLine: {'line': b'Installing mission_manager_node script to /home/shihab/MARS PROJECT/mars_ws/install/mars_mission_manager/lib/mars_mission_manager\n'}
[0.869240] (mars_mission_manager) StdoutLine: {'line': b'\n'}
[0.869329] (mars_mission_manager) StdoutLine: {'line': b'Installed /home/shihab/MARS PROJECT/mars_ws/build/mars_mission_manager\n'}
[0.869396] (mars_mission_manager) StdoutLine: {'line': b'running symlink_data\n'}
[0.880857] (mars_gui) StdoutLine: {'line': b'running egg_info\n'}
[0.881012] (mars_gui) StdoutLine: {'line': b'writing mars_gui.egg-info/PKG-INFO\n'}
[0.881192] (mars_gui) StdoutLine: {'line': b'writing dependency_links to mars_gui.egg-info/dependency_links.txt\n'}
[0.881284] (mars_gui) StdoutLine: {'line': b'writing entry points to mars_gui.egg-info/entry_points.txt\n'}
[0.881355] (mars_gui) StdoutLine: {'line': b'writing requirements to mars_gui.egg-info/requires.txt\n'}
[0.881419] (mars_gui) StdoutLine: {'line': b'writing top-level names to mars_gui.egg-info/top_level.txt\n'}
[0.882586] (mars_gui) StdoutLine: {'line': b"reading manifest file 'mars_gui.egg-info/SOURCES.txt'\n"}
[0.882869] (mars_gui) StdoutLine: {'line': b"writing manifest file 'mars_gui.egg-info/SOURCES.txt'\n"}
[0.883969] (mars_gui) StdoutLine: {'line': b'running build_ext\n'}
[0.884085] (mars_gui) StdoutLine: {'line': b'Creating /home/shihab/MARS PROJECT/mars_ws/install/mars_gui/lib/python3.10/site-packages/mars-gui.egg-link (link to .)\n'}
[0.884614] (mars_gui) StdoutLine: {'line': b'Installing delivery_gui script to /home/shihab/MARS PROJECT/mars_ws/install/mars_gui/lib/mars_gui\n'}
[0.884746] (mars_gui) StdoutLine: {'line': b'\n'}
[0.884825] (mars_gui) StdoutLine: {'line': b'Installed /home/shihab/MARS PROJECT/mars_ws/build/mars_gui\n'}
[0.884893] (mars_gui) StdoutLine: {'line': b'running symlink_data\n'}
[0.891243] (mars_mission_manager) CommandEnded: {'returncode': 0}
[0.896451] (mars_mission_manager) JobEnded: {'identifier': 'mars_mission_manager', 'rc': 0}
[0.897142] (mars_bringup) JobStarted: {'identifier': 'mars_bringup'}
[0.900755] (-) TimerEvent: {}
[0.902777] (mars_bringup) JobProgress: {'identifier': 'mars_bringup', 'progress': 'cmake'}
[0.903059] (mars_bringup) JobProgress: {'identifier': 'mars_bringup', 'progress': 'build'}
[0.903169] (mars_bringup) Command: {'cmd': ['/usr/bin/cmake', '--build', '/home/shihab/MARS PROJECT/mars_ws/build/mars_bringup', '--', '-j12', '-l12'], 'cwd': '/home/shihab/MARS PROJECT/mars_ws/build/mars_bringup', 'env': OrderedDict([('USER', 'shihab'), ('SHLVL', '1'), ('LIBGL_ALWAYS_SOFTWARE', '1'), ('LD_LIBRARY_PATH', '/usr/lib/x86_64-linux-gnu/gazebo-11/plugins:/opt/ros/humble/opt/rviz_ogre_vendor/lib:/opt/ros/humble/lib/x86_64-linux-gnu:/opt/ros/humble/lib'), ('HOME', '/home/shihab'), ('OLDPWD', '/home/shihab/MARS PROJECT'), ('GAZEBO_MASTER_URI', 'http://127.0.0.1:11345'), ('ROS_PYTHON_VERSION', '3'), ('DBUS_SESSION_BUS_ADDRESS', 'unix:path=/run/user/1000/bus'), ('ROS_DISTRO', 'humble'), ('LOGNAME', 'shihab'), ('_', '/usr/bin/colcon'), ('ROS_VERSION', '2'), ('TERM', 'xterm-256color'), ('ROS_LOCALHOST_ONLY', '1'), ('PATH', '/home/shihab/.local/bin:/usr/local/sbin:/usr/local/bin:/usr/sbin:/usr/bin:/sbin:/bin:/opt/ros/humble/bin:/snap/bin'), ('XDG_RUNTIME_DIR', '/run/user/1000'), ('DISPLAY', ':0'), ('LANG', 'en_US.UTF-8'), ('GZ_IP', '127.0.0.1'), ('XAUTHORITY', '/run/user/1000/.mutter-Xwaylandauth.SXVVN3'), ('GSETTINGS_SCHEMA_DIR', '/usr/share/glib-2.0/schemas'), ('ROS_DOMAIN_ID', '42'), ('AMENT_PREFIX_PATH', '/home/shihab/MARS PROJECT/mars_ws/install/mars_world:/home/shihab/MARS PROJECT/mars_ws/install/mars_mission_manager:/home/shihab/MARS PROJECT/mars_ws/install/mars_drone_description:/opt/ros/humble'), ('SHELL', '/bin/bash'), ('GAZEBO_IP', '127.0.0.1'), ('PWD', '/home/shihab/MARS PROJECT/mars_ws/build/mars_bringup'), ('QT_QPA_PLATFORM', 'xcb'), ('XDG_DATA_DIRS', '/usr/share/gnome:/usr/local/share:/usr/share:/var/lib/snapd/desktop'), ('PYTHONPATH', '/home/shihab/MARS PROJECT/mars_ws/build/mars_mission_manager:/home/shihab/MARS PROJECT/mars_ws/install/mars_mission_manager/lib/python3.10/site-packages:/opt/ros/humble/lib/python3.10/site-packages:/opt/ros/humble/local/lib/python3.10/dist-packages'), ('COLCON', '1'), ('CMAKE_PREFIX_PATH', '/home/shihab/MARS PROJECT/mars_ws/install/mars_world:/home/shihab/MARS PROJECT/mars_ws/install/mars_drone_description:/opt/ros/humble')]), 'shell': False}
[0.908578] (mars_gui) CommandEnded: {'returncode': 0}
[0.913247] (mars_gui) JobEnded: {'identifier': 'mars_gui', 'rc': 0}
[0.933196] (mars_bringup) CommandEnded: {'returncode': 0}
[0.933701] (mars_bringup) JobProgress: {'identifier': 'mars_bringup', 'progress': 'install'}
[0.933983] (mars_bringup) Command: {'cmd': ['/usr/bin/cmake', '--install', '/home/shihab/MARS PROJECT/mars_ws/build/mars_bringup'], 'cwd': '/home/shihab/MARS PROJECT/mars_ws/build/mars_bringup', 'env': OrderedDict([('USER', 'shihab'), ('SHLVL', '1'), ('LIBGL_ALWAYS_SOFTWARE', '1'), ('LD_LIBRARY_PATH', '/usr/lib/x86_64-linux-gnu/gazebo-11/plugins:/opt/ros/humble/opt/rviz_ogre_vendor/lib:/opt/ros/humble/lib/x86_64-linux-gnu:/opt/ros/humble/lib'), ('HOME', '/home/shihab'), ('OLDPWD', '/home/shihab/MARS PROJECT'), ('GAZEBO_MASTER_URI', 'http://127.0.0.1:11345'), ('ROS_PYTHON_VERSION', '3'), ('DBUS_SESSION_BUS_ADDRESS', 'unix:path=/run/user/1000/bus'), ('ROS_DISTRO', 'humble'), ('LOGNAME', 'shihab'), ('_', '/usr/bin/colcon'), ('ROS_VERSION', '2'), ('TERM', 'xterm-256color'), ('ROS_LOCALHOST_ONLY', '1'), ('PATH', '/home/shihab/.local/bin:/usr/local/sbin:/usr/local/bin:/usr/sbin:/usr/bin:/sbin:/bin:/opt/ros/humble/bin:/snap/bin'), ('XDG_RUNTIME_DIR', '/run/user/1000'), ('DISPLAY', ':0'), ('LANG', 'en_US.UTF-8'), ('GZ_IP', '127.0.0.1'), ('XAUTHORITY', '/run/user/1000/.mutter-Xwaylandauth.SXVVN3'), ('GSETTINGS_SCHEMA_DIR', '/usr/share/glib-2.0/schemas'), ('ROS_DOMAIN_ID', '42'), ('AMENT_PREFIX_PATH', '/home/shihab/MARS PROJECT/mars_ws/install/mars_world:/home/shihab/MARS PROJECT/mars_ws/install/mars_mission_manager:/home/shihab/MARS PROJECT/mars_ws/install/mars_drone_description:/opt/ros/humble'), ('SHELL', '/bin/bash'), ('GAZEBO_IP', '127.0.0.1'), ('PWD', '/home/shihab/MARS PROJECT/mars_ws/build/mars_bringup'), ('QT_QPA_PLATFORM', 'xcb'), ('XDG_DATA_DIRS', '/usr/share/gnome:/usr/local/share:/usr/share:/var/lib/snapd/desktop'), ('PYTHONPATH', '/home/shihab/MARS PROJECT/mars_ws/build/mars_mission_manager:/home/shihab/MARS PROJECT/mars_ws/install/mars_mission_manager/lib/python3.10/site-packages:/opt/ros/humble/lib/python3.10/site-packages:/opt/ros/humble/local/lib/python3.10/dist-packages'), ('COLCON', '1'), ('CMAKE_PREFIX_PATH', '/home/shihab/MARS PROJECT/mars_ws/install/mars_world:/home/shihab/MARS PROJECT/mars_ws/install/mars_drone_description:/opt/ros/humble')]), 'shell': False}
[0.939295] (mars_bringup) StdoutLine: {'line': b'-- Install configuration: ""\n'}
[0.939575] (mars_bringup) StdoutLine: {'line': b'-- Execute custom install script\n'}
[0.939792] (mars_bringup) StdoutLine: {'line': b'-- Symlinking: /home/shihab/MARS PROJECT/mars_ws/install/mars_bringup/share/mars_bringup/launch/__pycache__/mars_full.launch.cpython-310.pyc\n'}
[0.946345] (mars_bringup) StdoutLine: {'line': b'-- Up-to-date symlink: /home/shihab/MARS PROJECT/mars_ws/install/mars_bringup/share/mars_bringup/launch/mars_full.launch.py\n'}
[0.946535] (mars_bringup) StdoutLine: {'line': b'-- Up-to-date symlink: /home/shihab/MARS PROJECT/mars_ws/install/mars_bringup/share/mars_bringup/rviz/mars_drone.rviz\n'}
[0.946646] (mars_bringup) StdoutLine: {'line': b'-- Up-to-date symlink: /home/shihab/MARS PROJECT/mars_ws/install/mars_bringup/share/ament_index/resource_index/package_run_dependencies/mars_bringup\n'}
[0.946740] (mars_bringup) StdoutLine: {'line': b'-- Up-to-date symlink: /home/shihab/MARS PROJECT/mars_ws/install/mars_bringup/share/ament_index/resource_index/parent_prefix_path/mars_bringup\n'}
[0.946910] (mars_bringup) StdoutLine: {'line': b'-- Up-to-date symlink: /home/shihab/MARS PROJECT/mars_ws/install/mars_bringup/share/mars_bringup/environment/ament_prefix_path.sh\n'}
[0.946963] (mars_bringup) StdoutLine: {'line': b'-- Up-to-date symlink: /home/shihab/MARS PROJECT/mars_ws/install/mars_bringup/share/mars_bringup/environment/ament_prefix_path.dsv\n'}
[0.946995] (mars_bringup) StdoutLine: {'line': b'-- Up-to-date symlink: /home/shihab/MARS PROJECT/mars_ws/install/mars_bringup/share/mars_bringup/environment/path.sh\n'}
[0.947068] (mars_bringup) StdoutLine: {'line': b'-- Up-to-date symlink: /home/shihab/MARS PROJECT/mars_ws/install/mars_bringup/share/mars_bringup/environment/path.dsv\n'}
[0.947116] (mars_bringup) StdoutLine: {'line': b'-- Up-to-date symlink: /home/shihab/MARS PROJECT/mars_ws/install/mars_bringup/share/mars_bringup/local_setup.bash\n'}
[0.947146] (mars_bringup) StdoutLine: {'line': b'-- Up-to-date symlink: /home/shihab/MARS PROJECT/mars_ws/install/mars_bringup/share/mars_bringup/local_setup.sh\n'}
[0.947186] (mars_bringup) StdoutLine: {'line': b'-- Up-to-date symlink: /home/shihab/MARS PROJECT/mars_ws/install/mars_bringup/share/mars_bringup/local_setup.zsh\n'}
[0.947230] (mars_bringup) StdoutLine: {'line': b'-- Up-to-date symlink: /home/shihab/MARS PROJECT/mars_ws/install/mars_bringup/share/mars_bringup/local_setup.dsv\n'}
[0.947266] (mars_bringup) StdoutLine: {'line': b'-- Symlinking: /home/shihab/MARS PROJECT/mars_ws/install/mars_bringup/share/mars_bringup/package.dsv\n'}
[0.952351] (mars_bringup) StdoutLine: {'line': b'-- Up-to-date symlink: /home/shihab/MARS PROJECT/mars_ws/install/mars_bringup/share/ament_index/resource_index/packages/mars_bringup\n'}
[0.952437] (mars_bringup) StdoutLine: {'line': b'-- Up-to-date symlink: /home/shihab/MARS PROJECT/mars_ws/install/mars_bringup/share/mars_bringup/cmake/mars_bringupConfig.cmake\n'}
[0.952475] (mars_bringup) StdoutLine: {'line': b'-- Up-to-date symlink: /home/shihab/MARS PROJECT/mars_ws/install/mars_bringup/share/mars_bringup/cmake/mars_bringupConfig-version.cmake\n'}
[0.952523] (mars_bringup) StdoutLine: {'line': b'-- Up-to-date symlink: /home/shihab/MARS PROJECT/mars_ws/install/mars_bringup/share/mars_bringup/package.xml\n'}
[0.953691] (mars_bringup) CommandEnded: {'returncode': 0}
[0.960333] (mars_bringup) JobEnded: {'identifier': 'mars_bringup', 'rc': 0}
[0.960708] (-) EventReactorShutdown: {}
