[0.000000] (-) TimerEvent: {}
[0.000454] (mars_drone_description) JobQueued: {'identifier': 'mars_drone_description', 'dependencies': OrderedDict()}
[0.000550] (mars_gui) JobQueued: {'identifier': 'mars_gui', 'dependencies': OrderedDict()}
[0.000572] (mars_mission_manager) JobQueued: {'identifier': 'mars_mission_manager', 'dependencies': OrderedDict()}
[0.000591] (mars_world) JobQueued: {'identifier': 'mars_world', 'dependencies': OrderedDict()}
[0.000609] (mars_bringup) JobQueued: {'identifier': 'mars_bringup', 'dependencies': OrderedDict([('mars_drone_description', '/home/shihab/MARS PROJECT/mars_ws/install/mars_drone_description'), ('mars_mission_manager', '/home/shihab/MARS PROJECT/mars_ws/install/mars_mission_manager'), ('mars_world', '/home/shihab/MARS PROJECT/mars_ws/install/mars_world')])}
[0.000634] (mars_drone_description) JobStarted: {'identifier': 'mars_drone_description'}
[0.005612] (mars_mission_manager) JobStarted: {'identifier': 'mars_mission_manager'}
[0.008841] (mars_world) JobStarted: {'identifier': 'mars_world'}
[0.010788] (mars_gui) JobStarted: {'identifier': 'mars_gui'}
[0.014291] (mars_drone_description) JobProgress: {'identifier': 'mars_drone_description', 'progress': 'cmake'}
[0.014916] (mars_drone_description) JobProgress: {'identifier': 'mars_drone_description', 'progress': 'build'}
[0.015521] (mars_drone_description) Command: {'cmd': ['/usr/bin/cmake', '--build', '/home/shihab/MARS PROJECT/mars_ws/build/mars_drone_description', '--', '-j12', '-l12'], 'cwd': '/home/shihab/MARS PROJECT/mars_ws/build/mars_drone_description', 'env': OrderedDict([('USER', 'shihab'), ('SHLVL', '1'), ('LIBGL_ALWAYS_SOFTWARE', '1'), ('LD_LIBRARY_PATH', '/usr/lib/x86_64-linux-gnu/gazebo-11/plugins:/opt/ros/humble/opt/rviz_ogre_vendor/lib:/opt/ros/humble/lib/x86_64-linux-gnu:/opt/ros/humble/lib'), ('HOME', '/home/shihab'), ('OLDPWD', '/home/shihab/MARS PROJECT'), ('GAZEBO_MASTER_URI', 'http://127.0.0.1:11345'), ('ROS_PYTHON_VERSION', '3'), ('DBUS_SESSION_BUS_ADDRESS', 'unix:path=/run/user/1000/bus'), ('ROS_DISTRO', 'humble'), ('LOGNAME', 'shihab'), ('_', '/usr/bin/colcon'), ('ROS_VERSION', '2'), ('TERM', 'xterm-256color'), ('ROS_LOCALHOST_ONLY', '1'), ('PATH', '/home/shihab/.local/bin:/usr/local/sbin:/usr/local/bin:/usr/sbin:/usr/bin:/sbin:/bin:/opt/ros/humble/bin:/snap/bin'), ('XDG_RUNTIME_DIR', '/run/user/1000'), ('DISPLAY', ':0'), ('LANG', 'en_US.UTF-8'), ('GZ_IP', '127.0.0.1'), ('XAUTHORITY', '/run/user/1000/.mutter-Xwaylandauth.9KXCO3'), ('GSETTINGS_SCHEMA_DIR', '/usr/share/glib-2.0/schemas'), ('ROS_DOMAIN_ID', '42'), ('AMENT_PREFIX_PATH', '/opt/ros/humble'), ('SHELL', '/bin/bash'), ('GAZEBO_IP', '127.0.0.1'), ('PWD', '/home/shihab/MARS PROJECT/mars_ws/build/mars_drone_description'), ('QT_QPA_PLATFORM', 'xcb'), ('XDG_DATA_DIRS', '/usr/share/gnome:/usr/local/share:/usr/share:/var/lib/snapd/desktop'), ('PYTHONPATH', '/opt/ros/humble/lib/python3.10/site-packages:/opt/ros/humble/local/lib/python3.10/dist-packages'), ('COLCON', '1'), ('CMAKE_PREFIX_PATH', '/opt/ros/humble')]), 'shell': False}
[0.099865] (-) TimerEvent: {}
[0.186077] (mars_world) JobProgress: {'identifier': 'mars_world', 'progress': 'cmake'}
[0.186778] (mars_world) JobProgress: {'identifier': 'mars_world', 'progress': 'build'}
[0.186812] (mars_world) Command: {'cmd': ['/usr/bin/cmake', '--build', '/home/shihab/MARS PROJECT/mars_ws/build/mars_world', '--', '-j12', '-l12'], 'cwd': '/home/shihab/MARS PROJECT/mars_ws/build/mars_world', 'env': OrderedDict([('USER', 'shihab'), ('SHLVL', '1'), ('LIBGL_ALWAYS_SOFTWARE', '1'), ('LD_LIBRARY_PATH', '/usr/lib/x86_64-linux-gnu/gazebo-11/plugins:/opt/ros/humble/opt/rviz_ogre_vendor/lib:/opt/ros/humble/lib/x86_64-linux-gnu:/opt/ros/humble/lib'), ('HOME', '/home/shihab'), ('OLDPWD', '/home/shihab/MARS PROJECT'), ('GAZEBO_MASTER_URI', 'http://127.0.0.1:11345'), ('ROS_PYTHON_VERSION', '3'), ('DBUS_SESSION_BUS_ADDRESS', 'unix:path=/run/user/1000/bus'), ('ROS_DISTRO', 'humble'), ('LOGNAME', 'shihab'), ('_', '/usr/bin/colcon'), ('ROS_VERSION', '2'), ('TERM', 'xterm-256color'), ('ROS_LOCALHOST_ONLY', '1'), ('PATH', '/home/shihab/.local/bin:/usr/local/sbin:/usr/local/bin:/usr/sbin:/usr/bin:/sbin:/bin:/opt/ros/humble/bin:/snap/bin'), ('XDG_RUNTIME_DIR', '/run/user/1000'), ('DISPLAY', ':0'), ('LANG', 'en_US.UTF-8'), ('GZ_IP', '127.0.0.1'), ('XAUTHORITY', '/run/user/1000/.mutter-Xwaylandauth.9KXCO3'), ('GSETTINGS_SCHEMA_DIR', '/usr/share/glib-2.0/schemas'), ('ROS_DOMAIN_ID', '42'), ('AMENT_PREFIX_PATH', '/opt/ros/humble'), ('SHELL', '/bin/bash'), ('GAZEBO_IP', '127.0.0.1'), ('PWD', '/home/shihab/MARS PROJECT/mars_ws/build/mars_world'), ('QT_QPA_PLATFORM', 'xcb'), ('XDG_DATA_DIRS', '/usr/share/gnome:/usr/local/share:/usr/share:/var/lib/snapd/desktop'), ('PYTHONPATH', '/opt/ros/humble/lib/python3.10/site-packages:/opt/ros/humble/local/lib/python3.10/dist-packages'), ('COLCON', '1'), ('CMAKE_PREFIX_PATH', '/opt/ros/humble')]), 'shell': False}
[0.199972] (-) TimerEvent: {}
[0.300356] (-) TimerEvent: {}
[0.357363] (mars_drone_description) CommandEnded: {'returncode': 0}
[0.357991] (mars_drone_description) JobProgress: {'identifier': 'mars_drone_description', 'progress': 'install'}
[0.365917] (mars_drone_description) Command: {'cmd': ['/usr/bin/cmake', '--install', '/home/shihab/MARS PROJECT/mars_ws/build/mars_drone_description'], 'cwd': '/home/shihab/MARS PROJECT/mars_ws/build/mars_drone_description', 'env': OrderedDict([('USER', 'shihab'), ('SHLVL', '1'), ('LIBGL_ALWAYS_SOFTWARE', '1'), ('LD_LIBRARY_PATH', '/usr/lib/x86_64-linux-gnu/gazebo-11/plugins:/opt/ros/humble/opt/rviz_ogre_vendor/lib:/opt/ros/humble/lib/x86_64-linux-gnu:/opt/ros/humble/lib'), ('HOME', '/home/shihab'), ('OLDPWD', '/home/shihab/MARS PROJECT'), ('GAZEBO_MASTER_URI', 'http://127.0.0.1:11345'), ('ROS_PYTHON_VERSION', '3'), ('DBUS_SESSION_BUS_ADDRESS', 'unix:path=/run/user/1000/bus'), ('ROS_DISTRO', 'humble'), ('LOGNAME', 'shihab'), ('_', '/usr/bin/colcon'), ('ROS_VERSION', '2'), ('TERM', 'xterm-256color'), ('ROS_LOCALHOST_ONLY', '1'), ('PATH', '/home/shihab/.local/bin:/usr/local/sbin:/usr/local/bin:/usr/sbin:/usr/bin:/sbin:/bin:/opt/ros/humble/bin:/snap/bin'), ('XDG_RUNTIME_DIR', '/run/user/1000'), ('DISPLAY', ':0'), ('LANG', 'en_US.UTF-8'), ('GZ_IP', '127.0.0.1'), ('XAUTHORITY', '/run/user/1000/.mutter-Xwaylandauth.9KXCO3'), ('GSETTINGS_SCHEMA_DIR', '/usr/share/glib-2.0/schemas'), ('ROS_DOMAIN_ID', '42'), ('AMENT_PREFIX_PATH', '/opt/ros/humble'), ('SHELL', '/bin/bash'), ('GAZEBO_IP', '127.0.0.1'), ('PWD', '/home/shihab/MARS PROJECT/mars_ws/build/mars_drone_description'), ('QT_QPA_PLATFORM', 'xcb'), ('XDG_DATA_DIRS', '/usr/share/gnome:/usr/local/share:/usr/share:/var/lib/snapd/desktop'), ('PYTHONPATH', '/opt/ros/humble/lib/python3.10/site-packages:/opt/ros/humble/local/lib/python3.10/dist-packages'), ('COLCON', '1'), ('CMAKE_PREFIX_PATH', '/opt/ros/humble')]), 'shell': False}
[0.367013] (mars_world) CommandEnded: {'returncode': 0}
[0.367733] (mars_world) JobProgress: {'identifier': 'mars_world', 'progress': 'install'}
[0.367984] (mars_world) Command: {'cmd': ['/usr/bin/cmake', '--install', '/home/shihab/MARS PROJECT/mars_ws/build/mars_world'], 'cwd': '/home/shihab/MARS PROJECT/mars_ws/build/mars_world', 'env': OrderedDict([('USER', 'shihab'), ('SHLVL', '1'), ('LIBGL_ALWAYS_SOFTWARE', '1'), ('LD_LIBRARY_PATH', '/usr/lib/x86_64-linux-gnu/gazebo-11/plugins:/opt/ros/humble/opt/rviz_ogre_vendor/lib:/opt/ros/humble/lib/x86_64-linux-gnu:/opt/ros/humble/lib'), ('HOME', '/home/shihab'), ('OLDPWD', '/home/shihab/MARS PROJECT'), ('GAZEBO_MASTER_URI', 'http://127.0.0.1:11345'), ('ROS_PYTHON_VERSION', '3'), ('DBUS_SESSION_BUS_ADDRESS', 'unix:path=/run/user/1000/bus'), ('ROS_DISTRO', 'humble'), ('LOGNAME', 'shihab'), ('_', '/usr/bin/colcon'), ('ROS_VERSION', '2'), ('TERM', 'xterm-256color'), ('ROS_LOCALHOST_ONLY', '1'), ('PATH', '/home/shihab/.local/bin:/usr/local/sbin:/usr/local/bin:/usr/sbin:/usr/bin:/sbin:/bin:/opt/ros/humble/bin:/snap/bin'), ('XDG_RUNTIME_DIR', '/run/user/1000'), ('DISPLAY', ':0'), ('LANG', 'en_US.UTF-8'), ('GZ_IP', '127.0.0.1'), ('XAUTHORITY', '/run/user/1000/.mutter-Xwaylandauth.9KXCO3'), ('GSETTINGS_SCHEMA_DIR', '/usr/share/glib-2.0/schemas'), ('ROS_DOMAIN_ID', '42'), ('AMENT_PREFIX_PATH', '/opt/ros/humble'), ('SHELL', '/bin/bash'), ('GAZEBO_IP', '127.0.0.1'), ('PWD', '/home/shihab/MARS PROJECT/mars_ws/build/mars_world'), ('QT_QPA_PLATFORM', 'xcb'), ('XDG_DATA_DIRS', '/usr/share/gnome:/usr/local/share:/usr/share:/var/lib/snapd/desktop'), ('PYTHONPATH', '/opt/ros/humble/lib/python3.10/site-packages:/opt/ros/humble/local/lib/python3.10/dist-packages'), ('COLCON', '1'), ('CMAKE_PREFIX_PATH', '/opt/ros/humble')]), 'shell': False}
[0.372388] (mars_world) StdoutLine: {'line': b'-- Install configuration: ""\n'}
[0.372555] (mars_drone_description) StdoutLine: {'line': b'-- Install configuration: ""\n'}
[0.373047] (mars_drone_description) StdoutLine: {'line': b'-- Execute custom install script\n'}
[0.373171] (mars_world) StdoutLine: {'line': b'-- Execute custom install script\n'}
[0.373602] (mars_drone_description) StdoutLine: {'line': b'-- Up-to-date symlink: /home/shihab/MARS PROJECT/mars_ws/install/mars_drone_description/share/mars_drone_description/urdf/drone.urdf.xacro\n'}
[0.373703] (mars_world) StdoutLine: {'line': b'-- Up-to-date symlink: /home/shihab/MARS PROJECT/mars_ws/install/mars_world/share/mars_world/worlds/mars_delivery.world\n'}
[0.373808] (mars_drone_description) StdoutLine: {'line': b'-- Up-to-date symlink: /home/shihab/MARS PROJECT/mars_ws/install/mars_drone_description/share/mars_drone_description/launch/__pycache__/display.launch.cpython-310.pyc\n'}
[0.373905] (mars_drone_description) StdoutLine: {'line': b'-- Up-to-date symlink: /home/shihab/MARS PROJECT/mars_ws/install/mars_drone_description/share/mars_drone_description/launch/display.launch.py\n'}
[0.373999] (mars_world) StdoutLine: {'line': b'-- Up-to-date symlink: /home/shihab/MARS PROJECT/mars_ws/install/mars_world/share/mars_world/models/house1/model.config\n'}
[0.374070] (mars_world) StdoutLine: {'line': b'-- Up-to-date symlink: /home/shihab/MARS PROJECT/mars_ws/install/mars_world/share/mars_world/models/house1/model.sdf\n'}
[0.374152] (mars_world) StdoutLine: {'line': b'-- Up-to-date symlink: /home/shihab/MARS PROJECT/mars_ws/install/mars_world/share/mars_world/models/house2/model.config\n'}
[0.374261] (mars_world) StdoutLine: {'line': b'-- Up-to-date symlink: /home/shihab/MARS PROJECT/mars_ws/install/mars_world/share/mars_world/models/house2/model.sdf\n'}
[0.374320] (mars_drone_description) StdoutLine: {'line': b'-- Up-to-date symlink: /home/shihab/MARS PROJECT/mars_ws/install/mars_drone_description/share/ament_index/resource_index/package_run_dependencies/mars_drone_description\n'}
[0.374435] (mars_world) StdoutLine: {'line': b'-- Up-to-date symlink: /home/shihab/MARS PROJECT/mars_ws/install/mars_world/share/mars_world/models/house3/model.config\n'}
[0.374520] (mars_world) StdoutLine: {'line': b'-- Up-to-date symlink: /home/shihab/MARS PROJECT/mars_ws/install/mars_world/share/mars_world/models/house3/model.sdf\n'}
[0.374576] (mars_world) StdoutLine: {'line': b'-- Up-to-date symlink: /home/shihab/MARS PROJECT/mars_ws/install/mars_world/share/mars_world/models/house4/model.config\n'}
[0.374629] (mars_drone_description) StdoutLine: {'line': b'-- Up-to-date symlink: /home/shihab/MARS PROJECT/mars_ws/install/mars_drone_description/share/ament_index/resource_index/parent_prefix_path/mars_drone_description\n'}
[0.374696] (mars_drone_description) StdoutLine: {'line': b'-- Up-to-date symlink: /home/shihab/MARS PROJECT/mars_ws/install/mars_drone_description/share/mars_drone_description/environment/ament_prefix_path.sh\n'}
[0.374753] (mars_world) StdoutLine: {'line': b'-- Up-to-date symlink: /home/shihab/MARS PROJECT/mars_ws/install/mars_world/share/mars_world/models/house4/model.sdf\n'}
[0.374831] (mars_world) StdoutLine: {'line': b'-- Up-to-date symlink: /home/shihab/MARS PROJECT/mars_ws/install/mars_world/share/mars_world/models/house5/model.config\n'}
[0.374908] (mars_world) StdoutLine: {'line': b'-- Up-to-date symlink: /home/shihab/MARS PROJECT/mars_ws/install/mars_world/share/mars_world/models/house5/model.sdf\n'}
[0.374962] (mars_world) StdoutLine: {'line': b'-- Up-to-date symlink: /home/shihab/MARS PROJECT/mars_ws/install/mars_world/share/mars_world/models/house6/model.config\n'}
[0.375053] (mars_world) StdoutLine: {'line': b'-- Up-to-date symlink: /home/shihab/MARS PROJECT/mars_ws/install/mars_world/share/mars_world/models/house6/model.sdf\n'}
[0.375108] (mars_world) StdoutLine: {'line': b'-- Up-to-date symlink: /home/shihab/MARS PROJECT/mars_ws/install/mars_world/share/mars_world/models/warehouse/model.config\n'}
[0.375159] (mars_world) StdoutLine: {'line': b'-- Up-to-date symlink: /home/shihab/MARS PROJECT/mars_ws/install/mars_world/share/mars_world/models/warehouse/model.sdf\n'}
[0.375246] (mars_world) StdoutLine: {'line': b'-- Up-to-date symlink: /home/shihab/MARS PROJECT/mars_ws/install/mars_world/share/ament_index/resource_index/package_run_dependencies/mars_world\n'}
[0.375354] (mars_drone_description) StdoutLine: {'line': b'-- Up-to-date symlink: /home/shihab/MARS PROJECT/mars_ws/install/mars_drone_description/share/mars_drone_description/environment/ament_prefix_path.dsv\n'}
[0.375421] (mars_world) StdoutLine: {'line': b'-- Up-to-date symlink: /home/shihab/MARS PROJECT/mars_ws/install/mars_world/share/ament_index/resource_index/parent_prefix_path/mars_world\n'}
[0.375720] (mars_drone_description) StdoutLine: {'line': b'-- Up-to-date symlink: /home/shihab/MARS PROJECT/mars_ws/install/mars_drone_description/share/mars_drone_description/environment/path.sh\n'}
[0.375856] (mars_drone_description) StdoutLine: {'line': b'-- Up-to-date symlink: /home/shihab/MARS PROJECT/mars_ws/install/mars_drone_description/share/mars_drone_description/environment/path.dsv\n'}
[0.375971] (mars_drone_description) StdoutLine: {'line': b'-- Up-to-date symlink: /home/shihab/MARS PROJECT/mars_ws/install/mars_drone_description/share/mars_drone_description/local_setup.bash\n'}
[0.376079] (mars_drone_description) StdoutLine: {'line': b'-- Up-to-date symlink: /home/shihab/MARS PROJECT/mars_ws/install/mars_drone_description/share/mars_drone_description/local_setup.sh\n'}
[0.376204] (mars_drone_description) StdoutLine: {'line': b'-- Up-to-date symlink: /home/shihab/MARS PROJECT/mars_ws/install/mars_drone_description/share/mars_drone_description/local_setup.zsh\n'}
[0.376343] (mars_drone_description) StdoutLine: {'line': b'-- Up-to-date symlink: /home/shihab/MARS PROJECT/mars_ws/install/mars_drone_description/share/mars_drone_description/local_setup.dsv\n'}
[0.376432] (mars_world) StdoutLine: {'line': b'-- Up-to-date symlink: /home/shihab/MARS PROJECT/mars_ws/install/mars_world/share/mars_world/environment/ament_prefix_path.sh\n'}
[0.376529] (mars_drone_description) StdoutLine: {'line': b'-- Symlinking: /home/shihab/MARS PROJECT/mars_ws/install/mars_drone_description/share/mars_drone_description/package.dsv\n'}
[0.376620] (mars_world) StdoutLine: {'line': b'-- Up-to-date symlink: /home/shihab/MARS PROJECT/mars_ws/install/mars_world/share/mars_world/environment/ament_prefix_path.dsv\n'}
[0.376698] (mars_world) StdoutLine: {'line': b'-- Up-to-date symlink: /home/shihab/MARS PROJECT/mars_ws/install/mars_world/share/mars_world/environment/path.sh\n'}
[0.376777] (mars_world) StdoutLine: {'line': b'-- Up-to-date symlink: /home/shihab/MARS PROJECT/mars_ws/install/mars_world/share/mars_world/environment/path.dsv\n'}
[0.376857] (mars_world) StdoutLine: {'line': b'-- Up-to-date symlink: /home/shihab/MARS PROJECT/mars_ws/install/mars_world/share/mars_world/local_setup.bash\n'}
[0.376941] (mars_world) StdoutLine: {'line': b'-- Up-to-date symlink: /home/shihab/MARS PROJECT/mars_ws/install/mars_world/share/mars_world/local_setup.sh\n'}
[0.377022] (mars_world) StdoutLine: {'line': b'-- Up-to-date symlink: /home/shihab/MARS PROJECT/mars_ws/install/mars_world/share/mars_world/local_setup.zsh\n'}
[0.377111] (mars_world) StdoutLine: {'line': b'-- Up-to-date symlink: /home/shihab/MARS PROJECT/mars_ws/install/mars_world/share/mars_world/local_setup.dsv\n'}
[0.377195] (mars_world) StdoutLine: {'line': b'-- Symlinking: /home/shihab/MARS PROJECT/mars_ws/install/mars_world/share/mars_world/package.dsv\n'}
[0.382520] (mars_drone_description) StdoutLine: {'line': b'-- Up-to-date symlink: /home/shihab/MARS PROJECT/mars_ws/install/mars_drone_description/share/ament_index/resource_index/packages/mars_drone_description\n'}
[0.382744] (mars_drone_description) StdoutLine: {'line': b'-- Up-to-date symlink: /home/shihab/MARS PROJECT/mars_ws/install/mars_drone_description/share/mars_drone_description/cmake/mars_drone_descriptionConfig.cmake\n'}
[0.382853] (mars_drone_description) StdoutLine: {'line': b'-- Up-to-date symlink: /home/shihab/MARS PROJECT/mars_ws/install/mars_drone_description/share/mars_drone_description/cmake/mars_drone_descriptionConfig-version.cmake\n'}
[0.382955] (mars_drone_description) StdoutLine: {'line': b'-- Up-to-date symlink: /home/shihab/MARS PROJECT/mars_ws/install/mars_drone_description/share/mars_drone_description/package.xml\n'}
[0.383105] (mars_world) StdoutLine: {'line': b'-- Up-to-date symlink: /home/shihab/MARS PROJECT/mars_ws/install/mars_world/share/ament_index/resource_index/packages/mars_world\n'}
[0.383218] (mars_world) StdoutLine: {'line': b'-- Up-to-date symlink: /home/shihab/MARS PROJECT/mars_ws/install/mars_world/share/mars_world/cmake/mars_worldConfig.cmake\n'}
[0.383312] (mars_world) StdoutLine: {'line': b'-- Up-to-date symlink: /home/shihab/MARS PROJECT/mars_ws/install/mars_world/share/mars_world/cmake/mars_worldConfig-version.cmake\n'}
[0.383384] (mars_world) StdoutLine: {'line': b'-- Up-to-date symlink: /home/shihab/MARS PROJECT/mars_ws/install/mars_world/share/mars_world/package.xml\n'}
[0.384570] (mars_drone_description) CommandEnded: {'returncode': 0}
[0.400719] (-) TimerEvent: {}
[0.403262] (mars_drone_description) JobEnded: {'identifier': 'mars_drone_description', 'rc': 0}
[0.404196] (mars_world) CommandEnded: {'returncode': 0}
[0.411464] (mars_world) JobEnded: {'identifier': 'mars_world', 'rc': 0}
[0.500840] (-) TimerEvent: {}
[0.601208] (-) TimerEvent: {}
[0.662835] (mars_mission_manager) Command: {'cmd': ['/usr/bin/python3', '-W', 'ignore:setup.py install is deprecated', '-W', 'ignore:easy_install command is deprecated', 'setup.py', 'develop', '--editable', '--build-directory', '/home/shihab/MARS PROJECT/mars_ws/build/mars_mission_manager/build', '--no-deps', 'symlink_data'], 'cwd': '/home/shihab/MARS PROJECT/mars_ws/build/mars_mission_manager', 'env': {'USER': 'shihab', 'SHLVL': '1', 'LIBGL_ALWAYS_SOFTWARE': '1', 'LD_LIBRARY_PATH': '/usr/lib/x86_64-linux-gnu/gazebo-11/plugins:/opt/ros/humble/opt/rviz_ogre_vendor/lib:/opt/ros/humble/lib/x86_64-linux-gnu:/opt/ros/humble/lib', 'HOME': '/home/shihab', 'OLDPWD': '/home/shihab/MARS PROJECT', 'GAZEBO_MASTER_URI': 'http://127.0.0.1:11345', 'ROS_PYTHON_VERSION': '3', 'DBUS_SESSION_BUS_ADDRESS': 'unix:path=/run/user/1000/bus', 'ROS_DISTRO': 'humble', 'LOGNAME': 'shihab', '_': '/usr/bin/colcon', 'ROS_VERSION': '2', 'TERM': 'xterm-256color', 'ROS_LOCALHOST_ONLY': '1', 'PATH': '/home/shihab/.local/bin:/usr/local/sbin:/usr/local/bin:/usr/sbin:/usr/bin:/sbin:/bin:/opt/ros/humble/bin:/snap/bin', 'XDG_RUNTIME_DIR': '/run/user/1000', 'DISPLAY': ':0', 'LANG': 'en_US.UTF-8', 'GZ_IP': '127.0.0.1', 'XAUTHORITY': '/run/user/1000/.mutter-Xwaylandauth.9KXCO3', 'GSETTINGS_SCHEMA_DIR': '/usr/share/glib-2.0/schemas', 'ROS_DOMAIN_ID': '42', 'AMENT_PREFIX_PATH': '/opt/ros/humble', 'SHELL': '/bin/bash', 'GAZEBO_IP': '127.0.0.1', 'PWD': '/home/shihab/MARS PROJECT/mars_ws/build/mars_mission_manager', 'QT_QPA_PLATFORM': 'xcb', 'XDG_DATA_DIRS': '/usr/share/gnome:/usr/local/share:/usr/share:/var/lib/snapd/desktop', 'PYTHONPATH': '/home/shihab/MARS PROJECT/mars_ws/build/mars_mission_manager/prefix_override:/usr/lib/python3/dist-packages/colcon_core/task/python/colcon_distutils_commands:/home/shihab/MARS PROJECT/mars_ws/install/mars_mission_manager/lib/python3.10/site-packages:/opt/ros/humble/lib/python3.10/site-packages:/opt/ros/humble/local/lib/python3.10/dist-packages', 'COLCON': '1'}, 'shell': False}
[0.664154] (mars_gui) Command: {'cmd': ['/usr/bin/python3', '-W', 'ignore:setup.py install is deprecated', '-W', 'ignore:easy_install command is deprecated', 'setup.py', 'develop', '--editable', '--build-directory', '/home/shihab/MARS PROJECT/mars_ws/build/mars_gui/build', '--no-deps', 'symlink_data'], 'cwd': '/home/shihab/MARS PROJECT/mars_ws/build/mars_gui', 'env': {'USER': 'shihab', 'SHLVL': '1', 'LIBGL_ALWAYS_SOFTWARE': '1', 'LD_LIBRARY_PATH': '/usr/lib/x86_64-linux-gnu/gazebo-11/plugins:/opt/ros/humble/opt/rviz_ogre_vendor/lib:/opt/ros/humble/lib/x86_64-linux-gnu:/opt/ros/humble/lib', 'HOME': '/home/shihab', 'OLDPWD': '/home/shihab/MARS PROJECT', 'GAZEBO_MASTER_URI': 'http://127.0.0.1:11345', 'ROS_PYTHON_VERSION': '3', 'DBUS_SESSION_BUS_ADDRESS': 'unix:path=/run/user/1000/bus', 'ROS_DISTRO': 'humble', 'LOGNAME': 'shihab', '_': '/usr/bin/colcon', 'ROS_VERSION': '2', 'TERM': 'xterm-256color', 'ROS_LOCALHOST_ONLY': '1', 'PATH': '/home/shihab/.local/bin:/usr/local/sbin:/usr/local/bin:/usr/sbin:/usr/bin:/sbin:/bin:/opt/ros/humble/bin:/snap/bin', 'XDG_RUNTIME_DIR': '/run/user/1000', 'DISPLAY': ':0', 'LANG': 'en_US.UTF-8', 'GZ_IP': '127.0.0.1', 'XAUTHORITY': '/run/user/1000/.mutter-Xwaylandauth.9KXCO3', 'GSETTINGS_SCHEMA_DIR': '/usr/share/glib-2.0/schemas', 'ROS_DOMAIN_ID': '42', 'AMENT_PREFIX_PATH': '/opt/ros/humble', 'SHELL': '/bin/bash', 'GAZEBO_IP': '127.0.0.1', 'PWD': '/home/shihab/MARS PROJECT/mars_ws/build/mars_gui', 'QT_QPA_PLATFORM': 'xcb', 'XDG_DATA_DIRS': '/usr/share/gnome:/usr/local/share:/usr/share:/var/lib/snapd/desktop', 'PYTHONPATH': '/home/shihab/MARS PROJECT/mars_ws/build/mars_gui/prefix_override:/usr/lib/python3/dist-packages/colcon_core/task/python/colcon_distutils_commands:/home/shihab/MARS PROJECT/mars_ws/install/mars_gui/lib/python3.10/site-packages:/opt/ros/humble/lib/python3.10/site-packages:/opt/ros/humble/local/lib/python3.10/dist-packages', 'COLCON': '1'}, 'shell': False}
[0.701438] (-) TimerEvent: {}
[0.801825] (-) TimerEvent: {}
[0.824328] (mars_mission_manager) StdoutLine: {'line': b'running develop\n'}
[0.827177] (mars_gui) StdoutLine: {'line': b'running develop\n'}
[0.901931] (-) TimerEvent: {}
[0.952599] (mars_gui) StdoutLine: {'line': b'running egg_info\n'}
[0.952797] (mars_gui) StdoutLine: {'line': b'writing mars_gui.egg-info/PKG-INFO\n'}
[0.952983] (mars_gui) StdoutLine: {'line': b'writing dependency_links to mars_gui.egg-info/dependency_links.txt\n'}
[0.953085] (mars_gui) StdoutLine: {'line': b'writing entry points to mars_gui.egg-info/entry_points.txt\n'}
[0.953157] (mars_gui) StdoutLine: {'line': b'writing requirements to mars_gui.egg-info/requires.txt\n'}
[0.953224] (mars_gui) StdoutLine: {'line': b'writing top-level names to mars_gui.egg-info/top_level.txt\n'}
[0.953937] (mars_mission_manager) StdoutLine: {'line': b'running egg_info\n'}
[0.954187] (mars_mission_manager) StdoutLine: {'line': b'writing mars_mission_manager.egg-info/PKG-INFO\n'}
[0.954300] (mars_mission_manager) StdoutLine: {'line': b'writing dependency_links to mars_mission_manager.egg-info/dependency_links.txt\n'}
[0.954377] (mars_mission_manager) StdoutLine: {'line': b'writing entry points to mars_mission_manager.egg-info/entry_points.txt\n'}
[0.954533] (mars_mission_manager) StdoutLine: {'line': b'writing requirements to mars_mission_manager.egg-info/requires.txt\n'}
[0.954634] (mars_mission_manager) StdoutLine: {'line': b'writing top-level names to mars_mission_manager.egg-info/top_level.txt\n'}
[0.954707] (mars_gui) StdoutLine: {'line': b"reading manifest file 'mars_gui.egg-info/SOURCES.txt'\n"}
[0.954942] (mars_gui) StdoutLine: {'line': b"writing manifest file 'mars_gui.egg-info/SOURCES.txt'\n"}
[0.955567] (mars_mission_manager) StdoutLine: {'line': b"reading manifest file 'mars_mission_manager.egg-info/SOURCES.txt'\n"}
[0.955884] (mars_gui) StdoutLine: {'line': b'running build_ext\n'}
[0.956056] (mars_mission_manager) StdoutLine: {'line': b"writing manifest file 'mars_mission_manager.egg-info/SOURCES.txt'\n"}
[0.956130] (mars_gui) StdoutLine: {'line': b'Creating /home/shihab/MARS PROJECT/mars_ws/install/mars_gui/lib/python3.10/site-packages/mars-gui.egg-link (link to .)\n'}
[0.956443] (mars_gui) StdoutLine: {'line': b'Installing delivery_gui script to /home/shihab/MARS PROJECT/mars_ws/install/mars_gui/lib/mars_gui\n'}
[0.956624] (mars_gui) StdoutLine: {'line': b'\n'}
[0.956724] (mars_gui) StdoutLine: {'line': b'Installed /home/shihab/MARS PROJECT/mars_ws/build/mars_gui\n'}
[0.956795] (mars_gui) StdoutLine: {'line': b'running symlink_data\n'}
[0.956875] (mars_mission_manager) StdoutLine: {'line': b'running build_ext\n'}
[0.956965] (mars_mission_manager) StdoutLine: {'line': b'Creating /home/shihab/MARS PROJECT/mars_ws/install/mars_mission_manager/lib/python3.10/site-packages/mars-mission-manager.egg-link (link to .)\n'}
[0.957438] (mars_mission_manager) StdoutLine: {'line': b'Installing mission_manager_node script to /home/shihab/MARS PROJECT/mars_ws/install/mars_mission_manager/lib/mars_mission_manager\n'}
[0.957587] (mars_mission_manager) StdoutLine: {'line': b'\n'}
[0.957681] (mars_mission_manager) StdoutLine: {'line': b'Installed /home/shihab/MARS PROJECT/mars_ws/build/mars_mission_manager\n'}
[0.957754] (mars_mission_manager) StdoutLine: {'line': b'running symlink_data\n'}
[0.988960] (mars_gui) CommandEnded: {'returncode': 0}
[0.993892] (mars_gui) JobEnded: {'identifier': 'mars_gui', 'rc': 0}
[0.994672] (mars_mission_manager) CommandEnded: {'returncode': 0}
[0.998820] (mars_mission_manager) JobEnded: {'identifier': 'mars_mission_manager', 'rc': 0}
[0.999427] (mars_bringup) JobStarted: {'identifier': 'mars_bringup'}
[1.002019] (-) TimerEvent: {}
[1.005028] (mars_bringup) JobProgress: {'identifier': 'mars_bringup', 'progress': 'cmake'}
[1.005557] (mars_bringup) JobProgress: {'identifier': 'mars_bringup', 'progress': 'build'}
[1.005718] (mars_bringup) Command: {'cmd': ['/usr/bin/cmake', '--build', '/home/shihab/MARS PROJECT/mars_ws/build/mars_bringup', '--', '-j12', '-l12'], 'cwd': '/home/shihab/MARS PROJECT/mars_ws/build/mars_bringup', 'env': OrderedDict([('USER', 'shihab'), ('SHLVL', '1'), ('LIBGL_ALWAYS_SOFTWARE', '1'), ('LD_LIBRARY_PATH', '/usr/lib/x86_64-linux-gnu/gazebo-11/plugins:/opt/ros/humble/opt/rviz_ogre_vendor/lib:/opt/ros/humble/lib/x86_64-linux-gnu:/opt/ros/humble/lib'), ('HOME', '/home/shihab'), ('OLDPWD', '/home/shihab/MARS PROJECT'), ('GAZEBO_MASTER_URI', 'http://127.0.0.1:11345'), ('ROS_PYTHON_VERSION', '3'), ('DBUS_SESSION_BUS_ADDRESS', 'unix:path=/run/user/1000/bus'), ('ROS_DISTRO', 'humble'), ('LOGNAME', 'shihab'), ('_', '/usr/bin/colcon'), ('ROS_VERSION', '2'), ('TERM', 'xterm-256color'), ('ROS_LOCALHOST_ONLY', '1'), ('PATH', '/home/shihab/.local/bin:/usr/local/sbin:/usr/local/bin:/usr/sbin:/usr/bin:/sbin:/bin:/opt/ros/humble/bin:/snap/bin'), ('XDG_RUNTIME_DIR', '/run/user/1000'), ('DISPLAY', ':0'), ('LANG', 'en_US.UTF-8'), ('GZ_IP', '127.0.0.1'), ('XAUTHORITY', '/run/user/1000/.mutter-Xwaylandauth.9KXCO3'), ('GSETTINGS_SCHEMA_DIR', '/usr/share/glib-2.0/schemas'), ('ROS_DOMAIN_ID', '42'), ('AMENT_PREFIX_PATH', '/home/shihab/MARS PROJECT/mars_ws/install/mars_world:/home/shihab/MARS PROJECT/mars_ws/install/mars_mission_manager:/home/shihab/MARS PROJECT/mars_ws/install/mars_drone_description:/opt/ros/humble'), ('SHELL', '/bin/bash'), ('GAZEBO_IP', '127.0.0.1'), ('PWD', '/home/shihab/MARS PROJECT/mars_ws/build/mars_bringup'), ('QT_QPA_PLATFORM', 'xcb'), ('XDG_DATA_DIRS', '/usr/share/gnome:/usr/local/share:/usr/share:/var/lib/snapd/desktop'), ('PYTHONPATH', '/home/shihab/MARS PROJECT/mars_ws/build/mars_mission_manager:/home/shihab/MARS PROJECT/mars_ws/install/mars_mission_manager/lib/python3.10/site-packages:/opt/ros/humble/lib/python3.10/site-packages:/opt/ros/humble/local/lib/python3.10/dist-packages'), ('COLCON', '1'), ('CMAKE_PREFIX_PATH', '/home/shihab/MARS PROJECT/mars_ws/install/mars_world:/home/shihab/MARS PROJECT/mars_ws/install/mars_drone_description:/opt/ros/humble')]), 'shell': False}
[1.035595] (mars_bringup) CommandEnded: {'returncode': 0}
[1.036237] (mars_bringup) JobProgress: {'identifier': 'mars_bringup', 'progress': 'install'}
[1.036337] (mars_bringup) Command: {'cmd': ['/usr/bin/cmake', '--install', '/home/shihab/MARS PROJECT/mars_ws/build/mars_bringup'], 'cwd': '/home/shihab/MARS PROJECT/mars_ws/build/mars_bringup', 'env': OrderedDict([('USER', 'shihab'), ('SHLVL', '1'), ('LIBGL_ALWAYS_SOFTWARE', '1'), ('LD_LIBRARY_PATH', '/usr/lib/x86_64-linux-gnu/gazebo-11/plugins:/opt/ros/humble/opt/rviz_ogre_vendor/lib:/opt/ros/humble/lib/x86_64-linux-gnu:/opt/ros/humble/lib'), ('HOME', '/home/shihab'), ('OLDPWD', '/home/shihab/MARS PROJECT'), ('GAZEBO_MASTER_URI', 'http://127.0.0.1:11345'), ('ROS_PYTHON_VERSION', '3'), ('DBUS_SESSION_BUS_ADDRESS', 'unix:path=/run/user/1000/bus'), ('ROS_DISTRO', 'humble'), ('LOGNAME', 'shihab'), ('_', '/usr/bin/colcon'), ('ROS_VERSION', '2'), ('TERM', 'xterm-256color'), ('ROS_LOCALHOST_ONLY', '1'), ('PATH', '/home/shihab/.local/bin:/usr/local/sbin:/usr/local/bin:/usr/sbin:/usr/bin:/sbin:/bin:/opt/ros/humble/bin:/snap/bin'), ('XDG_RUNTIME_DIR', '/run/user/1000'), ('DISPLAY', ':0'), ('LANG', 'en_US.UTF-8'), ('GZ_IP', '127.0.0.1'), ('XAUTHORITY', '/run/user/1000/.mutter-Xwaylandauth.9KXCO3'), ('GSETTINGS_SCHEMA_DIR', '/usr/share/glib-2.0/schemas'), ('ROS_DOMAIN_ID', '42'), ('AMENT_PREFIX_PATH', '/home/shihab/MARS PROJECT/mars_ws/install/mars_world:/home/shihab/MARS PROJECT/mars_ws/install/mars_mission_manager:/home/shihab/MARS PROJECT/mars_ws/install/mars_drone_description:/opt/ros/humble'), ('SHELL', '/bin/bash'), ('GAZEBO_IP', '127.0.0.1'), ('PWD', '/home/shihab/MARS PROJECT/mars_ws/build/mars_bringup'), ('QT_QPA_PLATFORM', 'xcb'), ('XDG_DATA_DIRS', '/usr/share/gnome:/usr/local/share:/usr/share:/var/lib/snapd/desktop'), ('PYTHONPATH', '/home/shihab/MARS PROJECT/mars_ws/build/mars_mission_manager:/home/shihab/MARS PROJECT/mars_ws/install/mars_mission_manager/lib/python3.10/site-packages:/opt/ros/humble/lib/python3.10/site-packages:/opt/ros/humble/local/lib/python3.10/dist-packages'), ('COLCON', '1'), ('CMAKE_PREFIX_PATH', '/home/shihab/MARS PROJECT/mars_ws/install/mars_world:/home/shihab/MARS PROJECT/mars_ws/install/mars_drone_description:/opt/ros/humble')]), 'shell': False}
[1.043460] (mars_bringup) StdoutLine: {'line': b'-- Install configuration: ""\n'}
[1.044332] (mars_bringup) StdoutLine: {'line': b'-- Execute custom install script\n'}
[1.044664] (mars_bringup) StdoutLine: {'line': b'-- Symlinking: /home/shihab/MARS PROJECT/mars_ws/install/mars_bringup/share/mars_bringup/launch/__pycache__/mars_full.launch.cpython-310.pyc\n'}
[1.050833] (mars_bringup) StdoutLine: {'line': b'-- Up-to-date symlink: /home/shihab/MARS PROJECT/mars_ws/install/mars_bringup/share/mars_bringup/launch/mars_full.launch.py\n'}
[1.050979] (mars_bringup) StdoutLine: {'line': b'-- Up-to-date symlink: /home/shihab/MARS PROJECT/mars_ws/install/mars_bringup/share/mars_bringup/rviz/mars_drone.rviz\n'}
[1.051038] (mars_bringup) StdoutLine: {'line': b'-- Up-to-date symlink: /home/shihab/MARS PROJECT/mars_ws/install/mars_bringup/share/ament_index/resource_index/package_run_dependencies/mars_bringup\n'}
[1.051111] (mars_bringup) StdoutLine: {'line': b'-- Up-to-date symlink: /home/shihab/MARS PROJECT/mars_ws/install/mars_bringup/share/ament_index/resource_index/parent_prefix_path/mars_bringup\n'}
[1.051195] (mars_bringup) StdoutLine: {'line': b'-- Up-to-date symlink: /home/shihab/MARS PROJECT/mars_ws/install/mars_bringup/share/mars_bringup/environment/ament_prefix_path.sh\n'}
[1.051271] (mars_bringup) StdoutLine: {'line': b'-- Up-to-date symlink: /home/shihab/MARS PROJECT/mars_ws/install/mars_bringup/share/mars_bringup/environment/ament_prefix_path.dsv\n'}
[1.051341] (mars_bringup) StdoutLine: {'line': b'-- Up-to-date symlink: /home/shihab/MARS PROJECT/mars_ws/install/mars_bringup/share/mars_bringup/environment/path.sh\n'}
[1.051413] (mars_bringup) StdoutLine: {'line': b'-- Up-to-date symlink: /home/shihab/MARS PROJECT/mars_ws/install/mars_bringup/share/mars_bringup/environment/path.dsv\n'}
[1.051490] (mars_bringup) StdoutLine: {'line': b'-- Up-to-date symlink: /home/shihab/MARS PROJECT/mars_ws/install/mars_bringup/share/mars_bringup/local_setup.bash\n'}
[1.051560] (mars_bringup) StdoutLine: {'line': b'-- Up-to-date symlink: /home/shihab/MARS PROJECT/mars_ws/install/mars_bringup/share/mars_bringup/local_setup.sh\n'}
[1.051625] (mars_bringup) StdoutLine: {'line': b'-- Up-to-date symlink: /home/shihab/MARS PROJECT/mars_ws/install/mars_bringup/share/mars_bringup/local_setup.zsh\n'}
[1.051690] (mars_bringup) StdoutLine: {'line': b'-- Up-to-date symlink: /home/shihab/MARS PROJECT/mars_ws/install/mars_bringup/share/mars_bringup/local_setup.dsv\n'}
[1.051736] (mars_bringup) StdoutLine: {'line': b'-- Symlinking: /home/shihab/MARS PROJECT/mars_ws/install/mars_bringup/share/mars_bringup/package.dsv\n'}
[1.057673] (mars_bringup) StdoutLine: {'line': b'-- Up-to-date symlink: /home/shihab/MARS PROJECT/mars_ws/install/mars_bringup/share/ament_index/resource_index/packages/mars_bringup\n'}
[1.057755] (mars_bringup) StdoutLine: {'line': b'-- Up-to-date symlink: /home/shihab/MARS PROJECT/mars_ws/install/mars_bringup/share/mars_bringup/cmake/mars_bringupConfig.cmake\n'}
[1.057808] (mars_bringup) StdoutLine: {'line': b'-- Up-to-date symlink: /home/shihab/MARS PROJECT/mars_ws/install/mars_bringup/share/mars_bringup/cmake/mars_bringupConfig-version.cmake\n'}
[1.057930] (mars_bringup) StdoutLine: {'line': b'-- Up-to-date symlink: /home/shihab/MARS PROJECT/mars_ws/install/mars_bringup/share/mars_bringup/package.xml\n'}
[1.059250] (mars_bringup) CommandEnded: {'returncode': 0}
[1.069431] (mars_bringup) JobEnded: {'identifier': 'mars_bringup', 'rc': 0}
[1.069966] (-) EventReactorShutdown: {}
