[0.000000] (-) TimerEvent: {}
[0.000482] (mars_drone_description) JobQueued: {'identifier': 'mars_drone_description', 'dependencies': OrderedDict()}
[0.000595] (mars_gui) JobQueued: {'identifier': 'mars_gui', 'dependencies': OrderedDict()}
[0.000662] (mars_mission_manager) JobQueued: {'identifier': 'mars_mission_manager', 'dependencies': OrderedDict()}
[0.000683] (mars_world) JobQueued: {'identifier': 'mars_world', 'dependencies': OrderedDict()}
[0.000711] (mars_bringup) JobQueued: {'identifier': 'mars_bringup', 'dependencies': OrderedDict([('mars_drone_description', '/home/shihab/MARS PROJECT/mars_ws/install/mars_drone_description'), ('mars_mission_manager', '/home/shihab/MARS PROJECT/mars_ws/install/mars_mission_manager'), ('mars_world', '/home/shihab/MARS PROJECT/mars_ws/install/mars_world')])}
[0.000749] (mars_drone_description) JobStarted: {'identifier': 'mars_drone_description'}
[0.004406] (mars_mission_manager) JobStarted: {'identifier': 'mars_mission_manager'}
[0.007610] (mars_world) JobStarted: {'identifier': 'mars_world'}
[0.010090] (mars_gui) JobStarted: {'identifier': 'mars_gui'}
[0.014096] (mars_drone_description) JobProgress: {'identifier': 'mars_drone_description', 'progress': 'cmake'}
[0.014655] (mars_drone_description) Command: {'cmd': ['/usr/bin/cmake', '/home/shihab/MARS PROJECT/mars_ws/src/mars_drone_description', '-DCMAKE_INSTALL_PREFIX=/home/shihab/MARS PROJECT/mars_ws/install/mars_drone_description'], 'cwd': '/home/shihab/MARS PROJECT/mars_ws/build/mars_drone_description', 'env': OrderedDict([('USER', 'shihab'), ('SHLVL', '0'), ('LD_LIBRARY_PATH', '/usr/lib/x86_64-linux-gnu/gazebo-11/plugins:/opt/ros/humble/opt/rviz_ogre_vendor/lib:/opt/ros/humble/lib/x86_64-linux-gnu:/opt/ros/humble/lib'), ('HOME', '/home/shihab'), ('OLDPWD', '/home/shihab/MARS PROJECT'), ('GAZEBO_MASTER_URI', 'http://127.0.0.1:11345'), ('ROS_PYTHON_VERSION', '3'), ('DBUS_SESSION_BUS_ADDRESS', 'unix:path=/run/user/1000/bus'), ('ROS_DISTRO', 'humble'), ('LOGNAME', 'shihab'), ('_', '/usr/bin/colcon'), ('ROS_VERSION', '2'), ('TERM', 'xterm-256color'), ('ROS_LOCALHOST_ONLY', '1'), ('PATH', '/home/shihab/.local/bin:/usr/local/sbin:/usr/local/bin:/usr/sbin:/usr/bin:/sbin:/bin:/opt/ros/humble/bin:/snap/bin'), ('XDG_RUNTIME_DIR', '/run/user/1000'), ('DISPLAY', ':0'), ('LANG', 'en_US.UTF-8'), ('GZ_IP', '127.0.0.1'), ('XAUTHORITY', '/run/user/1000/.mutter-Xwaylandauth.7UDEO3'), ('GSETTINGS_SCHEMA_DIR', '/usr/share/glib-2.0/schemas'), ('ROS_DOMAIN_ID', '42'), ('AMENT_PREFIX_PATH', '/opt/ros/humble'), ('SHELL', '/bin/bash'), ('GAZEBO_IP', '127.0.0.1'), ('PWD', '/home/shihab/MARS PROJECT/mars_ws/build/mars_drone_description'), ('QT_QPA_PLATFORM', 'xcb'), ('XDG_DATA_DIRS', '/usr/share/gnome:/usr/local/share:/usr/share:/var/lib/snapd/desktop'), ('PYTHONPATH', '/opt/ros/humble/lib/python3.10/site-packages:/opt/ros/humble/local/lib/python3.10/dist-packages'), ('COLCON', '1'), ('CMAKE_PREFIX_PATH', '/opt/ros/humble')]), 'shell': False}
[0.099983] (-) TimerEvent: {}
[0.157156] (mars_world) JobProgress: {'identifier': 'mars_world', 'progress': 'cmake'}
[0.157639] (mars_world) Command: {'cmd': ['/usr/bin/cmake', '/home/shihab/MARS PROJECT/mars_ws/src/mars_world', '-DCMAKE_INSTALL_PREFIX=/home/shihab/MARS PROJECT/mars_ws/install/mars_world'], 'cwd': '/home/shihab/MARS PROJECT/mars_ws/build/mars_world', 'env': OrderedDict([('USER', 'shihab'), ('SHLVL', '0'), ('LD_LIBRARY_PATH', '/usr/lib/x86_64-linux-gnu/gazebo-11/plugins:/opt/ros/humble/opt/rviz_ogre_vendor/lib:/opt/ros/humble/lib/x86_64-linux-gnu:/opt/ros/humble/lib'), ('HOME', '/home/shihab'), ('OLDPWD', '/home/shihab/MARS PROJECT'), ('GAZEBO_MASTER_URI', 'http://127.0.0.1:11345'), ('ROS_PYTHON_VERSION', '3'), ('DBUS_SESSION_BUS_ADDRESS', 'unix:path=/run/user/1000/bus'), ('ROS_DISTRO', 'humble'), ('LOGNAME', 'shihab'), ('_', '/usr/bin/colcon'), ('ROS_VERSION', '2'), ('TERM', 'xterm-256color'), ('ROS_LOCALHOST_ONLY', '1'), ('PATH', '/home/shihab/.local/bin:/usr/local/sbin:/usr/local/bin:/usr/sbin:/usr/bin:/sbin:/bin:/opt/ros/humble/bin:/snap/bin'), ('XDG_RUNTIME_DIR', '/run/user/1000'), ('DISPLAY', ':0'), ('LANG', 'en_US.UTF-8'), ('GZ_IP', '127.0.0.1'), ('XAUTHORITY', '/run/user/1000/.mutter-Xwaylandauth.7UDEO3'), ('GSETTINGS_SCHEMA_DIR', '/usr/share/glib-2.0/schemas'), ('ROS_DOMAIN_ID', '42'), ('AMENT_PREFIX_PATH', '/opt/ros/humble'), ('SHELL', '/bin/bash'), ('GAZEBO_IP', '127.0.0.1'), ('PWD', '/home/shihab/MARS PROJECT/mars_ws/build/mars_world'), ('QT_QPA_PLATFORM', 'xcb'), ('XDG_DATA_DIRS', '/usr/share/gnome:/usr/local/share:/usr/share:/var/lib/snapd/desktop'), ('PYTHONPATH', '/opt/ros/humble/lib/python3.10/site-packages:/opt/ros/humble/local/lib/python3.10/dist-packages'), ('COLCON', '1'), ('CMAKE_PREFIX_PATH', '/opt/ros/humble')]), 'shell': False}
[0.159029] (mars_drone_description) StdoutLine: {'line': b'-- Found ament_cmake: 1.3.12 (/opt/ros/humble/share/ament_cmake/cmake)\n'}
[0.159442] (mars_drone_description) StdoutLine: {'line': b'-- Override CMake install command with custom implementation using symlinks instead of copying resources\n'}
[0.166549] (mars_world) StdoutLine: {'line': b'-- Found ament_cmake: 1.3.12 (/opt/ros/humble/share/ament_cmake/cmake)\n'}
[0.198494] (mars_drone_description) StdoutLine: {'line': b'-- Configuring done\n'}
[0.200150] (-) TimerEvent: {}
[0.200880] (mars_drone_description) StdoutLine: {'line': b'-- Generating done\n'}
[0.201811] (mars_drone_description) StdoutLine: {'line': b'-- Build files have been written to: /home/shihab/MARS PROJECT/mars_ws/build/mars_drone_description\n'}
[0.249909] (mars_world) StdoutLine: {'line': b'-- Override CMake install command with custom implementation using symlinks instead of copying resources\n'}
[0.301050] (-) TimerEvent: {}
[0.304966] (mars_drone_description) CommandEnded: {'returncode': 0}
[0.305383] (mars_drone_description) JobProgress: {'identifier': 'mars_drone_description', 'progress': 'build'}
[0.305856] (mars_drone_description) Command: {'cmd': ['/usr/bin/cmake', '--build', '/home/shihab/MARS PROJECT/mars_ws/build/mars_drone_description', '--', '-j12', '-l12'], 'cwd': '/home/shihab/MARS PROJECT/mars_ws/build/mars_drone_description', 'env': OrderedDict([('USER', 'shihab'), ('SHLVL', '0'), ('LD_LIBRARY_PATH', '/usr/lib/x86_64-linux-gnu/gazebo-11/plugins:/opt/ros/humble/opt/rviz_ogre_vendor/lib:/opt/ros/humble/lib/x86_64-linux-gnu:/opt/ros/humble/lib'), ('HOME', '/home/shihab'), ('OLDPWD', '/home/shihab/MARS PROJECT'), ('GAZEBO_MASTER_URI', 'http://127.0.0.1:11345'), ('ROS_PYTHON_VERSION', '3'), ('DBUS_SESSION_BUS_ADDRESS', 'unix:path=/run/user/1000/bus'), ('ROS_DISTRO', 'humble'), ('LOGNAME', 'shihab'), ('_', '/usr/bin/colcon'), ('ROS_VERSION', '2'), ('TERM', 'xterm-256color'), ('ROS_LOCALHOST_ONLY', '1'), ('PATH', '/home/shihab/.local/bin:/usr/local/sbin:/usr/local/bin:/usr/sbin:/usr/bin:/sbin:/bin:/opt/ros/humble/bin:/snap/bin'), ('XDG_RUNTIME_DIR', '/run/user/1000'), ('DISPLAY', ':0'), ('LANG', 'en_US.UTF-8'), ('GZ_IP', '127.0.0.1'), ('XAUTHORITY', '/run/user/1000/.mutter-Xwaylandauth.7UDEO3'), ('GSETTINGS_SCHEMA_DIR', '/usr/share/glib-2.0/schemas'), ('ROS_DOMAIN_ID', '42'), ('AMENT_PREFIX_PATH', '/opt/ros/humble'), ('SHELL', '/bin/bash'), ('GAZEBO_IP', '127.0.0.1'), ('PWD', '/home/shihab/MARS PROJECT/mars_ws/build/mars_drone_description'), ('QT_QPA_PLATFORM', 'xcb'), ('XDG_DATA_DIRS', '/usr/share/gnome:/usr/local/share:/usr/share:/var/lib/snapd/desktop'), ('PYTHONPATH', '/opt/ros/humble/lib/python3.10/site-packages:/opt/ros/humble/local/lib/python3.10/dist-packages'), ('COLCON', '1'), ('CMAKE_PREFIX_PATH', '/opt/ros/humble')]), 'shell': False}
[0.323336] (mars_world) StdoutLine: {'line': b'-- Configuring done\n'}
[0.325991] (mars_world) StdoutLine: {'line': b'-- Generating done\n'}
[0.327468] (mars_world) StdoutLine: {'line': b'-- Build files have been written to: /home/shihab/MARS PROJECT/mars_ws/build/mars_world\n'}
[0.329873] (mars_world) CommandEnded: {'returncode': 0}
[0.330550] (mars_world) JobProgress: {'identifier': 'mars_world', 'progress': 'build'}
[0.330575] (mars_world) Command: {'cmd': ['/usr/bin/cmake', '--build', '/home/shihab/MARS PROJECT/mars_ws/build/mars_world', '--', '-j12', '-l12'], 'cwd': '/home/shihab/MARS PROJECT/mars_ws/build/mars_world', 'env': OrderedDict([('USER', 'shihab'), ('SHLVL', '0'), ('LD_LIBRARY_PATH', '/usr/lib/x86_64-linux-gnu/gazebo-11/plugins:/opt/ros/humble/opt/rviz_ogre_vendor/lib:/opt/ros/humble/lib/x86_64-linux-gnu:/opt/ros/humble/lib'), ('HOME', '/home/shihab'), ('OLDPWD', '/home/shihab/MARS PROJECT'), ('GAZEBO_MASTER_URI', 'http://127.0.0.1:11345'), ('ROS_PYTHON_VERSION', '3'), ('DBUS_SESSION_BUS_ADDRESS', 'unix:path=/run/user/1000/bus'), ('ROS_DISTRO', 'humble'), ('LOGNAME', 'shihab'), ('_', '/usr/bin/colcon'), ('ROS_VERSION', '2'), ('TERM', 'xterm-256color'), ('ROS_LOCALHOST_ONLY', '1'), ('PATH', '/home/shihab/.local/bin:/usr/local/sbin:/usr/local/bin:/usr/sbin:/usr/bin:/sbin:/bin:/opt/ros/humble/bin:/snap/bin'), ('XDG_RUNTIME_DIR', '/run/user/1000'), ('DISPLAY', ':0'), ('LANG', 'en_US.UTF-8'), ('GZ_IP', '127.0.0.1'), ('XAUTHORITY', '/run/user/1000/.mutter-Xwaylandauth.7UDEO3'), ('GSETTINGS_SCHEMA_DIR', '/usr/share/glib-2.0/schemas'), ('ROS_DOMAIN_ID', '42'), ('AMENT_PREFIX_PATH', '/opt/ros/humble'), ('SHELL', '/bin/bash'), ('GAZEBO_IP', '127.0.0.1'), ('PWD', '/home/shihab/MARS PROJECT/mars_ws/build/mars_world'), ('QT_QPA_PLATFORM', 'xcb'), ('XDG_DATA_DIRS', '/usr/share/gnome:/usr/local/share:/usr/share:/var/lib/snapd/desktop'), ('PYTHONPATH', '/opt/ros/humble/lib/python3.10/site-packages:/opt/ros/humble/local/lib/python3.10/dist-packages'), ('COLCON', '1'), ('CMAKE_PREFIX_PATH', '/opt/ros/humble')]), 'shell': False}
[0.344128] (mars_drone_description) CommandEnded: {'returncode': 0}
[0.344518] (mars_drone_description) JobProgress: {'identifier': 'mars_drone_description', 'progress': 'install'}
[0.349742] (mars_drone_description) Command: {'cmd': ['/usr/bin/cmake', '--install', '/home/shihab/MARS PROJECT/mars_ws/build/mars_drone_description'], 'cwd': '/home/shihab/MARS PROJECT/mars_ws/build/mars_drone_description', 'env': OrderedDict([('USER', 'shihab'), ('SHLVL', '0'), ('LD_LIBRARY_PATH', '/usr/lib/x86_64-linux-gnu/gazebo-11/plugins:/opt/ros/humble/opt/rviz_ogre_vendor/lib:/opt/ros/humble/lib/x86_64-linux-gnu:/opt/ros/humble/lib'), ('HOME', '/home/shihab'), ('OLDPWD', '/home/shihab/MARS PROJECT'), ('GAZEBO_MASTER_URI', 'http://127.0.0.1:11345'), ('ROS_PYTHON_VERSION', '3'), ('DBUS_SESSION_BUS_ADDRESS', 'unix:path=/run/user/1000/bus'), ('ROS_DISTRO', 'humble'), ('LOGNAME', 'shihab'), ('_', '/usr/bin/colcon'), ('ROS_VERSION', '2'), ('TERM', 'xterm-256color'), ('ROS_LOCALHOST_ONLY', '1'), ('PATH', '/home/shihab/.local/bin:/usr/local/sbin:/usr/local/bin:/usr/sbin:/usr/bin:/sbin:/bin:/opt/ros/humble/bin:/snap/bin'), ('XDG_RUNTIME_DIR', '/run/user/1000'), ('DISPLAY', ':0'), ('LANG', 'en_US.UTF-8'), ('GZ_IP', '127.0.0.1'), ('XAUTHORITY', '/run/user/1000/.mutter-Xwaylandauth.7UDEO3'), ('GSETTINGS_SCHEMA_DIR', '/usr/share/glib-2.0/schemas'), ('ROS_DOMAIN_ID', '42'), ('AMENT_PREFIX_PATH', '/opt/ros/humble'), ('SHELL', '/bin/bash'), ('GAZEBO_IP', '127.0.0.1'), ('PWD', '/home/shihab/MARS PROJECT/mars_ws/build/mars_drone_description'), ('QT_QPA_PLATFORM', 'xcb'), ('XDG_DATA_DIRS', '/usr/share/gnome:/usr/local/share:/usr/share:/var/lib/snapd/desktop'), ('PYTHONPATH', '/opt/ros/humble/lib/python3.10/site-packages:/opt/ros/humble/local/lib/python3.10/dist-packages'), ('COLCON', '1'), ('CMAKE_PREFIX_PATH', '/opt/ros/humble')]), 'shell': False}
[0.354733] (mars_drone_description) StdoutLine: {'line': b'-- Install configuration: ""\n'}
[0.355010] (mars_drone_description) StdoutLine: {'line': b'-- Execute custom install script\n'}
[0.355312] (mars_drone_description) StdoutLine: {'line': b'-- Up-to-date symlink: /home/shihab/MARS PROJECT/mars_ws/install/mars_drone_description/share/mars_drone_description/urdf/drone.urdf.xacro\n'}
[0.355448] (mars_drone_description) StdoutLine: {'line': b'-- Up-to-date symlink: /home/shihab/MARS PROJECT/mars_ws/install/mars_drone_description/share/mars_drone_description/launch/__pycache__/display.launch.cpython-310.pyc\n'}
[0.355519] (mars_drone_description) StdoutLine: {'line': b'-- Up-to-date symlink: /home/shihab/MARS PROJECT/mars_ws/install/mars_drone_description/share/mars_drone_description/launch/display.launch.py\n'}
[0.355645] (mars_drone_description) StdoutLine: {'line': b'-- Up-to-date symlink: /home/shihab/MARS PROJECT/mars_ws/install/mars_drone_description/share/ament_index/resource_index/package_run_dependencies/mars_drone_description\n'}
[0.355749] (mars_drone_description) StdoutLine: {'line': b'-- Up-to-date symlink: /home/shihab/MARS PROJECT/mars_ws/install/mars_drone_description/share/ament_index/resource_index/parent_prefix_path/mars_drone_description\n'}
[0.355849] (mars_drone_description) StdoutLine: {'line': b'-- Up-to-date symlink: /home/shihab/MARS PROJECT/mars_ws/install/mars_drone_description/share/mars_drone_description/environment/ament_prefix_path.sh\n'}
[0.355950] (mars_drone_description) StdoutLine: {'line': b'-- Up-to-date symlink: /home/shihab/MARS PROJECT/mars_ws/install/mars_drone_description/share/mars_drone_description/environment/ament_prefix_path.dsv\n'}
[0.356047] (mars_drone_description) StdoutLine: {'line': b'-- Up-to-date symlink: /home/shihab/MARS PROJECT/mars_ws/install/mars_drone_description/share/mars_drone_description/environment/path.sh\n'}
[0.356151] (mars_drone_description) StdoutLine: {'line': b'-- Up-to-date symlink: /home/shihab/MARS PROJECT/mars_ws/install/mars_drone_description/share/mars_drone_description/environment/path.dsv\n'}
[0.356243] (mars_drone_description) StdoutLine: {'line': b'-- Up-to-date symlink: /home/shihab/MARS PROJECT/mars_ws/install/mars_drone_description/share/mars_drone_description/local_setup.bash\n'}
[0.356332] (mars_drone_description) StdoutLine: {'line': b'-- Up-to-date symlink: /home/shihab/MARS PROJECT/mars_ws/install/mars_drone_description/share/mars_drone_description/local_setup.sh\n'}
[0.356423] (mars_drone_description) StdoutLine: {'line': b'-- Up-to-date symlink: /home/shihab/MARS PROJECT/mars_ws/install/mars_drone_description/share/mars_drone_description/local_setup.zsh\n'}
[0.356510] (mars_drone_description) StdoutLine: {'line': b'-- Up-to-date symlink: /home/shihab/MARS PROJECT/mars_ws/install/mars_drone_description/share/mars_drone_description/local_setup.dsv\n'}
[0.356597] (mars_drone_description) StdoutLine: {'line': b'-- Symlinking: /home/shihab/MARS PROJECT/mars_ws/install/mars_drone_description/share/mars_drone_description/package.dsv\n'}
[0.359065] (mars_world) CommandEnded: {'returncode': 0}
[0.359460] (mars_world) JobProgress: {'identifier': 'mars_world', 'progress': 'install'}
[0.359600] (mars_world) Command: {'cmd': ['/usr/bin/cmake', '--install', '/home/shihab/MARS PROJECT/mars_ws/build/mars_world'], 'cwd': '/home/shihab/MARS PROJECT/mars_ws/build/mars_world', 'env': OrderedDict([('USER', 'shihab'), ('SHLVL', '0'), ('LD_LIBRARY_PATH', '/usr/lib/x86_64-linux-gnu/gazebo-11/plugins:/opt/ros/humble/opt/rviz_ogre_vendor/lib:/opt/ros/humble/lib/x86_64-linux-gnu:/opt/ros/humble/lib'), ('HOME', '/home/shihab'), ('OLDPWD', '/home/shihab/MARS PROJECT'), ('GAZEBO_MASTER_URI', 'http://127.0.0.1:11345'), ('ROS_PYTHON_VERSION', '3'), ('DBUS_SESSION_BUS_ADDRESS', 'unix:path=/run/user/1000/bus'), ('ROS_DISTRO', 'humble'), ('LOGNAME', 'shihab'), ('_', '/usr/bin/colcon'), ('ROS_VERSION', '2'), ('TERM', 'xterm-256color'), ('ROS_LOCALHOST_ONLY', '1'), ('PATH', '/home/shihab/.local/bin:/usr/local/sbin:/usr/local/bin:/usr/sbin:/usr/bin:/sbin:/bin:/opt/ros/humble/bin:/snap/bin'), ('XDG_RUNTIME_DIR', '/run/user/1000'), ('DISPLAY', ':0'), ('LANG', 'en_US.UTF-8'), ('GZ_IP', '127.0.0.1'), ('XAUTHORITY', '/run/user/1000/.mutter-Xwaylandauth.7UDEO3'), ('GSETTINGS_SCHEMA_DIR', '/usr/share/glib-2.0/schemas'), ('ROS_DOMAIN_ID', '42'), ('AMENT_PREFIX_PATH', '/opt/ros/humble'), ('SHELL', '/bin/bash'), ('GAZEBO_IP', '127.0.0.1'), ('PWD', '/home/shihab/MARS PROJECT/mars_ws/build/mars_world'), ('QT_QPA_PLATFORM', 'xcb'), ('XDG_DATA_DIRS', '/usr/share/gnome:/usr/local/share:/usr/share:/var/lib/snapd/desktop'), ('PYTHONPATH', '/opt/ros/humble/lib/python3.10/site-packages:/opt/ros/humble/local/lib/python3.10/dist-packages'), ('COLCON', '1'), ('CMAKE_PREFIX_PATH', '/opt/ros/humble')]), 'shell': False}
[0.364632] (mars_drone_description) StdoutLine: {'line': b'-- Up-to-date symlink: /home/shihab/MARS PROJECT/mars_ws/install/mars_drone_description/share/ament_index/resource_index/packages/mars_drone_description\n'}
[0.364740] (mars_drone_description) StdoutLine: {'line': b'-- Up-to-date symlink: /home/shihab/MARS PROJECT/mars_ws/install/mars_drone_description/share/mars_drone_description/cmake/mars_drone_descriptionConfig.cmake\n'}
[0.364791] (mars_drone_description) StdoutLine: {'line': b'-- Up-to-date symlink: /home/shihab/MARS PROJECT/mars_ws/install/mars_drone_description/share/mars_drone_description/cmake/mars_drone_descriptionConfig-version.cmake\n'}
[0.364846] (mars_drone_description) StdoutLine: {'line': b'-- Up-to-date symlink: /home/shihab/MARS PROJECT/mars_ws/install/mars_drone_description/share/mars_drone_description/package.xml\n'}
[0.366038] (mars_drone_description) CommandEnded: {'returncode': 0}
[0.366410] (mars_world) StdoutLine: {'line': b'-- Install configuration: ""\n'}
[0.366759] (mars_world) StdoutLine: {'line': b'-- Execute custom install script\n'}
[0.366961] (mars_world) StdoutLine: {'line': b'-- Up-to-date symlink: /home/shihab/MARS PROJECT/mars_ws/install/mars_world/share/mars_world/worlds/mars_delivery.world\n'}
[0.367224] (mars_world) StdoutLine: {'line': b'-- Up-to-date symlink: /home/shihab/MARS PROJECT/mars_ws/install/mars_world/share/mars_world/models/house1/model.config\n'}
[0.367298] (mars_world) StdoutLine: {'line': b'-- Up-to-date symlink: /home/shihab/MARS PROJECT/mars_ws/install/mars_world/share/mars_world/models/house1/model.sdf\n'}
[0.367397] (mars_world) StdoutLine: {'line': b'-- Up-to-date symlink: /home/shihab/MARS PROJECT/mars_ws/install/mars_world/share/mars_world/models/house2/model.config\n'}
[0.367428] (mars_world) StdoutLine: {'line': b'-- Up-to-date symlink: /home/shihab/MARS PROJECT/mars_ws/install/mars_world/share/mars_world/models/house2/model.sdf\n'}
[0.367482] (mars_world) StdoutLine: {'line': b'-- Up-to-date symlink: /home/shihab/MARS PROJECT/mars_ws/install/mars_world/share/mars_world/models/house3/model.config\n'}
[0.367538] (mars_world) StdoutLine: {'line': b'-- Up-to-date symlink: /home/shihab/MARS PROJECT/mars_ws/install/mars_world/share/mars_world/models/house3/model.sdf\n'}
[0.367587] (mars_world) StdoutLine: {'line': b'-- Up-to-date symlink: /home/shihab/MARS PROJECT/mars_ws/install/mars_world/share/mars_world/models/house4/model.config\n'}
[0.367629] (mars_world) StdoutLine: {'line': b'-- Up-to-date symlink: /home/shihab/MARS PROJECT/mars_ws/install/mars_world/share/mars_world/models/house4/model.sdf\n'}
[0.367704] (mars_world) StdoutLine: {'line': b'-- Up-to-date symlink: /home/shihab/MARS PROJECT/mars_ws/install/mars_world/share/mars_world/models/house5/model.config\n'}
[0.367782] (mars_world) StdoutLine: {'line': b'-- Up-to-date symlink: /home/shihab/MARS PROJECT/mars_ws/install/mars_world/share/mars_world/models/house5/model.sdf\n'}
[0.367813] (mars_world) StdoutLine: {'line': b'-- Up-to-date symlink: /home/shihab/MARS PROJECT/mars_ws/install/mars_world/share/mars_world/models/house6/model.config\n'}
[0.367849] (mars_world) StdoutLine: {'line': b'-- Up-to-date symlink: /home/shihab/MARS PROJECT/mars_ws/install/mars_world/share/mars_world/models/house6/model.sdf\n'}
[0.367887] (mars_world) StdoutLine: {'line': b'-- Up-to-date symlink: /home/shihab/MARS PROJECT/mars_ws/install/mars_world/share/mars_world/models/warehouse/model.config\n'}
[0.367932] (mars_world) StdoutLine: {'line': b'-- Up-to-date symlink: /home/shihab/MARS PROJECT/mars_ws/install/mars_world/share/mars_world/models/warehouse/model.sdf\n'}
[0.368033] (mars_world) StdoutLine: {'line': b'-- Up-to-date symlink: /home/shihab/MARS PROJECT/mars_ws/install/mars_world/share/ament_index/resource_index/package_run_dependencies/mars_world\n'}
[0.368151] (mars_world) StdoutLine: {'line': b'-- Up-to-date symlink: /home/shihab/MARS PROJECT/mars_ws/install/mars_world/share/ament_index/resource_index/parent_prefix_path/mars_world\n'}
[0.368217] (mars_world) StdoutLine: {'line': b'-- Up-to-date symlink: /home/shihab/MARS PROJECT/mars_ws/install/mars_world/share/mars_world/environment/ament_prefix_path.sh\n'}
[0.368316] (mars_world) StdoutLine: {'line': b'-- Up-to-date symlink: /home/shihab/MARS PROJECT/mars_ws/install/mars_world/share/mars_world/environment/ament_prefix_path.dsv\n'}
[0.368370] (mars_world) StdoutLine: {'line': b'-- Up-to-date symlink: /home/shihab/MARS PROJECT/mars_ws/install/mars_world/share/mars_world/environment/path.sh\n'}
[0.368557] (mars_world) StdoutLine: {'line': b'-- Up-to-date symlink: /home/shihab/MARS PROJECT/mars_ws/install/mars_world/share/mars_world/environment/path.dsv\n'}
[0.368594] (mars_world) StdoutLine: {'line': b'-- Up-to-date symlink: /home/shihab/MARS PROJECT/mars_ws/install/mars_world/share/mars_world/local_setup.bash\n'}
[0.368642] (mars_world) StdoutLine: {'line': b'-- Up-to-date symlink: /home/shihab/MARS PROJECT/mars_ws/install/mars_world/share/mars_world/local_setup.sh\n'}
[0.368743] (mars_world) StdoutLine: {'line': b'-- Up-to-date symlink: /home/shihab/MARS PROJECT/mars_ws/install/mars_world/share/mars_world/local_setup.zsh\n'}
[0.368807] (mars_world) StdoutLine: {'line': b'-- Up-to-date symlink: /home/shihab/MARS PROJECT/mars_ws/install/mars_world/share/mars_world/local_setup.dsv\n'}
[0.368840] (mars_world) StdoutLine: {'line': b'-- Symlinking: /home/shihab/MARS PROJECT/mars_ws/install/mars_world/share/mars_world/package.dsv\n'}
[0.374731] (mars_world) StdoutLine: {'line': b'-- Up-to-date symlink: /home/shihab/MARS PROJECT/mars_ws/install/mars_world/share/ament_index/resource_index/packages/mars_world\n'}
[0.374880] (mars_world) StdoutLine: {'line': b'-- Up-to-date symlink: /home/shihab/MARS PROJECT/mars_ws/install/mars_world/share/mars_world/cmake/mars_worldConfig.cmake\n'}
[0.375066] (mars_world) StdoutLine: {'line': b'-- Up-to-date symlink: /home/shihab/MARS PROJECT/mars_ws/install/mars_world/share/mars_world/cmake/mars_worldConfig-version.cmake\n'}
[0.375134] (mars_world) StdoutLine: {'line': b'-- Up-to-date symlink: /home/shihab/MARS PROJECT/mars_ws/install/mars_world/share/mars_world/package.xml\n'}
[0.379000] (mars_drone_description) JobEnded: {'identifier': 'mars_drone_description', 'rc': 0}
[0.379661] (mars_world) CommandEnded: {'returncode': 0}
[0.388770] (mars_world) JobEnded: {'identifier': 'mars_world', 'rc': 0}
[0.401199] (-) TimerEvent: {}
[0.501417] (-) TimerEvent: {}
[0.594579] (mars_gui) Command: {'cmd': ['/usr/bin/python3', '-W', 'ignore:setup.py install is deprecated', '-W', 'ignore:easy_install command is deprecated', 'setup.py', 'develop', '--uninstall', '--editable', '--build-directory', '/home/shihab/MARS PROJECT/mars_ws/build/mars_gui/build'], 'cwd': '/home/shihab/MARS PROJECT/mars_ws/build/mars_gui', 'env': {'USER': 'shihab', 'SHLVL': '0', 'LD_LIBRARY_PATH': '/usr/lib/x86_64-linux-gnu/gazebo-11/plugins:/opt/ros/humble/opt/rviz_ogre_vendor/lib:/opt/ros/humble/lib/x86_64-linux-gnu:/opt/ros/humble/lib', 'HOME': '/home/shihab', 'OLDPWD': '/home/shihab/MARS PROJECT', 'GAZEBO_MASTER_URI': 'http://127.0.0.1:11345', 'ROS_PYTHON_VERSION': '3', 'DBUS_SESSION_BUS_ADDRESS': 'unix:path=/run/user/1000/bus', 'ROS_DISTRO': 'humble', 'LOGNAME': 'shihab', '_': '/usr/bin/colcon', 'ROS_VERSION': '2', 'TERM': 'xterm-256color', 'ROS_LOCALHOST_ONLY': '1', 'PATH': '/home/shihab/.local/bin:/usr/local/sbin:/usr/local/bin:/usr/sbin:/usr/bin:/sbin:/bin:/opt/ros/humble/bin:/snap/bin', 'XDG_RUNTIME_DIR': '/run/user/1000', 'DISPLAY': ':0', 'LANG': 'en_US.UTF-8', 'GZ_IP': '127.0.0.1', 'XAUTHORITY': '/run/user/1000/.mutter-Xwaylandauth.7UDEO3', 'GSETTINGS_SCHEMA_DIR': '/usr/share/glib-2.0/schemas', 'ROS_DOMAIN_ID': '42', 'AMENT_PREFIX_PATH': '/opt/ros/humble', 'SHELL': '/bin/bash', 'GAZEBO_IP': '127.0.0.1', 'PWD': '/home/shihab/MARS PROJECT/mars_ws/build/mars_gui', 'QT_QPA_PLATFORM': 'xcb', 'XDG_DATA_DIRS': '/usr/share/gnome:/usr/local/share:/usr/share:/var/lib/snapd/desktop', 'PYTHONPATH': '/home/shihab/MARS PROJECT/mars_ws/build/mars_gui/prefix_override:/usr/lib/python3/dist-packages/colcon_core/task/python/colcon_distutils_commands:/home/shihab/MARS PROJECT/mars_ws/install/mars_gui/lib/python3.10/site-packages:/opt/ros/humble/lib/python3.10/site-packages:/opt/ros/humble/local/lib/python3.10/dist-packages', 'COLCON': '1'}, 'shell': False}
[0.601516] (-) TimerEvent: {}
[0.605874] (mars_mission_manager) Command: {'cmd': ['/usr/bin/python3', '-W', 'ignore:setup.py install is deprecated', '-W', 'ignore:easy_install command is deprecated', 'setup.py', 'develop', '--uninstall', '--editable', '--build-directory', '/home/shihab/MARS PROJECT/mars_ws/build/mars_mission_manager/build'], 'cwd': '/home/shihab/MARS PROJECT/mars_ws/build/mars_mission_manager', 'env': {'USER': 'shihab', 'SHLVL': '0', 'LD_LIBRARY_PATH': '/usr/lib/x86_64-linux-gnu/gazebo-11/plugins:/opt/ros/humble/opt/rviz_ogre_vendor/lib:/opt/ros/humble/lib/x86_64-linux-gnu:/opt/ros/humble/lib', 'HOME': '/home/shihab', 'OLDPWD': '/home/shihab/MARS PROJECT', 'GAZEBO_MASTER_URI': 'http://127.0.0.1:11345', 'ROS_PYTHON_VERSION': '3', 'DBUS_SESSION_BUS_ADDRESS': 'unix:path=/run/user/1000/bus', 'ROS_DISTRO': 'humble', 'LOGNAME': 'shihab', '_': '/usr/bin/colcon', 'ROS_VERSION': '2', 'TERM': 'xterm-256color', 'ROS_LOCALHOST_ONLY': '1', 'PATH': '/home/shihab/.local/bin:/usr/local/sbin:/usr/local/bin:/usr/sbin:/usr/bin:/sbin:/bin:/opt/ros/humble/bin:/snap/bin', 'XDG_RUNTIME_DIR': '/run/user/1000', 'DISPLAY': ':0', 'LANG': 'en_US.UTF-8', 'GZ_IP': '127.0.0.1', 'XAUTHORITY': '/run/user/1000/.mutter-Xwaylandauth.7UDEO3', 'GSETTINGS_SCHEMA_DIR': '/usr/share/glib-2.0/schemas', 'ROS_DOMAIN_ID': '42', 'AMENT_PREFIX_PATH': '/opt/ros/humble', 'SHELL': '/bin/bash', 'GAZEBO_IP': '127.0.0.1', 'PWD': '/home/shihab/MARS PROJECT/mars_ws/build/mars_mission_manager', 'QT_QPA_PLATFORM': 'xcb', 'XDG_DATA_DIRS': '/usr/share/gnome:/usr/local/share:/usr/share:/var/lib/snapd/desktop', 'PYTHONPATH': '/home/shihab/MARS PROJECT/mars_ws/build/mars_mission_manager/prefix_override:/usr/lib/python3/dist-packages/colcon_core/task/python/colcon_distutils_commands:/home/shihab/MARS PROJECT/mars_ws/install/mars_mission_manager/lib/python3.10/site-packages:/opt/ros/humble/lib/python3.10/site-packages:/opt/ros/humble/local/lib/python3.10/dist-packages', 'COLCON': '1'}, 'shell': False}
[0.693885] (mars_gui) StderrLine: {'line': b"/home/shihab/.local/lib/python3.10/site-packages/setuptools/_distutils/dist.py:287: UserWarning: Unknown distribution option: 'tests_require'\n"}
[0.694034] (mars_gui) StderrLine: {'line': b'  warnings.warn(msg)\n'}
[0.701697] (-) TimerEvent: {}
[0.708617] (mars_mission_manager) StderrLine: {'line': b"/home/shihab/.local/lib/python3.10/site-packages/setuptools/_distutils/dist.py:287: UserWarning: Unknown distribution option: 'tests_require'\n"}
[0.708790] (mars_mission_manager) StderrLine: {'line': b'  warnings.warn(msg)\n'}
[0.722613] (mars_gui) StderrLine: {'line': b'usage: setup.py [global_opts] cmd1 [cmd1_opts] [cmd2 [cmd2_opts] ...]\n'}
[0.722744] (mars_gui) StderrLine: {'line': b'   or: setup.py --help [cmd1 cmd2 ...]\n'}
[0.722780] (mars_gui) StderrLine: {'line': b'   or: setup.py --help-commands\n'}
[0.722809] (mars_gui) StderrLine: {'line': b'   or: setup.py cmd --help\n'}
[0.722835] (mars_gui) StderrLine: {'line': b'\n'}
[0.722861] (mars_gui) StderrLine: {'line': b'error: option --uninstall not recognized\n'}
[0.737624] (mars_gui) CommandEnded: {'returncode': 1}
[0.737857] (mars_gui) JobEnded: {'identifier': 'mars_gui', 'rc': 1}
[0.738527] (mars_mission_manager) StderrLine: {'line': b'usage: setup.py [global_opts] cmd1 [cmd1_opts] [cmd2 [cmd2_opts] ...]\n'}
[0.738592] (mars_mission_manager) StderrLine: {'line': b'   or: setup.py --help [cmd1 cmd2 ...]\n'}
[0.738622] (mars_mission_manager) StderrLine: {'line': b'   or: setup.py --help-commands\n'}
[0.738649] (mars_mission_manager) StderrLine: {'line': b'   or: setup.py cmd --help\n'}
[0.738675] (mars_mission_manager) StderrLine: {'line': b'\n'}
[0.738701] (mars_mission_manager) StderrLine: {'line': b'error: option --uninstall not recognized\n'}
[0.753620] (mars_mission_manager) JobEnded: {'identifier': 'mars_mission_manager', 'rc': 'SIGINT'}
[0.764174] (mars_bringup) JobSkipped: {'identifier': 'mars_bringup'}
[0.764243] (-) EventReactorShutdown: {}
