-- Found ament_cmake: 1.3.12 (/opt/ros/humble/share/ament_cmake/cmake)
-- Override CMake install command with custom implementation using symlinks instead of copying resources
-- Configuring done
-- Generating done
-- Build files have been written to: /home/shihab/MARS PROJECT/mars_ws/build/mars_bringup
-- Install configuration: ""
-- Execute custom install script
-- Up-to-date symlink: /home/shihab/MARS PROJECT/mars_ws/install/mars_bringup/share/mars_bringup/launch/mars_full.launch.py
-- Up-to-date symlink: /home/shihab/MARS PROJECT/mars_ws/install/mars_bringup/share/mars_bringup/rviz/mars_drone.rviz
-- Up-to-date symlink: /home/shihab/MARS PROJECT/mars_ws/install/mars_bringup/share/ament_index/resource_index/package_run_dependencies/mars_bringup
-- Up-to-date symlink: /home/shihab/MARS PROJECT/mars_ws/install/mars_bringup/share/ament_index/resource_index/parent_prefix_path/mars_bringup
-- Up-to-date symlink: /home/shihab/MARS PROJECT/mars_ws/install/mars_bringup/share/mars_bringup/environment/ament_prefix_path.sh
-- Up-to-date symlink: /home/shihab/MARS PROJECT/mars_ws/install/mars_bringup/share/mars_bringup/environment/ament_prefix_path.dsv
-- Up-to-date symlink: /home/shihab/MARS PROJECT/mars_ws/install/mars_bringup/share/mars_bringup/environment/path.sh
-- Up-to-date symlink: /home/shihab/MARS PROJECT/mars_ws/install/mars_bringup/share/mars_bringup/environment/path.dsv
-- Up-to-date symlink: /home/shihab/MARS PROJECT/mars_ws/install/mars_bringup/share/mars_bringup/local_setup.bash
-- Up-to-date symlink: /home/shihab/MARS PROJECT/mars_ws/install/mars_bringup/share/mars_bringup/local_setup.sh
-- Up-to-date symlink: /home/shihab/MARS PROJECT/mars_ws/install/mars_bringup/share/mars_bringup/local_setup.zsh
-- Up-to-date symlink: /home/shihab/MARS PROJECT/mars_ws/install/mars_bringup/share/mars_bringup/local_setup.dsv
-- Symlinking: /home/shihab/MARS PROJECT/mars_ws/install/mars_bringup/share/mars_bringup/package.dsv
-- Up-to-date symlink: /home/shihab/MARS PROJECT/mars_ws/install/mars_bringup/share/ament_index/resource_index/packages/mars_bringup
-- Up-to-date symlink: /home/shihab/MARS PROJECT/mars_ws/install/mars_bringup/share/mars_bringup/cmake/mars_bringupConfig.cmake
-- Up-to-date symlink: /home/shihab/MARS PROJECT/mars_ws/install/mars_bringup/share/mars_bringup/cmake/mars_bringupConfig-version.cmake
-- Up-to-date symlink: /home/shihab/MARS PROJECT/mars_ws/install/mars_bringup/share/mars_bringup/package.xml
