-- Install configuration: ""
-- Execute custom install script
-- Up-to-date symlink: /home/shihab/MARS PROJECT/mars_ws/install/mars_world/share/mars_world/worlds/mars_delivery.world
-- Up-to-date symlink: /home/shihab/MARS PROJECT/mars_ws/install/mars_world/share/mars_world/models/house1/model.config
-- Up-to-date symlink: /home/shihab/MARS PROJECT/mars_ws/install/mars_world/share/mars_world/models/house1/model.sdf
-- Up-to-date symlink: /home/shihab/MARS PROJECT/mars_ws/install/mars_world/share/mars_world/models/house2/model.config
-- Up-to-date symlink: /home/shihab/MARS PROJECT/mars_ws/install/mars_world/share/mars_world/models/house2/model.sdf
-- Up-to-date symlink: /home/shihab/MARS PROJECT/mars_ws/install/mars_world/share/mars_world/models/house3/model.config
-- Up-to-date symlink: /home/shihab/MARS PROJECT/mars_ws/install/mars_world/share/mars_world/models/house3/model.sdf
-- Up-to-date symlink: /home/shihab/MARS PROJECT/mars_ws/install/mars_world/share/mars_world/models/house4/model.config
-- Up-to-date symlink: /home/shihab/MARS PROJECT/mars_ws/install/mars_world/share/mars_world/models/house4/model.sdf
-- Up-to-date symlink: /home/shihab/MARS PROJECT/mars_ws/install/mars_world/share/mars_world/models/house5/model.config
-- Up-to-date symlink: /home/shihab/MARS PROJECT/mars_ws/install/mars_world/share/mars_world/models/house5/model.sdf
-- Up-to-date symlink: /home/shihab/MARS PROJECT/mars_ws/install/mars_world/share/mars_world/models/house6/model.config
-- Up-to-date symlink: /home/shihab/MARS PROJECT/mars_ws/install/mars_world/share/mars_world/models/house6/model.sdf
-- Up-to-date symlink: /home/shihab/MARS PROJECT/mars_ws/install/mars_world/share/mars_world/models/warehouse/model.config
-- Up-to-date symlink: /home/shihab/MARS PROJECT/mars_ws/install/mars_world/share/mars_world/models/warehouse/model.sdf
-- Up-to-date symlink: /home/shihab/MARS PROJECT/mars_ws/install/mars_world/share/ament_index/resource_index/package_run_dependencies/mars_world
-- Up-to-date symlink: /home/shihab/MARS PROJECT/mars_ws/install/mars_world/share/ament_index/resource_index/parent_prefix_path/mars_world
-- Up-to-date symlink: /home/shihab/MARS PROJECT/mars_ws/install/mars_world/share/mars_world/environment/ament_prefix_path.sh
-- Up-to-date symlink: /home/shihab/MARS PROJECT/mars_ws/install/mars_world/share/mars_world/environment/ament_prefix_path.dsv
-- Up-to-date symlink: /home/shihab/MARS PROJECT/mars_ws/install/mars_world/share/mars_world/environment/path.sh
-- Up-to-date symlink: /home/shihab/MARS PROJECT/mars_ws/install/mars_world/share/mars_world/environment/path.dsv
-- Up-to-date symlink: /home/shihab/MARS PROJECT/mars_ws/install/mars_world/share/mars_world/local_setup.bash
-- Up-to-date symlink: /home/shihab/MARS PROJECT/mars_ws/install/mars_world/share/mars_world/local_setup.sh
-- Up-to-date symlink: /home/shihab/MARS PROJECT/mars_ws/install/mars_world/share/mars_world/local_setup.zsh
-- Up-to-date symlink: /home/shihab/MARS PROJECT/mars_ws/install/mars_world/share/mars_world/local_setup.dsv
-- Symlinking: /home/shihab/MARS PROJECT/mars_ws/install/mars_world/share/mars_world/package.dsv
-- Up-to-date symlink: /home/shihab/MARS PROJECT/mars_ws/install/mars_world/share/ament_index/resource_index/packages/mars_world
-- Up-to-date symlink: /home/shihab/MARS PROJECT/mars_ws/install/mars_world/share/mars_world/cmake/mars_worldConfig.cmake
-- Up-to-date symlink: /home/shihab/MARS PROJECT/mars_ws/install/mars_world/share/mars_world/cmake/mars_worldConfig-version.cmake
-- Up-to-date symlink: /home/shihab/MARS PROJECT/mars_ws/install/mars_world/share/mars_world/package.xml
