[0.000000] (-) TimerEvent: {}
[0.000411] (mars_drone_description) JobQueued: {'identifier': 'mars_drone_description', 'dependencies': OrderedDict()}
[0.000580] (mars_gui) JobQueued: {'identifier': 'mars_gui', 'dependencies': OrderedDict()}
[0.000623] (mars_mission_manager) JobQueued: {'identifier': 'mars_mission_manager', 'dependencies': OrderedDict()}
[0.000707] (mars_world) JobQueued: {'identifier': 'mars_world', 'dependencies': OrderedDict()}
[0.000776] (mars_bringup) JobQueued: {'identifier': 'mars_bringup', 'dependencies': OrderedDict([('mars_drone_description', '/home/shihab/MARS PROJECT/mars_ws/install/mars_drone_description'), ('mars_mission_manager', '/home/shihab/MARS PROJECT/mars_ws/install/mars_mission_manager'), ('mars_world', '/home/shihab/MARS PROJECT/mars_ws/install/mars_world')])}
[0.000804] (mars_drone_description) JobStarted: {'identifier': 'mars_drone_description'}
[0.004231] (mars_mission_manager) JobStarted: {'identifier': 'mars_mission_manager'}
[0.007680] (mars_world) JobStarted: {'identifier': 'mars_world'}
[0.010362] (mars_gui) JobStarted: {'identifier': 'mars_gui'}
[0.014236] (mars_drone_description) JobProgress: {'identifier': 'mars_drone_description', 'progress': 'cmake'}
[0.014681] (mars_drone_description) JobProgress: {'identifier': 'mars_drone_description', 'progress': 'build'}
[0.015076] (mars_drone_description) Command: {'cmd': ['/usr/bin/cmake', '--build', '/home/shihab/MARS PROJECT/mars_ws/build/mars_drone_description', '--', '-j12', '-l12'], 'cwd': '/home/shihab/MARS PROJECT/mars_ws/build/mars_drone_description', 'env': OrderedDict([('USER', 'shihab'), ('SHLVL', '1'), ('LIBGL_ALWAYS_SOFTWARE', '1'), ('LD_LIBRARY_PATH', '/usr/lib/x86_64-linux-gnu/gazebo-11/plugins:/opt/ros/humble/opt/rviz_ogre_vendor/lib:/opt/ros/humble/lib/x86_64-linux-gnu:/opt/ros/humble/lib'), ('HOME', '/home/shihab'), ('OLDPWD', '/home/shihab/MARS PROJECT'), ('GAZEBO_MASTER_URI', 'http://127.0.0.1:11345'), ('ROS_PYTHON_VERSION', '3'), ('DBUS_SESSION_BUS_ADDRESS', 'unix:path=/run/user/1000/bus'), ('ROS_DISTRO', 'humble'), ('LOGNAME', 'shihab'), ('_', '/usr/bin/colcon'), ('ROS_VERSION', '2'), ('TERM', 'xterm-256color'), ('ROS_LOCALHOST_ONLY', '1'), ('PATH', '/home/shihab/.local/bin:/usr/local/sbin:/usr/local/bin:/usr/sbin:/usr/bin:/sbin:/bin:/opt/ros/humble/bin:/snap/bin'), ('XDG_RUNTIME_DIR', '/run/user/1000'), ('DISPLAY', ':0'), ('LANG', 'en_US.UTF-8'), ('GZ_IP', '127.0.0.1'), ('XAUTHORITY', '/run/user/1000/.mutter-Xwaylandauth.7UDEO3'), ('GSETTINGS_SCHEMA_DIR', '/usr/share/glib-2.0/schemas'), ('ROS_DOMAIN_ID', '42'), ('AMENT_PREFIX_PATH', '/opt/ros/humble'), ('SHELL', '/bin/bash'), ('GAZEBO_IP', '127.0.0.1'), ('PWD', '/home/shihab/MARS PROJECT/mars_ws/build/mars_drone_description'), ('QT_QPA_PLATFORM', 'xcb'), ('XDG_DATA_DIRS', '/usr/share/gnome:/usr/local/share:/usr/share:/var/lib/snapd/desktop'), ('PYTHONPATH', '/opt/ros/humble/lib/python3.10/site-packages:/opt/ros/humble/local/lib/python3.10/dist-packages'), ('COLCON', '1'), ('CMAKE_PREFIX_PATH', '/opt/ros/humble')]), 'shell': False}
[0.099831] (-) TimerEvent: {}
[0.200241] (-) TimerEvent: {}
[0.240852] (mars_world) JobProgress: {'identifier': 'mars_world', 'progress': 'cmake'}
[0.241151] (mars_world) JobProgress: {'identifier': 'mars_world', 'progress': 'build'}
[0.241573] (mars_world) Command: {'cmd': ['/usr/bin/cmake', '--build', '/home/shihab/MARS PROJECT/mars_ws/build/mars_world', '--', '-j12', '-l12'], 'cwd': '/home/shihab/MARS PROJECT/mars_ws/build/mars_world', 'env': OrderedDict([('USER', 'shihab'), ('SHLVL', '1'), ('LIBGL_ALWAYS_SOFTWARE', '1'), ('LD_LIBRARY_PATH', '/usr/lib/x86_64-linux-gnu/gazebo-11/plugins:/opt/ros/humble/opt/rviz_ogre_vendor/lib:/opt/ros/humble/lib/x86_64-linux-gnu:/opt/ros/humble/lib'), ('HOME', '/home/shihab'), ('OLDPWD', '/home/shihab/MARS PROJECT'), ('GAZEBO_MASTER_URI', 'http://127.0.0.1:11345'), ('ROS_PYTHON_VERSION', '3'), ('DBUS_SESSION_BUS_ADDRESS', 'unix:path=/run/user/1000/bus'), ('ROS_DISTRO', 'humble'), ('LOGNAME', 'shihab'), ('_', '/usr/bin/colcon'), ('ROS_VERSION', '2'), ('TERM', 'xterm-256color'), ('ROS_LOCALHOST_ONLY', '1'), ('PATH', '/home/shihab/.local/bin:/usr/local/sbin:/usr/local/bin:/usr/sbin:/usr/bin:/sbin:/bin:/opt/ros/humble/bin:/snap/bin'), ('XDG_RUNTIME_DIR', '/run/user/1000'), ('DISPLAY', ':0'), ('LANG', 'en_US.UTF-8'), ('GZ_IP', '127.0.0.1'), ('XAUTHORITY', '/run/user/1000/.mutter-Xwaylandauth.7UDEO3'), ('GSETTINGS_SCHEMA_DIR', '/usr/share/glib-2.0/schemas'), ('ROS_DOMAIN_ID', '42'), ('AMENT_PREFIX_PATH', '/opt/ros/humble'), ('SHELL', '/bin/bash'), ('GAZEBO_IP', '127.0.0.1'), ('PWD', '/home/shihab/MARS PROJECT/mars_ws/build/mars_world'), ('QT_QPA_PLATFORM', 'xcb'), ('XDG_DATA_DIRS', '/usr/share/gnome:/usr/local/share:/usr/share:/var/lib/snapd/desktop'), ('PYTHONPATH', '/opt/ros/humble/lib/python3.10/site-packages:/opt/ros/humble/local/lib/python3.10/dist-packages'), ('COLCON', '1'), ('CMAKE_PREFIX_PATH', '/opt/ros/humble')]), 'shell': False}
[0.300342] (-) TimerEvent: {}
[0.400603] (-) TimerEvent: {}
[0.460964] (mars_drone_description) CommandEnded: {'returncode': 0}
[0.461441] (mars_drone_description) JobProgress: {'identifier': 'mars_drone_description', 'progress': 'install'}
[0.469832] (mars_drone_description) Command: {'cmd': ['/usr/bin/cmake', '--install', '/home/shihab/MARS PROJECT/mars_ws/build/mars_drone_description'], 'cwd': '/home/shihab/MARS PROJECT/mars_ws/build/mars_drone_description', 'env': OrderedDict([('USER', 'shihab'), ('SHLVL', '1'), ('LIBGL_ALWAYS_SOFTWARE', '1'), ('LD_LIBRARY_PATH', '/usr/lib/x86_64-linux-gnu/gazebo-11/plugins:/opt/ros/humble/opt/rviz_ogre_vendor/lib:/opt/ros/humble/lib/x86_64-linux-gnu:/opt/ros/humble/lib'), ('HOME', '/home/shihab'), ('OLDPWD', '/home/shihab/MARS PROJECT'), ('GAZEBO_MASTER_URI', 'http://127.0.0.1:11345'), ('ROS_PYTHON_VERSION', '3'), ('DBUS_SESSION_BUS_ADDRESS', 'unix:path=/run/user/1000/bus'), ('ROS_DISTRO', 'humble'), ('LOGNAME', 'shihab'), ('_', '/usr/bin/colcon'), ('ROS_VERSION', '2'), ('TERM', 'xterm-256color'), ('ROS_LOCALHOST_ONLY', '1'), ('PATH', '/home/shihab/.local/bin:/usr/local/sbin:/usr/local/bin:/usr/sbin:/usr/bin:/sbin:/bin:/opt/ros/humble/bin:/snap/bin'), ('XDG_RUNTIME_DIR', '/run/user/1000'), ('DISPLAY', ':0'), ('LANG', 'en_US.UTF-8'), ('GZ_IP', '127.0.0.1'), ('XAUTHORITY', '/run/user/1000/.mutter-Xwaylandauth.7UDEO3'), ('GSETTINGS_SCHEMA_DIR', '/usr/share/glib-2.0/schemas'), ('ROS_DOMAIN_ID', '42'), ('AMENT_PREFIX_PATH', '/opt/ros/humble'), ('SHELL', '/bin/bash'), ('GAZEBO_IP', '127.0.0.1'), ('PWD', '/home/shihab/MARS PROJECT/mars_ws/build/mars_drone_description'), ('QT_QPA_PLATFORM', 'xcb'), ('XDG_DATA_DIRS', '/usr/share/gnome:/usr/local/share:/usr/share:/var/lib/snapd/desktop'), ('PYTHONPATH', '/opt/ros/humble/lib/python3.10/site-packages:/opt/ros/humble/local/lib/python3.10/dist-packages'), ('COLCON', '1'), ('CMAKE_PREFIX_PATH', '/opt/ros/humble')]), 'shell': False}
[0.474700] (mars_world) CommandEnded: {'returncode': 0}
[0.475213] (mars_world) JobProgress: {'identifier': 'mars_world', 'progress': 'install'}
[0.475386] (mars_world) Command: {'cmd': ['/usr/bin/cmake', '--install', '/home/shihab/MARS PROJECT/mars_ws/build/mars_world'], 'cwd': '/home/shihab/MARS PROJECT/mars_ws/build/mars_world', 'env': OrderedDict([('USER', 'shihab'), ('SHLVL', '1'), ('LIBGL_ALWAYS_SOFTWARE', '1'), ('LD_LIBRARY_PATH', '/usr/lib/x86_64-linux-gnu/gazebo-11/plugins:/opt/ros/humble/opt/rviz_ogre_vendor/lib:/opt/ros/humble/lib/x86_64-linux-gnu:/opt/ros/humble/lib'), ('HOME', '/home/shihab'), ('OLDPWD', '/home/shihab/MARS PROJECT'), ('GAZEBO_MASTER_URI', 'http://127.0.0.1:11345'), ('ROS_PYTHON_VERSION', '3'), ('DBUS_SESSION_BUS_ADDRESS', 'unix:path=/run/user/1000/bus'), ('ROS_DISTRO', 'humble'), ('LOGNAME', 'shihab'), ('_', '/usr/bin/colcon'), ('ROS_VERSION', '2'), ('TERM', 'xterm-256color'), ('ROS_LOCALHOST_ONLY', '1'), ('PATH', '/home/shihab/.local/bin:/usr/local/sbin:/usr/local/bin:/usr/sbin:/usr/bin:/sbin:/bin:/opt/ros/humble/bin:/snap/bin'), ('XDG_RUNTIME_DIR', '/run/user/1000'), ('DISPLAY', ':0'), ('LANG', 'en_US.UTF-8'), ('GZ_IP', '127.0.0.1'), ('XAUTHORITY', '/run/user/1000/.mutter-Xwaylandauth.7UDEO3'), ('GSETTINGS_SCHEMA_DIR', '/usr/share/glib-2.0/schemas'), ('ROS_DOMAIN_ID', '42'), ('AMENT_PREFIX_PATH', '/opt/ros/humble'), ('SHELL', '/bin/bash'), ('GAZEBO_IP', '127.0.0.1'), ('PWD', '/home/shihab/MARS PROJECT/mars_ws/build/mars_world'), ('QT_QPA_PLATFORM', 'xcb'), ('XDG_DATA_DIRS', '/usr/share/gnome:/usr/local/share:/usr/share:/var/lib/snapd/desktop'), ('PYTHONPATH', '/opt/ros/humble/lib/python3.10/site-packages:/opt/ros/humble/local/lib/python3.10/dist-packages'), ('COLCON', '1'), ('CMAKE_PREFIX_PATH', '/opt/ros/humble')]), 'shell': False}
[0.476280] (mars_drone_description) StdoutLine: {'line': b'-- Install configuration: ""\n'}
[0.476943] (mars_drone_description) StdoutLine: {'line': b'-- Execute custom install script\n'}
[0.477037] (mars_drone_description) StdoutLine: {'line': b'-- Up-to-date symlink: /home/shihab/MARS PROJECT/mars_ws/install/mars_drone_description/share/mars_drone_description/urdf/drone.urdf.xacro\n'}
[0.477106] (mars_drone_description) StdoutLine: {'line': b'-- Up-to-date symlink: /home/shihab/MARS PROJECT/mars_ws/install/mars_drone_description/share/mars_drone_description/launch/__pycache__/display.launch.cpython-310.pyc\n'}
[0.477169] (mars_drone_description) StdoutLine: {'line': b'-- Up-to-date symlink: /home/shihab/MARS PROJECT/mars_ws/install/mars_drone_description/share/mars_drone_description/launch/display.launch.py\n'}
[0.477228] (mars_drone_description) StdoutLine: {'line': b'-- Up-to-date symlink: /home/shihab/MARS PROJECT/mars_ws/install/mars_drone_description/share/ament_index/resource_index/package_run_dependencies/mars_drone_description\n'}
[0.477284] (mars_drone_description) StdoutLine: {'line': b'-- Up-to-date symlink: /home/shihab/MARS PROJECT/mars_ws/install/mars_drone_description/share/ament_index/resource_index/parent_prefix_path/mars_drone_description\n'}
[0.477415] (mars_drone_description) StdoutLine: {'line': b'-- Up-to-date symlink: /home/shihab/MARS PROJECT/mars_ws/install/mars_drone_description/share/mars_drone_description/environment/ament_prefix_path.sh\n'}
[0.477490] (mars_drone_description) StdoutLine: {'line': b'-- Up-to-date symlink: /home/shihab/MARS PROJECT/mars_ws/install/mars_drone_description/share/mars_drone_description/environment/ament_prefix_path.dsv\n'}
[0.477542] (mars_drone_description) StdoutLine: {'line': b'-- Up-to-date symlink: /home/shihab/MARS PROJECT/mars_ws/install/mars_drone_description/share/mars_drone_description/environment/path.sh\n'}
[0.477593] (mars_drone_description) StdoutLine: {'line': b'-- Up-to-date symlink: /home/shihab/MARS PROJECT/mars_ws/install/mars_drone_description/share/mars_drone_description/environment/path.dsv\n'}
[0.477645] (mars_drone_description) StdoutLine: {'line': b'-- Up-to-date symlink: /home/shihab/MARS PROJECT/mars_ws/install/mars_drone_description/share/mars_drone_description/local_setup.bash\n'}
[0.477695] (mars_drone_description) StdoutLine: {'line': b'-- Up-to-date symlink: /home/shihab/MARS PROJECT/mars_ws/install/mars_drone_description/share/mars_drone_description/local_setup.sh\n'}
[0.477874] (mars_drone_description) StdoutLine: {'line': b'-- Up-to-date symlink: /home/shihab/MARS PROJECT/mars_ws/install/mars_drone_description/share/mars_drone_description/local_setup.zsh\n'}
[0.478040] (mars_drone_description) StdoutLine: {'line': b'-- Up-to-date symlink: /home/shihab/MARS PROJECT/mars_ws/install/mars_drone_description/share/mars_drone_description/local_setup.dsv\n'}
[0.478133] (mars_drone_description) StdoutLine: {'line': b'-- Symlinking: /home/shihab/MARS PROJECT/mars_ws/install/mars_drone_description/share/mars_drone_description/package.dsv\n'}
[0.483898] (mars_world) StdoutLine: {'line': b'-- Install configuration: ""\n'}
[0.484161] (mars_world) StdoutLine: {'line': b'-- Execute custom install script\n'}
[0.484403] (mars_world) StdoutLine: {'line': b'-- Up-to-date symlink: /home/shihab/MARS PROJECT/mars_ws/install/mars_world/share/mars_world/worlds/mars_delivery.world\n'}
[0.484706] (mars_world) StdoutLine: {'line': b'-- Up-to-date symlink: /home/shihab/MARS PROJECT/mars_ws/install/mars_world/share/mars_world/models/house1/model.config\n'}
[0.484887] (mars_world) StdoutLine: {'line': b'-- Up-to-date symlink: /home/shihab/MARS PROJECT/mars_ws/install/mars_world/share/mars_world/models/house1/model.sdf\n'}
[0.485016] (mars_world) StdoutLine: {'line': b'-- Up-to-date symlink: /home/shihab/MARS PROJECT/mars_ws/install/mars_world/share/mars_world/models/house2/model.config\n'}
[0.485127] (mars_world) StdoutLine: {'line': b'-- Up-to-date symlink: /home/shihab/MARS PROJECT/mars_ws/install/mars_world/share/mars_world/models/house2/model.sdf\n'}
[0.485232] (mars_world) StdoutLine: {'line': b'-- Up-to-date symlink: /home/shihab/MARS PROJECT/mars_ws/install/mars_world/share/mars_world/models/house3/model.config\n'}
[0.485343] (mars_world) StdoutLine: {'line': b'-- Up-to-date symlink: /home/shihab/MARS PROJECT/mars_ws/install/mars_world/share/mars_world/models/house3/model.sdf\n'}
[0.485453] (mars_world) StdoutLine: {'line': b'-- Up-to-date symlink: /home/shihab/MARS PROJECT/mars_ws/install/mars_world/share/mars_world/models/house4/model.config\n'}
[0.485536] (mars_world) StdoutLine: {'line': b'-- Up-to-date symlink: /home/shihab/MARS PROJECT/mars_ws/install/mars_world/share/mars_world/models/house4/model.sdf\n'}
[0.485665] (mars_world) StdoutLine: {'line': b'-- Up-to-date symlink: /home/shihab/MARS PROJECT/mars_ws/install/mars_world/share/mars_world/models/house5/model.config\n'}
[0.485757] (mars_world) StdoutLine: {'line': b'-- Up-to-date symlink: /home/shihab/MARS PROJECT/mars_ws/install/mars_world/share/mars_world/models/house5/model.sdf\n'}
[0.485880] (mars_world) StdoutLine: {'line': b'-- Up-to-date symlink: /home/shihab/MARS PROJECT/mars_ws/install/mars_world/share/mars_world/models/house6/model.config\n'}
[0.485984] (mars_world) StdoutLine: {'line': b'-- Up-to-date symlink: /home/shihab/MARS PROJECT/mars_ws/install/mars_world/share/mars_world/models/house6/model.sdf\n'}
[0.486106] (mars_world) StdoutLine: {'line': b'-- Up-to-date symlink: /home/shihab/MARS PROJECT/mars_ws/install/mars_world/share/mars_world/models/warehouse/model.config\n'}
[0.486225] (mars_world) StdoutLine: {'line': b'-- Up-to-date symlink: /home/shihab/MARS PROJECT/mars_ws/install/mars_world/share/mars_world/models/warehouse/model.sdf\n'}
[0.486505] (mars_world) StdoutLine: {'line': b'-- Up-to-date symlink: /home/shihab/MARS PROJECT/mars_ws/install/mars_world/share/ament_index/resource_index/package_run_dependencies/mars_world\n'}
[0.486613] (mars_drone_description) StdoutLine: {'line': b'-- Up-to-date symlink: /home/shihab/MARS PROJECT/mars_ws/install/mars_drone_description/share/ament_index/resource_index/packages/mars_drone_description\n'}
[0.486720] (mars_world) StdoutLine: {'line': b'-- Up-to-date symlink: /home/shihab/MARS PROJECT/mars_ws/install/mars_world/share/ament_index/resource_index/parent_prefix_path/mars_world\n'}
[0.486819] (mars_drone_description) StdoutLine: {'line': b'-- Up-to-date symlink: /home/shihab/MARS PROJECT/mars_ws/install/mars_drone_description/share/mars_drone_description/cmake/mars_drone_descriptionConfig.cmake\n'}
[0.486907] (mars_drone_description) StdoutLine: {'line': b'-- Up-to-date symlink: /home/shihab/MARS PROJECT/mars_ws/install/mars_drone_description/share/mars_drone_description/cmake/mars_drone_descriptionConfig-version.cmake\n'}
[0.487005] (mars_world) StdoutLine: {'line': b'-- Up-to-date symlink: /home/shihab/MARS PROJECT/mars_ws/install/mars_world/share/mars_world/environment/ament_prefix_path.sh\n'}
[0.487098] (mars_world) StdoutLine: {'line': b'-- Up-to-date symlink: /home/shihab/MARS PROJECT/mars_ws/install/mars_world/share/mars_world/environment/ament_prefix_path.dsv\n'}
[0.487163] (mars_drone_description) StdoutLine: {'line': b'-- Up-to-date symlink: /home/shihab/MARS PROJECT/mars_ws/install/mars_drone_description/share/mars_drone_description/package.xml\n'}
[0.487226] (mars_world) StdoutLine: {'line': b'-- Up-to-date symlink: /home/shihab/MARS PROJECT/mars_ws/install/mars_world/share/mars_world/environment/path.sh\n'}
[0.487298] (mars_world) StdoutLine: {'line': b'-- Up-to-date symlink: /home/shihab/MARS PROJECT/mars_ws/install/mars_world/share/mars_world/environment/path.dsv\n'}
[0.487682] (mars_world) StdoutLine: {'line': b'-- Up-to-date symlink: /home/shihab/MARS PROJECT/mars_ws/install/mars_world/share/mars_world/local_setup.bash\n'}
[0.487898] (mars_world) StdoutLine: {'line': b'-- Up-to-date symlink: /home/shihab/MARS PROJECT/mars_ws/install/mars_world/share/mars_world/local_setup.sh\n'}
[0.488304] (mars_world) StdoutLine: {'line': b'-- Up-to-date symlink: /home/shihab/MARS PROJECT/mars_ws/install/mars_world/share/mars_world/local_setup.zsh\n'}
[0.488459] (mars_world) StdoutLine: {'line': b'-- Up-to-date symlink: /home/shihab/MARS PROJECT/mars_ws/install/mars_world/share/mars_world/local_setup.dsv\n'}
[0.488585] (mars_world) StdoutLine: {'line': b'-- Symlinking: /home/shihab/MARS PROJECT/mars_ws/install/mars_world/share/mars_world/package.dsv\n'}
[0.488718] (mars_drone_description) CommandEnded: {'returncode': 0}
[0.493415] (mars_world) StdoutLine: {'line': b'-- Up-to-date symlink: /home/shihab/MARS PROJECT/mars_ws/install/mars_world/share/ament_index/resource_index/packages/mars_world\n'}
[0.494171] (mars_world) StdoutLine: {'line': b'-- Up-to-date symlink: /home/shihab/MARS PROJECT/mars_ws/install/mars_world/share/mars_world/cmake/mars_worldConfig.cmake\n'}
[0.494260] (mars_world) StdoutLine: {'line': b'-- Up-to-date symlink: /home/shihab/MARS PROJECT/mars_ws/install/mars_world/share/mars_world/cmake/mars_worldConfig-version.cmake\n'}
[0.494432] (mars_world) StdoutLine: {'line': b'-- Up-to-date symlink: /home/shihab/MARS PROJECT/mars_ws/install/mars_world/share/mars_world/package.xml\n'}
[0.500848] (-) TimerEvent: {}
[0.504274] (mars_drone_description) JobEnded: {'identifier': 'mars_drone_description', 'rc': 0}
[0.506253] (mars_world) CommandEnded: {'returncode': 0}
[0.518144] (mars_world) JobEnded: {'identifier': 'mars_world', 'rc': 0}
[0.600942] (-) TimerEvent: {}
[0.701284] (-) TimerEvent: {}
[0.801638] (-) TimerEvent: {}
[0.809621] (mars_gui) Command: {'cmd': ['/usr/bin/python3', '-W', 'ignore:setup.py install is deprecated', '-W', 'ignore:easy_install command is deprecated', 'setup.py', 'develop', '--editable', '--build-directory', '/home/shihab/MARS PROJECT/mars_ws/build/mars_gui/build', '--no-deps', 'symlink_data'], 'cwd': '/home/shihab/MARS PROJECT/mars_ws/build/mars_gui', 'env': {'USER': 'shihab', 'SHLVL': '1', 'LIBGL_ALWAYS_SOFTWARE': '1', 'LD_LIBRARY_PATH': '/usr/lib/x86_64-linux-gnu/gazebo-11/plugins:/opt/ros/humble/opt/rviz_ogre_vendor/lib:/opt/ros/humble/lib/x86_64-linux-gnu:/opt/ros/humble/lib', 'HOME': '/home/shihab', 'OLDPWD': '/home/shihab/MARS PROJECT', 'GAZEBO_MASTER_URI': 'http://127.0.0.1:11345', 'ROS_PYTHON_VERSION': '3', 'DBUS_SESSION_BUS_ADDRESS': 'unix:path=/run/user/1000/bus', 'ROS_DISTRO': 'humble', 'LOGNAME': 'shihab', '_': '/usr/bin/colcon', 'ROS_VERSION': '2', 'TERM': 'xterm-256color', 'ROS_LOCALHOST_ONLY': '1', 'PATH': '/home/shihab/.local/bin:/usr/local/sbin:/usr/local/bin:/usr/sbin:/usr/bin:/sbin:/bin:/opt/ros/humble/bin:/snap/bin', 'XDG_RUNTIME_DIR': '/run/user/1000', 'DISPLAY': ':0', 'LANG': 'en_US.UTF-8', 'GZ_IP': '127.0.0.1', 'XAUTHORITY': '/run/user/1000/.mutter-Xwaylandauth.7UDEO3', 'GSETTINGS_SCHEMA_DIR': '/usr/share/glib-2.0/schemas', 'ROS_DOMAIN_ID': '42', 'AMENT_PREFIX_PATH': '/opt/ros/humble', 'SHELL': '/bin/bash', 'GAZEBO_IP': '127.0.0.1', 'PWD': '/home/shihab/MARS PROJECT/mars_ws/build/mars_gui', 'QT_QPA_PLATFORM': 'xcb', 'XDG_DATA_DIRS': '/usr/share/gnome:/usr/local/share:/usr/share:/var/lib/snapd/desktop', 'PYTHONPATH': '/home/shihab/MARS PROJECT/mars_ws/build/mars_gui/prefix_override:/usr/lib/python3/dist-packages/colcon_core/task/python/colcon_distutils_commands:/home/shihab/MARS PROJECT/mars_ws/install/mars_gui/lib/python3.10/site-packages:/opt/ros/humble/lib/python3.10/site-packages:/opt/ros/humble/local/lib/python3.10/dist-packages', 'COLCON': '1'}, 'shell': False}
[0.810782] (mars_mission_manager) Command: {'cmd': ['/usr/bin/python3', '-W', 'ignore:setup.py install is deprecated', '-W', 'ignore:easy_install command is deprecated', 'setup.py', 'develop', '--editable', '--build-directory', '/home/shihab/MARS PROJECT/mars_ws/build/mars_mission_manager/build', '--no-deps', 'symlink_data'], 'cwd': '/home/shihab/MARS PROJECT/mars_ws/build/mars_mission_manager', 'env': {'USER': 'shihab', 'SHLVL': '1', 'LIBGL_ALWAYS_SOFTWARE': '1', 'LD_LIBRARY_PATH': '/usr/lib/x86_64-linux-gnu/gazebo-11/plugins:/opt/ros/humble/opt/rviz_ogre_vendor/lib:/opt/ros/humble/lib/x86_64-linux-gnu:/opt/ros/humble/lib', 'HOME': '/home/shihab', 'OLDPWD': '/home/shihab/MARS PROJECT', 'GAZEBO_MASTER_URI': 'http://127.0.0.1:11345', 'ROS_PYTHON_VERSION': '3', 'DBUS_SESSION_BUS_ADDRESS': 'unix:path=/run/user/1000/bus', 'ROS_DISTRO': 'humble', 'LOGNAME': 'shihab', '_': '/usr/bin/colcon', 'ROS_VERSION': '2', 'TERM': 'xterm-256color', 'ROS_LOCALHOST_ONLY': '1', 'PATH': '/home/shihab/.local/bin:/usr/local/sbin:/usr/local/bin:/usr/sbin:/usr/bin:/sbin:/bin:/opt/ros/humble/bin:/snap/bin', 'XDG_RUNTIME_DIR': '/run/user/1000', 'DISPLAY': ':0', 'LANG': 'en_US.UTF-8', 'GZ_IP': '127.0.0.1', 'XAUTHORITY': '/run/user/1000/.mutter-Xwaylandauth.7UDEO3', 'GSETTINGS_SCHEMA_DIR': '/usr/share/glib-2.0/schemas', 'ROS_DOMAIN_ID': '42', 'AMENT_PREFIX_PATH': '/opt/ros/humble', 'SHELL': '/bin/bash', 'GAZEBO_IP': '127.0.0.1', 'PWD': '/home/shihab/MARS PROJECT/mars_ws/build/mars_mission_manager', 'QT_QPA_PLATFORM': 'xcb', 'XDG_DATA_DIRS': '/usr/share/gnome:/usr/local/share:/usr/share:/var/lib/snapd/desktop', 'PYTHONPATH': '/home/shihab/MARS PROJECT/mars_ws/build/mars_mission_manager/prefix_override:/usr/lib/python3/dist-packages/colcon_core/task/python/colcon_distutils_commands:/home/shihab/MARS PROJECT/mars_ws/install/mars_mission_manager/lib/python3.10/site-packages:/opt/ros/humble/lib/python3.10/site-packages:/opt/ros/humble/local/lib/python3.10/dist-packages', 'COLCON': '1'}, 'shell': False}
[0.901744] (-) TimerEvent: {}
[1.002031] (-) TimerEvent: {}
[1.073573] (mars_mission_manager) StdoutLine: {'line': b'running develop\n'}
[1.075905] (mars_gui) StdoutLine: {'line': b'running develop\n'}
[1.102131] (-) TimerEvent: {}
[1.202423] (-) TimerEvent: {}
[1.244266] (mars_mission_manager) StdoutLine: {'line': b'running egg_info\n'}
[1.244593] (mars_mission_manager) StdoutLine: {'line': b'writing mars_mission_manager.egg-info/PKG-INFO\n'}
[1.244771] (mars_mission_manager) StdoutLine: {'line': b'writing dependency_links to mars_mission_manager.egg-info/dependency_links.txt\n'}
[1.244916] (mars_gui) StdoutLine: {'line': b'running egg_info\n'}
[1.245057] (mars_mission_manager) StdoutLine: {'line': b'writing entry points to mars_mission_manager.egg-info/entry_points.txt\n'}
[1.245151] (mars_mission_manager) StdoutLine: {'line': b'writing requirements to mars_mission_manager.egg-info/requires.txt\n'}
[1.245219] (mars_gui) StdoutLine: {'line': b'writing mars_gui.egg-info/PKG-INFO\n'}
[1.245284] (mars_mission_manager) StdoutLine: {'line': b'writing top-level names to mars_mission_manager.egg-info/top_level.txt\n'}
[1.245397] (mars_gui) StdoutLine: {'line': b'writing dependency_links to mars_gui.egg-info/dependency_links.txt\n'}
[1.245488] (mars_gui) StdoutLine: {'line': b'writing entry points to mars_gui.egg-info/entry_points.txt\n'}
[1.245557] (mars_gui) StdoutLine: {'line': b'writing requirements to mars_gui.egg-info/requires.txt\n'}
[1.245617] (mars_gui) StdoutLine: {'line': b'writing top-level names to mars_gui.egg-info/top_level.txt\n'}
[1.247255] (mars_gui) StdoutLine: {'line': b"reading manifest file 'mars_gui.egg-info/SOURCES.txt'\n"}
[1.247463] (mars_mission_manager) StdoutLine: {'line': b"reading manifest file 'mars_mission_manager.egg-info/SOURCES.txt'\n"}
[1.247699] (mars_gui) StdoutLine: {'line': b"writing manifest file 'mars_gui.egg-info/SOURCES.txt'\n"}
[1.247885] (mars_mission_manager) StdoutLine: {'line': b"writing manifest file 'mars_mission_manager.egg-info/SOURCES.txt'\n"}
[1.249045] (mars_gui) StdoutLine: {'line': b'running build_ext\n'}
[1.249229] (mars_gui) StdoutLine: {'line': b'Creating /home/shihab/MARS PROJECT/mars_ws/install/mars_gui/lib/python3.10/site-packages/mars-gui.egg-link (link to .)\n'}
[1.249352] (mars_mission_manager) StdoutLine: {'line': b'running build_ext\n'}
[1.249500] (mars_mission_manager) StdoutLine: {'line': b'Creating /home/shihab/MARS PROJECT/mars_ws/install/mars_mission_manager/lib/python3.10/site-packages/mars-mission-manager.egg-link (link to .)\n'}
[1.249971] (mars_gui) StdoutLine: {'line': b'Installing delivery_gui script to /home/shihab/MARS PROJECT/mars_ws/install/mars_gui/lib/mars_gui\n'}
[1.250250] (mars_gui) StdoutLine: {'line': b'\n'}
[1.250494] (mars_gui) StdoutLine: {'line': b'Installed /home/shihab/MARS PROJECT/mars_ws/build/mars_gui\n'}
[1.250592] (mars_mission_manager) StdoutLine: {'line': b'Installing mission_manager_node script to /home/shihab/MARS PROJECT/mars_ws/install/mars_mission_manager/lib/mars_mission_manager\n'}
[1.250785] (mars_gui) StdoutLine: {'line': b'running symlink_data\n'}
[1.250892] (mars_mission_manager) StdoutLine: {'line': b'\n'}
[1.251018] (mars_mission_manager) StdoutLine: {'line': b'Installed /home/shihab/MARS PROJECT/mars_ws/build/mars_mission_manager\n'}
[1.251058] (mars_mission_manager) StdoutLine: {'line': b'running symlink_data\n'}
[1.285449] (mars_gui) CommandEnded: {'returncode': 0}
[1.290215] (mars_gui) JobEnded: {'identifier': 'mars_gui', 'rc': 0}
[1.290772] (mars_mission_manager) CommandEnded: {'returncode': 0}
[1.294957] (mars_mission_manager) JobEnded: {'identifier': 'mars_mission_manager', 'rc': 0}
[1.295807] (mars_bringup) JobStarted: {'identifier': 'mars_bringup'}
[1.301626] (mars_bringup) JobProgress: {'identifier': 'mars_bringup', 'progress': 'cmake'}
[1.301973] (mars_bringup) JobProgress: {'identifier': 'mars_bringup', 'progress': 'build'}
[1.302100] (mars_bringup) Command: {'cmd': ['/usr/bin/cmake', '--build', '/home/shihab/MARS PROJECT/mars_ws/build/mars_bringup', '--', '-j12', '-l12'], 'cwd': '/home/shihab/MARS PROJECT/mars_ws/build/mars_bringup', 'env': OrderedDict([('USER', 'shihab'), ('SHLVL', '1'), ('LIBGL_ALWAYS_SOFTWARE', '1'), ('LD_LIBRARY_PATH', '/usr/lib/x86_64-linux-gnu/gazebo-11/plugins:/opt/ros/humble/opt/rviz_ogre_vendor/lib:/opt/ros/humble/lib/x86_64-linux-gnu:/opt/ros/humble/lib'), ('HOME', '/home/shihab'), ('OLDPWD', '/home/shihab/MARS PROJECT'), ('GAZEBO_MASTER_URI', 'http://127.0.0.1:11345'), ('ROS_PYTHON_VERSION', '3'), ('DBUS_SESSION_BUS_ADDRESS', 'unix:path=/run/user/1000/bus'), ('ROS_DISTRO', 'humble'), ('LOGNAME', 'shihab'), ('_', '/usr/bin/colcon'), ('ROS_VERSION', '2'), ('TERM', 'xterm-256color'), ('ROS_LOCALHOST_ONLY', '1'), ('PATH', '/home/shihab/.local/bin:/usr/local/sbin:/usr/local/bin:/usr/sbin:/usr/bin:/sbin:/bin:/opt/ros/humble/bin:/snap/bin'), ('XDG_RUNTIME_DIR', '/run/user/1000'), ('DISPLAY', ':0'), ('LANG', 'en_US.UTF-8'), ('GZ_IP', '127.0.0.1'), ('XAUTHORITY', '/run/user/1000/.mutter-Xwaylandauth.7UDEO3'), ('GSETTINGS_SCHEMA_DIR', '/usr/share/glib-2.0/schemas'), ('ROS_DOMAIN_ID', '42'), ('AMENT_PREFIX_PATH', '/home/shihab/MARS PROJECT/mars_ws/install/mars_world:/home/shihab/MARS PROJECT/mars_ws/install/mars_mission_manager:/home/shihab/MARS PROJECT/mars_ws/install/mars_drone_description:/opt/ros/humble'), ('SHELL', '/bin/bash'), ('GAZEBO_IP', '127.0.0.1'), ('PWD', '/home/shihab/MARS PROJECT/mars_ws/build/mars_bringup'), ('QT_QPA_PLATFORM', 'xcb'), ('XDG_DATA_DIRS', '/usr/share/gnome:/usr/local/share:/usr/share:/var/lib/snapd/desktop'), ('PYTHONPATH', '/home/shihab/MARS PROJECT/mars_ws/build/mars_mission_manager:/home/shihab/MARS PROJECT/mars_ws/install/mars_mission_manager/lib/python3.10/site-packages:/opt/ros/humble/lib/python3.10/site-packages:/opt/ros/humble/local/lib/python3.10/dist-packages'), ('COLCON', '1'), ('CMAKE_PREFIX_PATH', '/home/shihab/MARS PROJECT/mars_ws/install/mars_world:/home/shihab/MARS PROJECT/mars_ws/install/mars_drone_description:/opt/ros/humble')]), 'shell': False}
[1.303551] (-) TimerEvent: {}
[1.341225] (mars_bringup) CommandEnded: {'returncode': 0}
[1.342033] (mars_bringup) JobProgress: {'identifier': 'mars_bringup', 'progress': 'install'}
[1.342253] (mars_bringup) Command: {'cmd': ['/usr/bin/cmake', '--install', '/home/shihab/MARS PROJECT/mars_ws/build/mars_bringup'], 'cwd': '/home/shihab/MARS PROJECT/mars_ws/build/mars_bringup', 'env': OrderedDict([('USER', 'shihab'), ('SHLVL', '1'), ('LIBGL_ALWAYS_SOFTWARE', '1'), ('LD_LIBRARY_PATH', '/usr/lib/x86_64-linux-gnu/gazebo-11/plugins:/opt/ros/humble/opt/rviz_ogre_vendor/lib:/opt/ros/humble/lib/x86_64-linux-gnu:/opt/ros/humble/lib'), ('HOME', '/home/shihab'), ('OLDPWD', '/home/shihab/MARS PROJECT'), ('GAZEBO_MASTER_URI', 'http://127.0.0.1:11345'), ('ROS_PYTHON_VERSION', '3'), ('DBUS_SESSION_BUS_ADDRESS', 'unix:path=/run/user/1000/bus'), ('ROS_DISTRO', 'humble'), ('LOGNAME', 'shihab'), ('_', '/usr/bin/colcon'), ('ROS_VERSION', '2'), ('TERM', 'xterm-256color'), ('ROS_LOCALHOST_ONLY', '1'), ('PATH', '/home/shihab/.local/bin:/usr/local/sbin:/usr/local/bin:/usr/sbin:/usr/bin:/sbin:/bin:/opt/ros/humble/bin:/snap/bin'), ('XDG_RUNTIME_DIR', '/run/user/1000'), ('DISPLAY', ':0'), ('LANG', 'en_US.UTF-8'), ('GZ_IP', '127.0.0.1'), ('XAUTHORITY', '/run/user/1000/.mutter-Xwaylandauth.7UDEO3'), ('GSETTINGS_SCHEMA_DIR', '/usr/share/glib-2.0/schemas'), ('ROS_DOMAIN_ID', '42'), ('AMENT_PREFIX_PATH', '/home/shihab/MARS PROJECT/mars_ws/install/mars_world:/home/shihab/MARS PROJECT/mars_ws/install/mars_mission_manager:/home/shihab/MARS PROJECT/mars_ws/install/mars_drone_description:/opt/ros/humble'), ('SHELL', '/bin/bash'), ('GAZEBO_IP', '127.0.0.1'), ('PWD', '/home/shihab/MARS PROJECT/mars_ws/build/mars_bringup'), ('QT_QPA_PLATFORM', 'xcb'), ('XDG_DATA_DIRS', '/usr/share/gnome:/usr/local/share:/usr/share:/var/lib/snapd/desktop'), ('PYTHONPATH', '/home/shihab/MARS PROJECT/mars_ws/build/mars_mission_manager:/home/shihab/MARS PROJECT/mars_ws/install/mars_mission_manager/lib/python3.10/site-packages:/opt/ros/humble/lib/python3.10/site-packages:/opt/ros/humble/local/lib/python3.10/dist-packages'), ('COLCON', '1'), ('CMAKE_PREFIX_PATH', '/home/shihab/MARS PROJECT/mars_ws/install/mars_world:/home/shihab/MARS PROJECT/mars_ws/install/mars_drone_description:/opt/ros/humble')]), 'shell': False}
[1.350382] (mars_bringup) StdoutLine: {'line': b'-- Install configuration: ""\n'}
[1.350663] (mars_bringup) StdoutLine: {'line': b'-- Execute custom install script\n'}
[1.350832] (mars_bringup) StdoutLine: {'line': b'-- Symlinking: /home/shihab/MARS PROJECT/mars_ws/install/mars_bringup/share/mars_bringup/launch/__pycache__/mars_full.launch.cpython-310.pyc\n'}
[1.358555] (mars_bringup) StdoutLine: {'line': b'-- Up-to-date symlink: /home/shihab/MARS PROJECT/mars_ws/install/mars_bringup/share/mars_bringup/launch/mars_full.launch.py\n'}
[1.358730] (mars_bringup) StdoutLine: {'line': b'-- Up-to-date symlink: /home/shihab/MARS PROJECT/mars_ws/install/mars_bringup/share/mars_bringup/rviz/mars_drone.rviz\n'}
[1.358769] (mars_bringup) StdoutLine: {'line': b'-- Up-to-date symlink: /home/shihab/MARS PROJECT/mars_ws/install/mars_bringup/share/ament_index/resource_index/package_run_dependencies/mars_bringup\n'}
[1.358822] (mars_bringup) StdoutLine: {'line': b'-- Up-to-date symlink: /home/shihab/MARS PROJECT/mars_ws/install/mars_bringup/share/ament_index/resource_index/parent_prefix_path/mars_bringup\n'}
[1.358917] (mars_bringup) StdoutLine: {'line': b'-- Up-to-date symlink: /home/shihab/MARS PROJECT/mars_ws/install/mars_bringup/share/mars_bringup/environment/ament_prefix_path.sh\n'}
[1.359010] (mars_bringup) StdoutLine: {'line': b'-- Up-to-date symlink: /home/shihab/MARS PROJECT/mars_ws/install/mars_bringup/share/mars_bringup/environment/ament_prefix_path.dsv\n'}
[1.359104] (mars_bringup) StdoutLine: {'line': b'-- Up-to-date symlink: /home/shihab/MARS PROJECT/mars_ws/install/mars_bringup/share/mars_bringup/environment/path.sh\n'}
[1.359192] (mars_bringup) StdoutLine: {'line': b'-- Up-to-date symlink: /home/shihab/MARS PROJECT/mars_ws/install/mars_bringup/share/mars_bringup/environment/path.dsv\n'}
[1.359281] (mars_bringup) StdoutLine: {'line': b'-- Up-to-date symlink: /home/shihab/MARS PROJECT/mars_ws/install/mars_bringup/share/mars_bringup/local_setup.bash\n'}
[1.359374] (mars_bringup) StdoutLine: {'line': b'-- Up-to-date symlink: /home/shihab/MARS PROJECT/mars_ws/install/mars_bringup/share/mars_bringup/local_setup.sh\n'}
[1.359459] (mars_bringup) StdoutLine: {'line': b'-- Up-to-date symlink: /home/shihab/MARS PROJECT/mars_ws/install/mars_bringup/share/mars_bringup/local_setup.zsh\n'}
[1.359542] (mars_bringup) StdoutLine: {'line': b'-- Up-to-date symlink: /home/shihab/MARS PROJECT/mars_ws/install/mars_bringup/share/mars_bringup/local_setup.dsv\n'}
[1.359612] (mars_bringup) StdoutLine: {'line': b'-- Symlinking: /home/shihab/MARS PROJECT/mars_ws/install/mars_bringup/share/mars_bringup/package.dsv\n'}
[1.365443] (mars_bringup) StdoutLine: {'line': b'-- Up-to-date symlink: /home/shihab/MARS PROJECT/mars_ws/install/mars_bringup/share/ament_index/resource_index/packages/mars_bringup\n'}
[1.365533] (mars_bringup) StdoutLine: {'line': b'-- Up-to-date symlink: /home/shihab/MARS PROJECT/mars_ws/install/mars_bringup/share/mars_bringup/cmake/mars_bringupConfig.cmake\n'}
[1.365583] (mars_bringup) StdoutLine: {'line': b'-- Up-to-date symlink: /home/shihab/MARS PROJECT/mars_ws/install/mars_bringup/share/mars_bringup/cmake/mars_bringupConfig-version.cmake\n'}
[1.365629] (mars_bringup) StdoutLine: {'line': b'-- Up-to-date symlink: /home/shihab/MARS PROJECT/mars_ws/install/mars_bringup/share/mars_bringup/package.xml\n'}
[1.367156] (mars_bringup) CommandEnded: {'returncode': 0}
[1.377154] (mars_bringup) JobEnded: {'identifier': 'mars_bringup', 'rc': 0}
[1.377595] (-) EventReactorShutdown: {}
