[0.000000] (-) TimerEvent: {}
[0.000587] (mars_drone_description) JobQueued: {'identifier': 'mars_drone_description', 'dependencies': OrderedDict()}
[0.000635] (mars_gui) JobQueued: {'identifier': 'mars_gui', 'dependencies': OrderedDict()}
[0.000695] (mars_mission_manager) JobQueued: {'identifier': 'mars_mission_manager', 'dependencies': OrderedDict()}
[0.000773] (mars_world) JobQueued: {'identifier': 'mars_world', 'dependencies': OrderedDict()}
[0.000796] (mars_bringup) JobQueued: {'identifier': 'mars_bringup', 'dependencies': OrderedDict([('mars_drone_description', '/home/shihab/MARS PROJECT/mars_ws/install/mars_drone_description'), ('mars_mission_manager', '/home/shihab/MARS PROJECT/mars_ws/install/mars_mission_manager'), ('mars_world', '/home/shihab/MARS PROJECT/mars_ws/install/mars_world')])}
[0.000832] (mars_drone_description) JobStarted: {'identifier': 'mars_drone_description'}
[0.004654] (mars_mission_manager) JobStarted: {'identifier': 'mars_mission_manager'}
[0.008703] (mars_world) JobStarted: {'identifier': 'mars_world'}
[0.011119] (mars_gui) JobStarted: {'identifier': 'mars_gui'}
[0.015064] (mars_drone_description) JobProgress: {'identifier': 'mars_drone_description', 'progress': 'cmake'}
[0.015467] (mars_drone_description) JobProgress: {'identifier': 'mars_drone_description', 'progress': 'build'}
[0.016000] (mars_drone_description) Command: {'cmd': ['/usr/bin/cmake', '--build', '/home/shihab/MARS PROJECT/mars_ws/build/mars_drone_description', '--', '-j12', '-l12'], 'cwd': '/home/shihab/MARS PROJECT/mars_ws/build/mars_drone_description', 'env': OrderedDict([('USER', 'shihab'), ('SHLVL', '0'), ('LD_LIBRARY_PATH', '/usr/lib/x86_64-linux-gnu/gazebo-11/plugins:/opt/ros/humble/opt/rviz_ogre_vendor/lib:/opt/ros/humble/lib/x86_64-linux-gnu:/opt/ros/humble/lib'), ('HOME', '/home/shihab'), ('OLDPWD', '/home/shihab/MARS PROJECT'), ('GAZEBO_MASTER_URI', 'http://127.0.0.1:11345'), ('ROS_PYTHON_VERSION', '3'), ('DBUS_SESSION_BUS_ADDRESS', 'unix:path=/run/user/1000/bus'), ('ROS_DISTRO', 'humble'), ('LOGNAME', 'shihab'), ('_', '/usr/bin/colcon'), ('ROS_VERSION', '2'), ('TERM', 'xterm-256color'), ('ROS_LOCALHOST_ONLY', '1'), ('PATH', '/home/shihab/.local/bin:/usr/local/sbin:/usr/local/bin:/usr/sbin:/usr/bin:/sbin:/bin:/opt/ros/humble/bin:/snap/bin'), ('XDG_RUNTIME_DIR', '/run/user/1000'), ('DISPLAY', ':0'), ('LANG', 'en_US.UTF-8'), ('GZ_IP', '127.0.0.1'), ('XAUTHORITY', '/run/user/1000/.mutter-Xwaylandauth.7UDEO3'), ('GSETTINGS_SCHEMA_DIR', '/usr/share/glib-2.0/schemas'), ('ROS_DOMAIN_ID', '42'), ('AMENT_PREFIX_PATH', '/opt/ros/humble'), ('SHELL', '/bin/bash'), ('GAZEBO_IP', '127.0.0.1'), ('PWD', '/home/shihab/MARS PROJECT/mars_ws/build/mars_drone_description'), ('QT_QPA_PLATFORM', 'xcb'), ('XDG_DATA_DIRS', '/usr/share/gnome:/usr/local/share:/usr/share:/var/lib/snapd/desktop'), ('PYTHONPATH', '/opt/ros/humble/lib/python3.10/site-packages:/opt/ros/humble/local/lib/python3.10/dist-packages'), ('COLCON', '1'), ('CMAKE_PREFIX_PATH', '/opt/ros/humble')]), 'shell': False}
[0.099857] (-) TimerEvent: {}
[0.167531] (mars_world) JobProgress: {'identifier': 'mars_world', 'progress': 'cmake'}
[0.168241] (mars_world) JobProgress: {'identifier': 'mars_world', 'progress': 'build'}
[0.168275] (mars_world) Command: {'cmd': ['/usr/bin/cmake', '--build', '/home/shihab/MARS PROJECT/mars_ws/build/mars_world', '--', '-j12', '-l12'], 'cwd': '/home/shihab/MARS PROJECT/mars_ws/build/mars_world', 'env': OrderedDict([('USER', 'shihab'), ('SHLVL', '0'), ('LD_LIBRARY_PATH', '/usr/lib/x86_64-linux-gnu/gazebo-11/plugins:/opt/ros/humble/opt/rviz_ogre_vendor/lib:/opt/ros/humble/lib/x86_64-linux-gnu:/opt/ros/humble/lib'), ('HOME', '/home/shihab'), ('OLDPWD', '/home/shihab/MARS PROJECT'), ('GAZEBO_MASTER_URI', 'http://127.0.0.1:11345'), ('ROS_PYTHON_VERSION', '3'), ('DBUS_SESSION_BUS_ADDRESS', 'unix:path=/run/user/1000/bus'), ('ROS_DISTRO', 'humble'), ('LOGNAME', 'shihab'), ('_', '/usr/bin/colcon'), ('ROS_VERSION', '2'), ('TERM', 'xterm-256color'), ('ROS_LOCALHOST_ONLY', '1'), ('PATH', '/home/shihab/.local/bin:/usr/local/sbin:/usr/local/bin:/usr/sbin:/usr/bin:/sbin:/bin:/opt/ros/humble/bin:/snap/bin'), ('XDG_RUNTIME_DIR', '/run/user/1000'), ('DISPLAY', ':0'), ('LANG', 'en_US.UTF-8'), ('GZ_IP', '127.0.0.1'), ('XAUTHORITY', '/run/user/1000/.mutter-Xwaylandauth.7UDEO3'), ('GSETTINGS_SCHEMA_DIR', '/usr/share/glib-2.0/schemas'), ('ROS_DOMAIN_ID', '42'), ('AMENT_PREFIX_PATH', '/opt/ros/humble'), ('SHELL', '/bin/bash'), ('GAZEBO_IP', '127.0.0.1'), ('PWD', '/home/shihab/MARS PROJECT/mars_ws/build/mars_world'), ('QT_QPA_PLATFORM', 'xcb'), ('XDG_DATA_DIRS', '/usr/share/gnome:/usr/local/share:/usr/share:/var/lib/snapd/desktop'), ('PYTHONPATH', '/opt/ros/humble/lib/python3.10/site-packages:/opt/ros/humble/local/lib/python3.10/dist-packages'), ('COLCON', '1'), ('CMAKE_PREFIX_PATH', '/opt/ros/humble')]), 'shell': False}
[0.199954] (-) TimerEvent: {}
[0.300280] (-) TimerEvent: {}
[0.307488] (mars_drone_description) CommandEnded: {'returncode': 0}
[0.307825] (mars_drone_description) JobProgress: {'identifier': 'mars_drone_description', 'progress': 'install'}
[0.315856] (mars_drone_description) Command: {'cmd': ['/usr/bin/cmake', '--install', '/home/shihab/MARS PROJECT/mars_ws/build/mars_drone_description'], 'cwd': '/home/shihab/MARS PROJECT/mars_ws/build/mars_drone_description', 'env': OrderedDict([('USER', 'shihab'), ('SHLVL', '0'), ('LD_LIBRARY_PATH', '/usr/lib/x86_64-linux-gnu/gazebo-11/plugins:/opt/ros/humble/opt/rviz_ogre_vendor/lib:/opt/ros/humble/lib/x86_64-linux-gnu:/opt/ros/humble/lib'), ('HOME', '/home/shihab'), ('OLDPWD', '/home/shihab/MARS PROJECT'), ('GAZEBO_MASTER_URI', 'http://127.0.0.1:11345'), ('ROS_PYTHON_VERSION', '3'), ('DBUS_SESSION_BUS_ADDRESS', 'unix:path=/run/user/1000/bus'), ('ROS_DISTRO', 'humble'), ('LOGNAME', 'shihab'), ('_', '/usr/bin/colcon'), ('ROS_VERSION', '2'), ('TERM', 'xterm-256color'), ('ROS_LOCALHOST_ONLY', '1'), ('PATH', '/home/shihab/.local/bin:/usr/local/sbin:/usr/local/bin:/usr/sbin:/usr/bin:/sbin:/bin:/opt/ros/humble/bin:/snap/bin'), ('XDG_RUNTIME_DIR', '/run/user/1000'), ('DISPLAY', ':0'), ('LANG', 'en_US.UTF-8'), ('GZ_IP', '127.0.0.1'), ('XAUTHORITY', '/run/user/1000/.mutter-Xwaylandauth.7UDEO3'), ('GSETTINGS_SCHEMA_DIR', '/usr/share/glib-2.0/schemas'), ('ROS_DOMAIN_ID', '42'), ('AMENT_PREFIX_PATH', '/opt/ros/humble'), ('SHELL', '/bin/bash'), ('GAZEBO_IP', '127.0.0.1'), ('PWD', '/home/shihab/MARS PROJECT/mars_ws/build/mars_drone_description'), ('QT_QPA_PLATFORM', 'xcb'), ('XDG_DATA_DIRS', '/usr/share/gnome:/usr/local/share:/usr/share:/var/lib/snapd/desktop'), ('PYTHONPATH', '/opt/ros/humble/lib/python3.10/site-packages:/opt/ros/humble/local/lib/python3.10/dist-packages'), ('COLCON', '1'), ('CMAKE_PREFIX_PATH', '/opt/ros/humble')]), 'shell': False}
[0.320194] (mars_world) CommandEnded: {'returncode': 0}
[0.320641] (mars_world) JobProgress: {'identifier': 'mars_world', 'progress': 'install'}
[0.320812] (mars_world) Command: {'cmd': ['/usr/bin/cmake', '--install', '/home/shihab/MARS PROJECT/mars_ws/build/mars_world'], 'cwd': '/home/shihab/MARS PROJECT/mars_ws/build/mars_world', 'env': OrderedDict([('USER', 'shihab'), ('SHLVL', '0'), ('LD_LIBRARY_PATH', '/usr/lib/x86_64-linux-gnu/gazebo-11/plugins:/opt/ros/humble/opt/rviz_ogre_vendor/lib:/opt/ros/humble/lib/x86_64-linux-gnu:/opt/ros/humble/lib'), ('HOME', '/home/shihab'), ('OLDPWD', '/home/shihab/MARS PROJECT'), ('GAZEBO_MASTER_URI', 'http://127.0.0.1:11345'), ('ROS_PYTHON_VERSION', '3'), ('DBUS_SESSION_BUS_ADDRESS', 'unix:path=/run/user/1000/bus'), ('ROS_DISTRO', 'humble'), ('LOGNAME', 'shihab'), ('_', '/usr/bin/colcon'), ('ROS_VERSION', '2'), ('TERM', 'xterm-256color'), ('ROS_LOCALHOST_ONLY', '1'), ('PATH', '/home/shihab/.local/bin:/usr/local/sbin:/usr/local/bin:/usr/sbin:/usr/bin:/sbin:/bin:/opt/ros/humble/bin:/snap/bin'), ('XDG_RUNTIME_DIR', '/run/user/1000'), ('DISPLAY', ':0'), ('LANG', 'en_US.UTF-8'), ('GZ_IP', '127.0.0.1'), ('XAUTHORITY', '/run/user/1000/.mutter-Xwaylandauth.7UDEO3'), ('GSETTINGS_SCHEMA_DIR', '/usr/share/glib-2.0/schemas'), ('ROS_DOMAIN_ID', '42'), ('AMENT_PREFIX_PATH', '/opt/ros/humble'), ('SHELL', '/bin/bash'), ('GAZEBO_IP', '127.0.0.1'), ('PWD', '/home/shihab/MARS PROJECT/mars_ws/build/mars_world'), ('QT_QPA_PLATFORM', 'xcb'), ('XDG_DATA_DIRS', '/usr/share/gnome:/usr/local/share:/usr/share:/var/lib/snapd/desktop'), ('PYTHONPATH', '/opt/ros/humble/lib/python3.10/site-packages:/opt/ros/humble/local/lib/python3.10/dist-packages'), ('COLCON', '1'), ('CMAKE_PREFIX_PATH', '/opt/ros/humble')]), 'shell': False}
[0.321690] (mars_drone_description) StdoutLine: {'line': b'-- Install configuration: ""\n'}
[0.322191] (mars_drone_description) StdoutLine: {'line': b'-- Execute custom install script\n'}
[0.322622] (mars_drone_description) StdoutLine: {'line': b'-- Up-to-date symlink: /home/shihab/MARS PROJECT/mars_ws/install/mars_drone_description/share/mars_drone_description/urdf/drone.urdf.xacro\n'}
[0.322846] (mars_drone_description) StdoutLine: {'line': b'-- Up-to-date symlink: /home/shihab/MARS PROJECT/mars_ws/install/mars_drone_description/share/mars_drone_description/launch/__pycache__/display.launch.cpython-310.pyc\n'}
[0.322938] (mars_drone_description) StdoutLine: {'line': b'-- Up-to-date symlink: /home/shihab/MARS PROJECT/mars_ws/install/mars_drone_description/share/mars_drone_description/launch/display.launch.py\n'}
[0.323021] (mars_drone_description) StdoutLine: {'line': b'-- Up-to-date symlink: /home/shihab/MARS PROJECT/mars_ws/install/mars_drone_description/share/ament_index/resource_index/package_run_dependencies/mars_drone_description\n'}
[0.323107] (mars_drone_description) StdoutLine: {'line': b'-- Up-to-date symlink: /home/shihab/MARS PROJECT/mars_ws/install/mars_drone_description/share/ament_index/resource_index/parent_prefix_path/mars_drone_description\n'}
[0.323222] (mars_drone_description) StdoutLine: {'line': b'-- Up-to-date symlink: /home/shihab/MARS PROJECT/mars_ws/install/mars_drone_description/share/mars_drone_description/environment/ament_prefix_path.sh\n'}
[0.323363] (mars_drone_description) StdoutLine: {'line': b'-- Up-to-date symlink: /home/shihab/MARS PROJECT/mars_ws/install/mars_drone_description/share/mars_drone_description/environment/ament_prefix_path.dsv\n'}
[0.323479] (mars_drone_description) StdoutLine: {'line': b'-- Up-to-date symlink: /home/shihab/MARS PROJECT/mars_ws/install/mars_drone_description/share/mars_drone_description/environment/path.sh\n'}
[0.323580] (mars_drone_description) StdoutLine: {'line': b'-- Up-to-date symlink: /home/shihab/MARS PROJECT/mars_ws/install/mars_drone_description/share/mars_drone_description/environment/path.dsv\n'}
[0.323683] (mars_drone_description) StdoutLine: {'line': b'-- Up-to-date symlink: /home/shihab/MARS PROJECT/mars_ws/install/mars_drone_description/share/mars_drone_description/local_setup.bash\n'}
[0.323850] (mars_drone_description) StdoutLine: {'line': b'-- Up-to-date symlink: /home/shihab/MARS PROJECT/mars_ws/install/mars_drone_description/share/mars_drone_description/local_setup.sh\n'}
[0.323963] (mars_drone_description) StdoutLine: {'line': b'-- Up-to-date symlink: /home/shihab/MARS PROJECT/mars_ws/install/mars_drone_description/share/mars_drone_description/local_setup.zsh\n'}
[0.324055] (mars_drone_description) StdoutLine: {'line': b'-- Up-to-date symlink: /home/shihab/MARS PROJECT/mars_ws/install/mars_drone_description/share/mars_drone_description/local_setup.dsv\n'}
[0.324152] (mars_drone_description) StdoutLine: {'line': b'-- Symlinking: /home/shihab/MARS PROJECT/mars_ws/install/mars_drone_description/share/mars_drone_description/package.dsv\n'}
[0.330346] (mars_world) StdoutLine: {'line': b'-- Install configuration: ""\n'}
[0.330582] (mars_drone_description) StdoutLine: {'line': b'-- Up-to-date symlink: /home/shihab/MARS PROJECT/mars_ws/install/mars_drone_description/share/ament_index/resource_index/packages/mars_drone_description\n'}
[0.330688] (mars_drone_description) StdoutLine: {'line': b'-- Up-to-date symlink: /home/shihab/MARS PROJECT/mars_ws/install/mars_drone_description/share/mars_drone_description/cmake/mars_drone_descriptionConfig.cmake\n'}
[0.330758] (mars_drone_description) StdoutLine: {'line': b'-- Up-to-date symlink: /home/shihab/MARS PROJECT/mars_ws/install/mars_drone_description/share/mars_drone_description/cmake/mars_drone_descriptionConfig-version.cmake\n'}
[0.330834] (mars_drone_description) StdoutLine: {'line': b'-- Up-to-date symlink: /home/shihab/MARS PROJECT/mars_ws/install/mars_drone_description/share/mars_drone_description/package.xml\n'}
[0.330930] (mars_world) StdoutLine: {'line': b'-- Execute custom install script\n'}
[0.331302] (mars_world) StdoutLine: {'line': b'-- Up-to-date symlink: /home/shihab/MARS PROJECT/mars_ws/install/mars_world/share/mars_world/worlds/mars_delivery.world\n'}
[0.331734] (mars_world) StdoutLine: {'line': b'-- Up-to-date symlink: /home/shihab/MARS PROJECT/mars_ws/install/mars_world/share/mars_world/models/house1/model.config\n'}
[0.331924] (mars_world) StdoutLine: {'line': b'-- Up-to-date symlink: /home/shihab/MARS PROJECT/mars_ws/install/mars_world/share/mars_world/models/house1/model.sdf\n'}
[0.332674] (mars_world) StdoutLine: {'line': b'-- Up-to-date symlink: /home/shihab/MARS PROJECT/mars_ws/install/mars_world/share/mars_world/models/house2/model.config\n'}
[0.332868] (mars_world) StdoutLine: {'line': b'-- Up-to-date symlink: /home/shihab/MARS PROJECT/mars_ws/install/mars_world/share/mars_world/models/house2/model.sdf\n'}
[0.333005] (mars_world) StdoutLine: {'line': b'-- Up-to-date symlink: /home/shihab/MARS PROJECT/mars_ws/install/mars_world/share/mars_world/models/house3/model.config\n'}
[0.333280] (mars_world) StdoutLine: {'line': b'-- Up-to-date symlink: /home/shihab/MARS PROJECT/mars_ws/install/mars_world/share/mars_world/models/house3/model.sdf\n'}
[0.333519] (mars_world) StdoutLine: {'line': b'-- Up-to-date symlink: /home/shihab/MARS PROJECT/mars_ws/install/mars_world/share/mars_world/models/house4/model.config\n'}
[0.333668] (mars_world) StdoutLine: {'line': b'-- Up-to-date symlink: /home/shihab/MARS PROJECT/mars_ws/install/mars_world/share/mars_world/models/house4/model.sdf\n'}
[0.333768] (mars_drone_description) CommandEnded: {'returncode': 0}
[0.334099] (mars_world) StdoutLine: {'line': b'-- Up-to-date symlink: /home/shihab/MARS PROJECT/mars_ws/install/mars_world/share/mars_world/models/house5/model.config\n'}
[0.334213] (mars_world) StdoutLine: {'line': b'-- Up-to-date symlink: /home/shihab/MARS PROJECT/mars_ws/install/mars_world/share/mars_world/models/house5/model.sdf\n'}
[0.334353] (mars_world) StdoutLine: {'line': b'-- Up-to-date symlink: /home/shihab/MARS PROJECT/mars_ws/install/mars_world/share/mars_world/models/house6/model.config\n'}
[0.334559] (mars_world) StdoutLine: {'line': b'-- Up-to-date symlink: /home/shihab/MARS PROJECT/mars_ws/install/mars_world/share/mars_world/models/house6/model.sdf\n'}
[0.334713] (mars_world) StdoutLine: {'line': b'-- Up-to-date symlink: /home/shihab/MARS PROJECT/mars_ws/install/mars_world/share/mars_world/models/warehouse/model.config\n'}
[0.334823] (mars_world) StdoutLine: {'line': b'-- Up-to-date symlink: /home/shihab/MARS PROJECT/mars_ws/install/mars_world/share/mars_world/models/warehouse/model.sdf\n'}
[0.335067] (mars_world) StdoutLine: {'line': b'-- Up-to-date symlink: /home/shihab/MARS PROJECT/mars_ws/install/mars_world/share/ament_index/resource_index/package_run_dependencies/mars_world\n'}
[0.335216] (mars_world) StdoutLine: {'line': b'-- Up-to-date symlink: /home/shihab/MARS PROJECT/mars_ws/install/mars_world/share/ament_index/resource_index/parent_prefix_path/mars_world\n'}
[0.335398] (mars_world) StdoutLine: {'line': b'-- Up-to-date symlink: /home/shihab/MARS PROJECT/mars_ws/install/mars_world/share/mars_world/environment/ament_prefix_path.sh\n'}
[0.335496] (mars_world) StdoutLine: {'line': b'-- Up-to-date symlink: /home/shihab/MARS PROJECT/mars_ws/install/mars_world/share/mars_world/environment/ament_prefix_path.dsv\n'}
[0.335640] (mars_world) StdoutLine: {'line': b'-- Up-to-date symlink: /home/shihab/MARS PROJECT/mars_ws/install/mars_world/share/mars_world/environment/path.sh\n'}
[0.335743] (mars_world) StdoutLine: {'line': b'-- Up-to-date symlink: /home/shihab/MARS PROJECT/mars_ws/install/mars_world/share/mars_world/environment/path.dsv\n'}
[0.335822] (mars_world) StdoutLine: {'line': b'-- Up-to-date symlink: /home/shihab/MARS PROJECT/mars_ws/install/mars_world/share/mars_world/local_setup.bash\n'}
[0.336005] (mars_world) StdoutLine: {'line': b'-- Up-to-date symlink: /home/shihab/MARS PROJECT/mars_ws/install/mars_world/share/mars_world/local_setup.sh\n'}
[0.336063] (mars_world) StdoutLine: {'line': b'-- Up-to-date symlink: /home/shihab/MARS PROJECT/mars_ws/install/mars_world/share/mars_world/local_setup.zsh\n'}
[0.336114] (mars_world) StdoutLine: {'line': b'-- Up-to-date symlink: /home/shihab/MARS PROJECT/mars_ws/install/mars_world/share/mars_world/local_setup.dsv\n'}
[0.336163] (mars_world) StdoutLine: {'line': b'-- Symlinking: /home/shihab/MARS PROJECT/mars_ws/install/mars_world/share/mars_world/package.dsv\n'}
[0.340209] (mars_world) StdoutLine: {'line': b'-- Up-to-date symlink: /home/shihab/MARS PROJECT/mars_ws/install/mars_world/share/ament_index/resource_index/packages/mars_world\n'}
[0.340402] (mars_world) StdoutLine: {'line': b'-- Up-to-date symlink: /home/shihab/MARS PROJECT/mars_ws/install/mars_world/share/mars_world/cmake/mars_worldConfig.cmake\n'}
[0.340787] (mars_world) StdoutLine: {'line': b'-- Up-to-date symlink: /home/shihab/MARS PROJECT/mars_ws/install/mars_world/share/mars_world/cmake/mars_worldConfig-version.cmake\n'}
[0.341279] (mars_world) StdoutLine: {'line': b'-- Up-to-date symlink: /home/shihab/MARS PROJECT/mars_ws/install/mars_world/share/mars_world/package.xml\n'}
[0.349311] (mars_drone_description) JobEnded: {'identifier': 'mars_drone_description', 'rc': 0}
[0.350357] (mars_world) CommandEnded: {'returncode': 0}
[0.359149] (mars_world) JobEnded: {'identifier': 'mars_world', 'rc': 0}
[0.400477] (-) TimerEvent: {}
[0.500802] (-) TimerEvent: {}
[0.601052] (-) TimerEvent: {}
[0.616884] (mars_mission_manager) Command: {'cmd': ['/usr/bin/python3', '-W', 'ignore:setup.py install is deprecated', '-W', 'ignore:easy_install command is deprecated', 'setup.py', 'develop', '--editable', '--build-directory', '/home/shihab/MARS PROJECT/mars_ws/build/mars_mission_manager/build', '--no-deps', 'symlink_data'], 'cwd': '/home/shihab/MARS PROJECT/mars_ws/build/mars_mission_manager', 'env': {'USER': 'shihab', 'SHLVL': '0', 'LD_LIBRARY_PATH': '/usr/lib/x86_64-linux-gnu/gazebo-11/plugins:/opt/ros/humble/opt/rviz_ogre_vendor/lib:/opt/ros/humble/lib/x86_64-linux-gnu:/opt/ros/humble/lib', 'HOME': '/home/shihab', 'OLDPWD': '/home/shihab/MARS PROJECT', 'GAZEBO_MASTER_URI': 'http://127.0.0.1:11345', 'ROS_PYTHON_VERSION': '3', 'DBUS_SESSION_BUS_ADDRESS': 'unix:path=/run/user/1000/bus', 'ROS_DISTRO': 'humble', 'LOGNAME': 'shihab', '_': '/usr/bin/colcon', 'ROS_VERSION': '2', 'TERM': 'xterm-256color', 'ROS_LOCALHOST_ONLY': '1', 'PATH': '/home/shihab/.local/bin:/usr/local/sbin:/usr/local/bin:/usr/sbin:/usr/bin:/sbin:/bin:/opt/ros/humble/bin:/snap/bin', 'XDG_RUNTIME_DIR': '/run/user/1000', 'DISPLAY': ':0', 'LANG': 'en_US.UTF-8', 'GZ_IP': '127.0.0.1', 'XAUTHORITY': '/run/user/1000/.mutter-Xwaylandauth.7UDEO3', 'GSETTINGS_SCHEMA_DIR': '/usr/share/glib-2.0/schemas', 'ROS_DOMAIN_ID': '42', 'AMENT_PREFIX_PATH': '/opt/ros/humble', 'SHELL': '/bin/bash', 'GAZEBO_IP': '127.0.0.1', 'PWD': '/home/shihab/MARS PROJECT/mars_ws/build/mars_mission_manager', 'QT_QPA_PLATFORM': 'xcb', 'XDG_DATA_DIRS': '/usr/share/gnome:/usr/local/share:/usr/share:/var/lib/snapd/desktop', 'PYTHONPATH': '/home/shihab/MARS PROJECT/mars_ws/build/mars_mission_manager/prefix_override:/usr/lib/python3/dist-packages/colcon_core/task/python/colcon_distutils_commands:/home/shihab/MARS PROJECT/mars_ws/install/mars_mission_manager/lib/python3.10/site-packages:/opt/ros/humble/lib/python3.10/site-packages:/opt/ros/humble/local/lib/python3.10/dist-packages', 'COLCON': '1'}, 'shell': False}
[0.634443] (mars_gui) Command: {'cmd': ['/usr/bin/python3', '-W', 'ignore:setup.py install is deprecated', '-W', 'ignore:easy_install command is deprecated', 'setup.py', 'develop', '--editable', '--build-directory', '/home/shihab/MARS PROJECT/mars_ws/build/mars_gui/build', '--no-deps', 'symlink_data'], 'cwd': '/home/shihab/MARS PROJECT/mars_ws/build/mars_gui', 'env': {'USER': 'shihab', 'SHLVL': '0', 'LD_LIBRARY_PATH': '/usr/lib/x86_64-linux-gnu/gazebo-11/plugins:/opt/ros/humble/opt/rviz_ogre_vendor/lib:/opt/ros/humble/lib/x86_64-linux-gnu:/opt/ros/humble/lib', 'HOME': '/home/shihab', 'OLDPWD': '/home/shihab/MARS PROJECT', 'GAZEBO_MASTER_URI': 'http://127.0.0.1:11345', 'ROS_PYTHON_VERSION': '3', 'DBUS_SESSION_BUS_ADDRESS': 'unix:path=/run/user/1000/bus', 'ROS_DISTRO': 'humble', 'LOGNAME': 'shihab', '_': '/usr/bin/colcon', 'ROS_VERSION': '2', 'TERM': 'xterm-256color', 'ROS_LOCALHOST_ONLY': '1', 'PATH': '/home/shihab/.local/bin:/usr/local/sbin:/usr/local/bin:/usr/sbin:/usr/bin:/sbin:/bin:/opt/ros/humble/bin:/snap/bin', 'XDG_RUNTIME_DIR': '/run/user/1000', 'DISPLAY': ':0', 'LANG': 'en_US.UTF-8', 'GZ_IP': '127.0.0.1', 'XAUTHORITY': '/run/user/1000/.mutter-Xwaylandauth.7UDEO3', 'GSETTINGS_SCHEMA_DIR': '/usr/share/glib-2.0/schemas', 'ROS_DOMAIN_ID': '42', 'AMENT_PREFIX_PATH': '/opt/ros/humble', 'SHELL': '/bin/bash', 'GAZEBO_IP': '127.0.0.1', 'PWD': '/home/shihab/MARS PROJECT/mars_ws/build/mars_gui', 'QT_QPA_PLATFORM': 'xcb', 'XDG_DATA_DIRS': '/usr/share/gnome:/usr/local/share:/usr/share:/var/lib/snapd/desktop', 'PYTHONPATH': '/home/shihab/MARS PROJECT/mars_ws/build/mars_gui/prefix_override:/usr/lib/python3/dist-packages/colcon_core/task/python/colcon_distutils_commands:/home/shihab/MARS PROJECT/mars_ws/install/mars_gui/lib/python3.10/site-packages:/opt/ros/humble/lib/python3.10/site-packages:/opt/ros/humble/local/lib/python3.10/dist-packages', 'COLCON': '1'}, 'shell': False}
[0.701243] (-) TimerEvent: {}
[0.724743] (mars_mission_manager) StderrLine: {'line': b"/home/shihab/.local/lib/python3.10/site-packages/setuptools/_distutils/dist.py:287: UserWarning: Unknown distribution option: 'tests_require'\n"}
[0.724912] (mars_mission_manager) StderrLine: {'line': b'  warnings.warn(msg)\n'}
[0.744223] (mars_gui) StderrLine: {'line': b"/home/shihab/.local/lib/python3.10/site-packages/setuptools/_distutils/dist.py:287: UserWarning: Unknown distribution option: 'tests_require'\n"}
[0.744422] (mars_gui) StderrLine: {'line': b'  warnings.warn(msg)\n'}
[0.756380] (mars_mission_manager) StderrLine: {'line': b'usage: setup.py [global_opts] cmd1 [cmd1_opts] [cmd2 [cmd2_opts] ...]\n'}
[0.756568] (mars_mission_manager) StderrLine: {'line': b'   or: setup.py --help [cmd1 cmd2 ...]\n'}
[0.756648] (mars_mission_manager) StderrLine: {'line': b'   or: setup.py --help-commands\n'}
[0.756721] (mars_mission_manager) StderrLine: {'line': b'   or: setup.py cmd --help\n'}
[0.756795] (mars_mission_manager) StderrLine: {'line': b'\n'}
[0.756864] (mars_mission_manager) StderrLine: {'line': b'error: option --editable not recognized\n'}
[0.772128] (mars_mission_manager) CommandEnded: {'returncode': 1}
[0.772467] (mars_mission_manager) JobEnded: {'identifier': 'mars_mission_manager', 'rc': 1}
[0.777550] (mars_gui) StderrLine: {'line': b'usage: setup.py [global_opts] cmd1 [cmd1_opts] [cmd2 [cmd2_opts] ...]\n'}
[0.777648] (mars_gui) StderrLine: {'line': b'   or: setup.py --help [cmd1 cmd2 ...]\n'}
[0.777693] (mars_gui) StderrLine: {'line': b'   or: setup.py --help-commands\n'}
[0.777727] (mars_gui) StderrLine: {'line': b'   or: setup.py cmd --help\n'}
[0.777755] (mars_gui) StderrLine: {'line': b'\n'}
[0.777782] (mars_gui) StderrLine: {'line': b'error: option --editable not recognized\n'}
[0.793350] (mars_gui) JobEnded: {'identifier': 'mars_gui', 'rc': 'SIGINT'}
[0.801363] (-) TimerEvent: {}
[0.803746] (mars_bringup) JobSkipped: {'identifier': 'mars_bringup'}
[0.803826] (-) EventReactorShutdown: {}
